#
# A fatal error has been detected by the Java Runtime Environment:
#
#  EXCEPTION_ACCESS_VIOLATION (0xc0000005) at pc=0x00007ffd2a000886, pid=9620, tid=4516
#
# JRE version: Java(TM) SE Runtime Environment (20.0.2+9) (build 20.0.2+9-78)
# Java VM: Java HotSpot(TM) 64-Bit Server VM (20.0.2+9-78, mixed mode, sharing, tiered, compressed oops, compressed class ptrs, g1 gc, windows-amd64)
# Problematic frame:
# V  [jvm.dll+0x140886]
#
# No core dump will be written. Minidumps are not enabled by default on client versions of Windows
#
# If you would like to submit a bug report, please visit:
#   https://bugreport.java.com/bugreport/crash.jsp
#

---------------  S U M M A R Y ------------

Command Line: -XX:+ShowCodeDetailsInExceptionMessages -agentlib:jdwp=transport=dt_socket,suspend=y,address=localhost:61481 -ea -ea -javaagent:C:\Users\riki\Documents\Workspace-24\Tools\IDEs\eclipse-jee-2023-12R\configuration\org.eclipse.osgi\432\0\.cp\lib\javaagent-shaded.jar -Dfile.encoding=utf-8 -Dstdout.encoding=utf-8 -Dstderr.encoding=utf-8 acme.Launcher --platform testing --launcher tester#recorder

Host: Apple Silicon, 8 cores, 15G,  Windows 11 , 64 bit Build 22621 (10.0.22621.2506)
Time: Mon May 27 13:29:13 2024 Hora de verano romance elapsed time: 39.666008 seconds (0d 0h 0m 39s)

---------------  T H R E A D  ---------------

Current thread (0x000001f5fb26f7e0):  WorkerThread "G1 Conc#1" [stack: 0x0000009075d00000,0x0000009075e00000] [id=4516]

Stack: [0x0000009075d00000,0x0000009075e00000],  sp=0x0000009075dff628,  free space=1021k
Native frames: (J=compiled Java code, j=interpreted, Vv=VM code, C=native code)
V  [jvm.dll+0x140886]


siginfo: EXCEPTION_ACCESS_VIOLATION (0xc0000005), reading address 0x000001f615b2666f


Registers:
RAX=0x0000000000000000, RBX=0x0000000704093401, RCX=0x0000000700650468, RDX=0x0000000700650468
RSP=0x0000009075dff628, RBP=0x0000000000000000, RSI=0x000001f5abfc1340, RDI=0x0000000700650468
R8 =0x000001f615b26667, R9 =0x0000000000000003, R10=0x000001f594afa5e0, R11=0x0000000000000003
R12=0x0000000000000000, R13=0x00007ffd2aa04d38, R14=0x000001f5b44a30b0, R15=0x0000000704093450
RIP=0x00007ffd2a000886, EFLAGS=0x0000000000000202


Register to memory mapping:

RIP=0x00007ffd2a000886 jvm.dll
RAX=0x0 is NULL
RBX=0x0000000704093401 points into unknown readable memory: 74 50 61 74 68 00 00
RCX=0x0000000700650468 is pointing into object: [B 
{0x000000070064e220} - klass: {type array byte}
 - length: 110411
RDX=0x0000000700650468 is pointing into object: [B 
{0x000000070064e220} - klass: {type array byte}
 - length: 110411
RSP=0x0000009075dff628 points into unknown readable memory: 0x00007ffd2a1dcf0a | 0a cf 1d 2a fd 7f 00 00
RBP=0x0 is NULL
RSI=0x000001f5abfc1340 points into unknown readable memory: 0x000001f5abfc19c0 | c0 19 fc ab f5 01 00 00
RDI=0x0000000700650468 is pointing into object: [B 
{0x000000070064e220} - klass: {type array byte}
 - length: 110411
R8 =0x000001f615b26667 is an unknown value
R9 =0x0000000000000003 is an unknown value
R10=0x000001f594afa5e0 points into unknown readable memory: 0x00007ffd2a83f3e8 | e8 f3 83 2a fd 7f 00 00
R11=0x0000000000000003 is an unknown value
R12=0x0 is NULL
R13=0x00007ffd2aa04d38 jvm.dll
R14={method} {0x000001f5b44a30b8} 'internalMemberName' '()Ljava/lang/invoke/MemberName;' in 'java/lang/invoke/DirectMethodHandle'
R15=0x0000000704093450 is an oop: java.lang.invoke.DirectMethodHandle 
{0x0000000704093450} - klass: 'java/lang/invoke/DirectMethodHandle'
 - ---- fields (total size 5 words):
 - private 'customizationCount' 'B' @12  0 (0x00)
 - private volatile 'updateInProgress' 'Z' @13  false (0x00)
 - private final 'type' 'Ljava/lang/invoke/MethodType;' @16  a 'java/lang/invoke/MethodType'{0x00000007040928d8} = (Lacme/client/testing/Oracle;)Ljava/lang/String; (0xe081251b)
 - final 'form' 'Ljava/lang/invoke/LambdaForm;' @20  
[error occurred during error reporting (printing register info), id 0xc0000005, EXCEPTION_ACCESS_VIOLATION (0xc0000005) at pc=0x00007ffd2a5682f0]
Top of Stack: (sp=0x0000009075dff628)
0x0000009075dff628:   00007ffd2a1dcf0a 0000000000000000
0x0000009075dff638:   00007ffd2a1dce76 0000009075dff6c0
0x0000009075dff648:   00007ffd2a1f2ed7 0000000704093474
0x0000009075dff658:   00007ffd2a1f2797 0000000704093464
0x0000009075dff668:   0000009075dff6c0 000001f5b44a30a8
0x0000009075dff678:   000001f5abfc1340 0000009073fff610
0x0000009075dff688:   0000000704200000 0000000704093450
0x0000009075dff698:   00007ffd2a1f9a64 0000000000000005
0x0000009075dff6a8:   000001f5b44a2d20 000001f5abfc1340
0x0000009075dff6b8:   0000000704054950 00007ffd2a840e60
0x0000009075dff6c8:   0000000000000000 0000000000000003
0x0000009075dff6d8:   000001f594afa5e0 000001f5abfc1340
0x0000009075dff6e8:   0000000000000000 000001f5fc6901e8
0x0000009075dff6f8:   0000000000000000 0000000000000068
0x0000009075dff708:   0000000000000038 000001f5fb26f7e0
0x0000009075dff718:   00007ffd2a736b17 000001f594b016d8
0x0000009075dff728:   0000000000000000 000001f5fb6de5b0
0x0000009075dff738:   000001f594b016d8 0000000000000000
0x0000009075dff748:   000001f5fb26f7e0 000001f5fd40ac30
0x0000009075dff758:   0000000000100000 0000000000000000
0x0000009075dff768:   00007ffd2a6b5c76 000001f5fb26f7e0
0x0000009075dff778:   0000000000000000 0000000000000000
0x0000009075dff788:   0000009075dff840 0000000000000000
0x0000009075dff798:   0000000000000000 0000000000000000
0x0000009075dff7a8:   0000000000000000 0000000000000000
0x0000009075dff7b8:   0000000000000000 0000000000000000
0x0000009075dff7c8:   0000000000000000 0000000000000000
0x0000009075dff7d8:   0000000000000000 0000000000000000
0x0000009075dff7e8:   00007ffd2a57aecb 000001f5fb440000
0x0000009075dff7f8:   000001f5fb26f7e0 00000000000075a3
0x0000009075dff808:   000001f5fb26f7e0 0000000000000000
0x0000009075dff818:   00007ffd6b5e0ccc 00000090000075a3 

Instructions: (pc=0x00007ffd2a000886)
0x00007ffd2a000786:   4c 63 c0 41 8b c1 48 c1 f8 10 48 63 14 19 41 8b
0x00007ffd2a000796:   c9 83 e1 3f 48 d3 e2 0f b6 c8 49 8d 04 10 49 f7
0x00007ffd2a0007a6:   d0 48 03 c8 49 c1 e8 03 48 c1 e9 03 49 23 c8 eb
0x00007ffd2a0007b6:   12 49 8b 00 48 8b d3 49 8b c8 ff 90 00 01 00 00
0x00007ffd2a0007c6:   48 8b c8 48 89 1f 48 8b c7 48 8b 5c 24 30 48 89
0x00007ffd2a0007d6:   4f 08 48 83 c4 20 5f c3 cc cc 0f b6 05 84 10 a7
0x00007ffd2a0007e6:   00 48 8b d1 84 c0 74 16 44 8b 41 08 8b 0d f0 37
0x00007ffd2a0007f6:   a0 00 49 d3 e0 4c 03 05 de 37 a0 00 eb 04 4c 8b
0x00007ffd2a000806:   41 08 45 8b 48 08 45 85 c9 7e 0e 41 f6 c1 01 75
0x00007ffd2a000816:   53 41 c1 f9 03 49 63 c1 c3 79 49 84 c0 41 b8 0c
0x00007ffd2a000826:   00 00 00 8b 05 69 49 a0 00 b9 10 00 00 00 41 0f
0x00007ffd2a000836:   45 c8 ff c8 4c 63 c0 41 8b c1 48 c1 f8 10 0f b6
0x00007ffd2a000846:   c0 48 63 14 11 41 8b c9 83 e1 3f 48 d3 e2 49 8d
0x00007ffd2a000856:   0c 10 49 f7 d0 48 03 c1 49 c1 e8 03 48 c1 e8 03
0x00007ffd2a000866:   49 23 c0 c3 49 8b 00 49 8b c8 48 ff a0 00 01 00
0x00007ffd2a000876:   00 cc cc cc cc cc cc cc cc cc 4c 8b c2 48 8b d1
0x00007ffd2a000886:   45 8b 48 08 45 85 c9 7e 0e 41 f6 c1 01 75 56 41
0x00007ffd2a000896:   c1 f9 03 49 63 c1 c3 79 4c 80 3d c5 0f a7 00 00
0x00007ffd2a0008a6:   b8 0c 00 00 00 b9 10 00 00 00 0f 45 c8 8b 05 df
0x00007ffd2a0008b6:   48 a0 00 ff c8 4c 63 c0 41 8b c1 48 c1 f8 10 48
0x00007ffd2a0008c6:   63 14 11 41 8b c9 83 e1 3f 0f b6 c0 48 d3 e2 49
0x00007ffd2a0008d6:   8d 0c 10 49 f7 d0 48 03 c1 49 c1 e8 03 48 c1 e8
0x00007ffd2a0008e6:   03 49 23 c0 c3 49 8b 00 49 8b c8 48 ff a0 00 01
0x00007ffd2a0008f6:   00 00 cc cc cc cc cc cc cc cc 40 53 48 83 ec 20
0x00007ffd2a000906:   48 8b d9 49 8b c0 33 c9 45 0f b6 c1 48 89 0b 48
0x00007ffd2a000916:   89 4b 08 48 8b cb 48 89 53 10 48 8b d0 e8 88 09
0x00007ffd2a000926:   00 00 48 8b c3 48 83 c4 20 5b c3 cc cc cc cc cc
0x00007ffd2a000936:   cc cc cc cc cc cc cc cc cc cc 40 53 48 83 ec 20
0x00007ffd2a000946:   33 c0 44 88 41 10 45 0f b6 c1 48 89 01 48 89 41
0x00007ffd2a000956:   08 48 8b d9 e8 61 0a 00 00 48 8b c3 48 83 c4 20
0x00007ffd2a000966:   5b c3 cc cc cc cc cc cc cc cc 40 53 48 83 ec 20
0x00007ffd2a000976:   33 c0 48 8b d9 48 89 01 48 89 41 08 e8 e9 0b 00 


Stack slot to memory mapping:
stack at sp + 0 slots: 0x00007ffd2a1dcf0a jvm.dll
stack at sp + 1 slots: 0x0 is NULL
stack at sp + 2 slots: 0x00007ffd2a1dce76 jvm.dll
stack at sp + 3 slots: 0x0000009075dff6c0 points into unknown readable memory: 0x00007ffd2a840e60 | 60 0e 84 2a fd 7f 00 00
stack at sp + 4 slots: 0x00007ffd2a1f2ed7 jvm.dll
stack at sp + 5 slots: 0x0000000704093474 points into unknown readable memory: 00 00 00 00
stack at sp + 6 slots: 0x00007ffd2a1f2797 jvm.dll
stack at sp + 7 slots: 0x0000000704093464 points into unknown readable memory: 8d a0 0c e0


---------------  P R O C E S S  ---------------

Threads class SMR info:
_java_thread_list=0x000001f581cfe350, length=25, elements={
0x000001f5ac134910, 0x000001f5ac135710, 0x000001f5ac137c00, 0x000001f5ac13acc0,
0x000001f5ac13f740, 0x000001f5ac140080, 0x000001f5ac141050, 0x000001f5ac146460,
0x000001f5f55500f0, 0x000001f5f5746510, 0x000001f5fa25e910, 0x000001f5f57530b0,
0x000001f5facce0e0, 0x000001f5fcd29700, 0x000001f5fcd8f3b0, 0x000001f5fddf58c0,
0x000001f5fddf8de0, 0x000001f5fddf6e00, 0x000001f5fddf3390, 0x000001f5fddf4e20,
0x000001f5fcd91390, 0x000001f5fcd8ee60, 0x000001f5fddf4380, 0x000001f5fc7e94c0,
0x000001f5f5523450
}

Java Threads: ( => current thread )
  0x000001f5ac134910 JavaThread "Reference Handler" daemon [_thread_blocked, id=7180, stack(0x0000009074400000,0x0000009074500000)]
  0x000001f5ac135710 JavaThread "Finalizer" daemon [_thread_blocked, id=4440, stack(0x0000009074500000,0x0000009074600000)]
  0x000001f5ac137c00 JavaThread "Signal Dispatcher" daemon [_thread_blocked, id=8724, stack(0x0000009074600000,0x0000009074700000)]
  0x000001f5ac13acc0 JavaThread "Attach Listener" daemon [_thread_blocked, id=1752, stack(0x0000009074700000,0x0000009074800000)]
  0x000001f5ac13f740 JavaThread "Service Thread" daemon [_thread_blocked, id=2400, stack(0x0000009074800000,0x0000009074900000)]
  0x000001f5ac140080 JavaThread "Monitor Deflation Thread" daemon [_thread_blocked, id=4812, stack(0x0000009074900000,0x0000009074a00000)]
  0x000001f5ac141050 JavaThread "C2 CompilerThread0" daemon [_thread_blocked, id=8564, stack(0x0000009074a00000,0x0000009074b00000)]
  0x000001f5ac146460 JavaThread "C1 CompilerThread0" daemon [_thread_blocked, id=1644, stack(0x0000009074b00000,0x0000009074c00000)]
  0x000001f5f55500f0 JavaThread "Common-Cleaner" daemon [_thread_blocked, id=3324, stack(0x0000009074c00000,0x0000009074d00000)]
  0x000001f5f5746510 JavaThread "JDWP Transport Listener: dt_socket" daemon [_thread_blocked, id=4536, stack(0x0000009074d00000,0x0000009074e00000)]
  0x000001f5fa25e910 JavaThread "JDWP Event Helper Thread" daemon [_thread_blocked, id=8368, stack(0x0000009074e00000,0x0000009074f00000)]
  0x000001f5f57530b0 JavaThread "JDWP Command Reader" daemon [_thread_in_native, id=1696, stack(0x0000009074f00000,0x0000009075000000)]
  0x000001f5facce0e0 JavaThread "Notification Thread" daemon [_thread_blocked, id=1816, stack(0x0000009075100000,0x0000009075200000)]
  0x000001f5fcd29700 JavaThread "logback-1" daemon [_thread_in_vm, id=8024, stack(0x0000009075b00000,0x0000009075c00000)]
  0x000001f5fcd8f3b0 JavaThread "Catalina-utility-1" [_thread_blocked, id=1900, stack(0x0000009075c00000,0x0000009075d00000)]
  0x000001f5fddf58c0 JavaThread "Catalina-utility-2" [_thread_blocked, id=6592, stack(0x0000009075e00000,0x0000009075f00000)]
  0x000001f5fddf8de0 JavaThread "container-0" [_thread_blocked, id=1080, stack(0x0000009075f00000,0x0000009076000000)]
  0x000001f5fddf6e00 JavaThread "HikariPool-1 housekeeper" daemon [_thread_blocked, id=2772, stack(0x0000009076100000,0x0000009076200000)]
  0x000001f5fddf3390 JavaThread "Java2D Disposer" daemon [_thread_blocked, id=5664, stack(0x0000009076200000,0x0000009076300000)]
  0x000001f5fddf4e20 JavaThread "AWT-Windows" daemon [_thread_in_native, id=10032, stack(0x0000009076400000,0x0000009076500000)]
  0x000001f5fcd91390 JavaThread "http-nio-8082-exec-1" daemon [_thread_in_Java, id=5160, stack(0x0000009075a00000,0x0000009075b00000)]
  0x000001f5fcd8ee60 JavaThread "http-nio-8082-Poller" daemon [_thread_in_native, id=1612, stack(0x0000009076300000,0x0000009076400000)]
  0x000001f5fddf4380 JavaThread "http-nio-8082-Acceptor" daemon [_thread_in_native, id=5900, stack(0x0000009076500000,0x0000009076600000)]
  0x000001f5fc7e94c0 JavaThread "DestroyJavaVM" [_thread_blocked, id=908, stack(0x0000009073d00000,0x0000009073e00000)]
  0x000001f5f5523450 JavaThread "C2 CompilerThread1" daemon [_thread_blocked, id=5980, stack(0x0000009075000000,0x0000009075100000)]

Other Threads:
  0x000001f5ac113140 VMThread "VM Thread" [stack: 0x0000009074300000,0x0000009074400000] [id=3320]
  0x000001f5fac1be40 WatcherThread "VM Periodic Task Thread" [stack: 0x0000009075200000,0x0000009075300000] [id=9372]
  0x000001f594b11a20 WorkerThread "GC Thread#0" [stack: 0x0000009073e00000,0x0000009073f00000] [id=8744]
  0x000001f5fae88940 WorkerThread "GC Thread#1" [stack: 0x0000009075300000,0x0000009075400000] [id=4256]
  0x000001f5fae88c10 WorkerThread "GC Thread#2" [stack: 0x0000009075400000,0x0000009075500000] [id=9400]
  0x000001f5fabf0040 WorkerThread "GC Thread#3" [stack: 0x0000009075500000,0x0000009075600000] [id=4444]
  0x000001f5fb04bc10 WorkerThread "GC Thread#4" [stack: 0x0000009075600000,0x0000009075700000] [id=5152]
  0x000001f5fb04bee0 WorkerThread "GC Thread#5" [stack: 0x0000009075700000,0x0000009075800000] [id=7312]
  0x000001f5fb04c970 WorkerThread "GC Thread#6" [stack: 0x0000009075800000,0x0000009075900000] [id=1560]
  0x000001f5fb26fab0 WorkerThread "GC Thread#7" [stack: 0x0000009075900000,0x0000009075a00000] [id=5720]
  0x000001f5abfc19c0 ConcurrentGCThread "G1 Main Marker" [stack: 0x0000009073f00000,0x0000009074000000] [id=5184]
  0x000001f5abfc24a0 WorkerThread "G1 Conc#0" [stack: 0x0000009074000000,0x0000009074100000] [id=4556]
=>0x000001f5fb26f7e0 WorkerThread "G1 Conc#1" [stack: 0x0000009075d00000,0x0000009075e00000] [id=4516]
  0x000001f594b2eb50 ConcurrentGCThread "G1 Refine#0" [stack: 0x0000009074100000,0x0000009074200000] [id=8352]
  0x000001f5ac04ab70 ConcurrentGCThread "G1 Service" [stack: 0x0000009074200000,0x0000009074300000] [id=10088]

Threads with active compile tasks:

VM state: not at safepoint (normal execution)

VM Mutex/Monitor currently owned by a thread: None

Heap address: 0x0000000700000000, size: 4096 MB, Compressed Oops mode: Zero based, Oop shift amount: 3

CDS archive(s) mapped at: [0x000001f5b4400000-0x000001f5b5060000-0x000001f5b5060000), size 12976128, SharedBaseAddress: 0x000001f5b4400000, ArchiveRelocationMode: 1.
Compressed class space mapped at: 0x000001f5b5400000-0x000001f5f5400000, reserved size: 1073741824
Narrow klass base: 0x000001f5b4400000, Narrow klass shift: 0, Narrow klass range: 0x100000000

GC Precious Log:
 CardTable entry size: 512
 Card Set container configuration: InlinePtr #cards 4 size 8 Array Of Cards #cards 16 size 48 Howl #buckets 8 coarsen threshold 3686 Howl Bitmap #cards 512 size 80 coarsen threshold 460 Card regions per heap region 1 cards per card region 4096
 CPUs: 8 total, 8 available
 Memory: 16378M
 Large Page Support: Disabled
 NUMA Support: Disabled
 Compressed Oops: Enabled (Zero based)
 Heap Region Size: 2M
 Heap Min Capacity: 8M
 Heap Initial Capacity: 256M
 Heap Max Capacity: 4G
 Pre-touch: Disabled
 Parallel Workers: 8
 Concurrent Workers: 2
 Concurrent Refinement Workers: 8
 Periodic GC: Disabled

Heap:
 garbage-first heap   total 141312K, used 52305K [0x0000000700000000, 0x0000000800000000)
  region size 2048K, 4 young (8192K), 3 survivors (6144K)
 Metaspace       used 91567K, committed 92352K, reserved 1179648K
  class space    used 10696K, committed 11072K, reserved 1048576K

Heap Regions: E=young(eden), S=young(survivor), O=old, HS=humongous(starts), HC=humongous(continues), CS=collection set, F=free, OA=open archive, CA=closed archive, TAMS=top-at-mark-start, PB=parsable bottom
|   0|0x0000000700000000, 0x0000000700200000, 0x0000000700200000|100%| O|  |TAMS 0x0000000700200000| PB 0x0000000700000000| Untracked 
|   1|0x0000000700200000, 0x0000000700400000, 0x0000000700400000|100%| O|  |TAMS 0x0000000700400000| PB 0x0000000700200000| Untracked 
|   2|0x0000000700400000, 0x0000000700600000, 0x0000000700600000|100%| O|  |TAMS 0x0000000700600000| PB 0x0000000700400000| Untracked 
|   3|0x0000000700600000, 0x0000000700800000, 0x0000000700800000|100%| O|  |TAMS 0x0000000700800000| PB 0x0000000700600000| Untracked 
|   4|0x0000000700800000, 0x0000000700800000, 0x0000000700a00000|  0%| F|  |TAMS 0x0000000700800000| PB 0x0000000700800000| Untracked 
|   5|0x0000000700a00000, 0x0000000700c00000, 0x0000000700c00000|100%| O|  |TAMS 0x0000000700c00000| PB 0x0000000700a00000| Untracked 
|   6|0x0000000700c00000, 0x0000000700e00000, 0x0000000700e00000|100%| O|  |TAMS 0x0000000700e00000| PB 0x0000000700c00000| Untracked 
|   7|0x0000000700e00000, 0x0000000701000000, 0x0000000701000000|100%| O|  |TAMS 0x0000000701000000| PB 0x0000000700e00000| Untracked 
|   8|0x0000000701000000, 0x0000000701200000, 0x0000000701200000|100%| O|  |TAMS 0x0000000701200000| PB 0x0000000701000000| Untracked 
|   9|0x0000000701200000, 0x0000000701400000, 0x0000000701400000|100%| O|  |TAMS 0x0000000701400000| PB 0x0000000701200000| Untracked 
|  10|0x0000000701400000, 0x0000000701600000, 0x0000000701600000|100%| O|  |TAMS 0x0000000701600000| PB 0x0000000701400000| Untracked 
|  11|0x0000000701600000, 0x0000000701800000, 0x0000000701800000|100%| O|  |TAMS 0x0000000701800000| PB 0x0000000701600000| Untracked 
|  12|0x0000000701800000, 0x0000000701a00000, 0x0000000701a00000|100%| O|  |TAMS 0x0000000701a00000| PB 0x0000000701800000| Untracked 
|  13|0x0000000701a00000, 0x0000000701c00000, 0x0000000701c00000|100%| O|  |TAMS 0x0000000701c00000| PB 0x0000000701a00000| Untracked 
|  14|0x0000000701c00000, 0x0000000701e00000, 0x0000000701e00000|100%| O|  |TAMS 0x0000000701e00000| PB 0x0000000701c00000| Untracked 
|  15|0x0000000701e00000, 0x0000000702000000, 0x0000000702000000|100%| O|  |TAMS 0x0000000702000000| PB 0x0000000701e00000| Untracked 
|  16|0x0000000702000000, 0x0000000702200000, 0x0000000702200000|100%| O|  |TAMS 0x0000000702200000| PB 0x0000000702000000| Untracked 
|  17|0x0000000702200000, 0x0000000702400000, 0x0000000702400000|100%| O|  |TAMS 0x0000000702400000| PB 0x0000000702200000| Untracked 
|  18|0x0000000702400000, 0x0000000702600000, 0x0000000702600000|100%| O|  |TAMS 0x0000000702600000| PB 0x0000000702400000| Untracked 
|  19|0x0000000702600000, 0x0000000702800000, 0x0000000702800000|100%| O|  |TAMS 0x0000000702800000| PB 0x0000000702600000| Untracked 
|  20|0x0000000702800000, 0x0000000702a00000, 0x0000000702a00000|100%| O|  |TAMS 0x0000000702a00000| PB 0x0000000702800000| Untracked 
|  21|0x0000000702a00000, 0x0000000702c00000, 0x0000000702c00000|100%| O|  |TAMS 0x0000000702c00000| PB 0x0000000702a00000| Untracked 
|  22|0x0000000702c00000, 0x0000000702e00000, 0x0000000702e00000|100%| O|  |TAMS 0x0000000702e00000| PB 0x0000000702c00000| Untracked 
|  23|0x0000000702e00000, 0x0000000703000000, 0x0000000703000000|100%| O|  |TAMS 0x0000000703000000| PB 0x0000000702e00000| Untracked 
|  24|0x0000000703000000, 0x00000007030a4a00, 0x0000000703200000| 32%| O|  |TAMS 0x00000007030a4a00| PB 0x0000000703000000| Untracked 
|  25|0x0000000703200000, 0x0000000703200000, 0x0000000703400000|  0%| F|  |TAMS 0x0000000703200000| PB 0x0000000703200000| Untracked 
|  26|0x0000000703400000, 0x0000000703400000, 0x0000000703600000|  0%| F|  |TAMS 0x0000000703400000| PB 0x0000000703400000| Untracked 
|  27|0x0000000703600000, 0x0000000703600000, 0x0000000703800000|  0%| F|  |TAMS 0x0000000703600000| PB 0x0000000703600000| Untracked 
|  28|0x0000000703800000, 0x0000000703800000, 0x0000000703a00000|  0%| F|  |TAMS 0x0000000703800000| PB 0x0000000703800000| Untracked 
|  29|0x0000000703a00000, 0x0000000703a00000, 0x0000000703c00000|  0%| F|  |TAMS 0x0000000703a00000| PB 0x0000000703a00000| Untracked 
|  30|0x0000000703c00000, 0x0000000703c6fb00, 0x0000000703e00000| 21%| S|CS|TAMS 0x0000000703c00000| PB 0x0000000703c00000| Complete 
|  31|0x0000000703e00000, 0x0000000704000000, 0x0000000704000000|100%| S|CS|TAMS 0x0000000703e00000| PB 0x0000000703e00000| Complete 
|  32|0x0000000704000000, 0x0000000704200000, 0x0000000704200000|100%| S|CS|TAMS 0x0000000704000000| PB 0x0000000704000000| Complete 
|  33|0x0000000704200000, 0x0000000704200000, 0x0000000704400000|  0%| F|  |TAMS 0x0000000704200000| PB 0x0000000704200000| Untracked 
|  34|0x0000000704400000, 0x0000000704400000, 0x0000000704600000|  0%| F|  |TAMS 0x0000000704400000| PB 0x0000000704400000| Untracked 
|  35|0x0000000704600000, 0x0000000704600000, 0x0000000704800000|  0%| F|  |TAMS 0x0000000704600000| PB 0x0000000704600000| Untracked 
|  36|0x0000000704800000, 0x0000000704800000, 0x0000000704a00000|  0%| F|  |TAMS 0x0000000704800000| PB 0x0000000704800000| Untracked 
|  37|0x0000000704a00000, 0x0000000704a00000, 0x0000000704c00000|  0%| F|  |TAMS 0x0000000704a00000| PB 0x0000000704a00000| Untracked 
|  38|0x0000000704c00000, 0x0000000704c00000, 0x0000000704e00000|  0%| F|  |TAMS 0x0000000704c00000| PB 0x0000000704c00000| Untracked 
|  39|0x0000000704e00000, 0x0000000704e00000, 0x0000000705000000|  0%| F|  |TAMS 0x0000000704e00000| PB 0x0000000704e00000| Untracked 
|  40|0x0000000705000000, 0x0000000705000000, 0x0000000705200000|  0%| F|  |TAMS 0x0000000705000000| PB 0x0000000705000000| Untracked 
|  41|0x0000000705200000, 0x0000000705200000, 0x0000000705400000|  0%| F|  |TAMS 0x0000000705200000| PB 0x0000000705200000| Untracked 
|  42|0x0000000705400000, 0x0000000705400000, 0x0000000705600000|  0%| F|  |TAMS 0x0000000705400000| PB 0x0000000705400000| Untracked 
|  43|0x0000000705600000, 0x0000000705600000, 0x0000000705800000|  0%| F|  |TAMS 0x0000000705600000| PB 0x0000000705600000| Untracked 
|  44|0x0000000705800000, 0x0000000705800000, 0x0000000705a00000|  0%| F|  |TAMS 0x0000000705800000| PB 0x0000000705800000| Untracked 
|  45|0x0000000705a00000, 0x0000000705a00000, 0x0000000705c00000|  0%| F|  |TAMS 0x0000000705a00000| PB 0x0000000705a00000| Untracked 
|  46|0x0000000705c00000, 0x0000000705c00000, 0x0000000705e00000|  0%| F|  |TAMS 0x0000000705c00000| PB 0x0000000705c00000| Untracked 
|  47|0x0000000705e00000, 0x0000000705e00000, 0x0000000706000000|  0%| F|  |TAMS 0x0000000705e00000| PB 0x0000000705e00000| Untracked 
|  48|0x0000000706000000, 0x0000000706000000, 0x0000000706200000|  0%| F|  |TAMS 0x0000000706000000| PB 0x0000000706000000| Untracked 
|  49|0x0000000706200000, 0x0000000706200000, 0x0000000706400000|  0%| F|  |TAMS 0x0000000706200000| PB 0x0000000706200000| Untracked 
|  50|0x0000000706400000, 0x0000000706400000, 0x0000000706600000|  0%| F|  |TAMS 0x0000000706400000| PB 0x0000000706400000| Untracked 
|  51|0x0000000706600000, 0x0000000706600000, 0x0000000706800000|  0%| F|  |TAMS 0x0000000706600000| PB 0x0000000706600000| Untracked 
|  52|0x0000000706800000, 0x0000000706800000, 0x0000000706a00000|  0%| F|  |TAMS 0x0000000706800000| PB 0x0000000706800000| Untracked 
|  53|0x0000000706a00000, 0x0000000706a00000, 0x0000000706c00000|  0%| F|  |TAMS 0x0000000706a00000| PB 0x0000000706a00000| Untracked 
|  54|0x0000000706c00000, 0x0000000706c00000, 0x0000000706e00000|  0%| F|  |TAMS 0x0000000706c00000| PB 0x0000000706c00000| Untracked 
|  55|0x0000000706e00000, 0x0000000706e00000, 0x0000000707000000|  0%| F|  |TAMS 0x0000000706e00000| PB 0x0000000706e00000| Untracked 
|  56|0x0000000707000000, 0x0000000707000000, 0x0000000707200000|  0%| F|  |TAMS 0x0000000707000000| PB 0x0000000707000000| Untracked 
|  57|0x0000000707200000, 0x0000000707200000, 0x0000000707400000|  0%| F|  |TAMS 0x0000000707200000| PB 0x0000000707200000| Untracked 
|  58|0x0000000707400000, 0x0000000707400000, 0x0000000707600000|  0%| F|  |TAMS 0x0000000707400000| PB 0x0000000707400000| Untracked 
|  59|0x0000000707600000, 0x0000000707600000, 0x0000000707800000|  0%| F|  |TAMS 0x0000000707600000| PB 0x0000000707600000| Untracked 
|  60|0x0000000707800000, 0x0000000707800000, 0x0000000707a00000|  0%| F|  |TAMS 0x0000000707800000| PB 0x0000000707800000| Untracked 
|  61|0x0000000707a00000, 0x0000000707a00000, 0x0000000707c00000|  0%| F|  |TAMS 0x0000000707a00000| PB 0x0000000707a00000| Untracked 
|  62|0x0000000707c00000, 0x0000000707c00000, 0x0000000707e00000|  0%| F|  |TAMS 0x0000000707c00000| PB 0x0000000707c00000| Untracked 
|  63|0x0000000707e00000, 0x0000000707e00000, 0x0000000708000000|  0%| F|  |TAMS 0x0000000707e00000| PB 0x0000000707e00000| Untracked 
|  74|0x0000000709400000, 0x0000000709400000, 0x0000000709600000|  0%| F|  |TAMS 0x0000000709400000| PB 0x0000000709400000| Untracked 
|  79|0x0000000709e00000, 0x0000000709e00000, 0x000000070a000000|  0%| F|  |TAMS 0x0000000709e00000| PB 0x0000000709e00000| Untracked 
|  80|0x000000070a000000, 0x000000070a000000, 0x000000070a200000|  0%| F|  |TAMS 0x000000070a000000| PB 0x000000070a000000| Untracked 
|  81|0x000000070a200000, 0x000000070a200000, 0x000000070a400000|  0%| F|  |TAMS 0x000000070a200000| PB 0x000000070a200000| Untracked 
| 127|0x000000070fe00000, 0x000000070ff914c0, 0x0000000710000000| 78%| E|  |TAMS 0x000000070fe00000| PB 0x000000070fe00000| Complete 

Card table byte_map: [0x000001f5ac980000,0x000001f5ad180000] _byte_map_base: 0x000001f5a9180000

Marking Bits: (CMBitMap*) 0x000001f5abfc1350
 Bits: [0x000001f5ad980000, 0x000001f5b1980000)

Polling page: 0x000001f594230000

Metaspace:

Usage:
  Non-class:     78.98 MB used.
      Class:     10.45 MB used.
       Both:     89.42 MB used.

Virtual space:
  Non-class space:      128.00 MB reserved,      79.38 MB ( 62%) committed,  2 nodes.
      Class space:        1.00 GB reserved,      10.81 MB (  1%) committed,  1 nodes.
             Both:        1.12 GB reserved,      90.19 MB (  8%) committed. 

Chunk freelists:
   Non-Class:  228.00 KB
       Class:  1.22 MB
        Both:  1.45 MB

MaxMetaspaceSize: unlimited
CompressedClassSpaceSize: 1.00 GB
Initial GC threshold: 21.00 MB
Current GC threshold: 142.00 MB
CDS: on
MetaspaceReclaimPolicy: balanced
 - commit_granule_bytes: 65536.
 - commit_granule_words: 8192.
 - virtual_space_node_default_size: 8388608.
 - enlarge_chunks_in_place: 1.
 - new_chunks_are_fully_committed: 0.
 - uncommit_free_chunks: 1.
 - use_allocation_guard: 0.


Internal statistics:

num_allocs_failed_limit: 9.
num_arena_births: 1088.
num_arena_deaths: 0.
num_vsnodes_births: 3.
num_vsnodes_deaths: 0.
num_space_committed: 1443.
num_space_uncommitted: 0.
num_chunks_returned_to_freelist: 9.
num_chunks_taken_from_freelist: 4213.
num_chunk_merges: 9.
num_chunk_splits: 3047.
num_chunks_enlarged: 2418.
num_inconsistent_stats: 0.

CodeHeap 'non-profiled nmethods': size=120000Kb used=11124Kb max_used=11124Kb free=108875Kb
 bounds [0x000001f5a4610000, 0x000001f5a50f0000, 0x000001f5abb40000]
CodeHeap 'profiled nmethods': size=120000Kb used=29740Kb max_used=29740Kb free=90259Kb
 bounds [0x000001f59cb40000, 0x000001f59e850000, 0x000001f5a4070000]
CodeHeap 'non-nmethods': size=5760Kb used=1935Kb max_used=2013Kb free=3824Kb
 bounds [0x000001f5a4070000, 0x000001f5a42e0000, 0x000001f5a4610000]
 total_blobs=13395 nmethods=12578 adapters=725
 compilation: enabled
              stopped_count=0, restarted_count=0
 full_count=0

Compilation events (20 events):
Event: 39.596 Thread 0x000001f5ac146460 nmethod 15115 0x000001f59e846a10 code [0x000001f59e846ba0, 0x000001f59e846d58]
Event: 39.596 Thread 0x000001f5ac146460 15116       3       org.apache.jasper.compiler.JspUtil::getReader (11 bytes)
Event: 39.596 Thread 0x000001f5ac146460 nmethod 15116 0x000001f59e846e90 code [0x000001f59e847020, 0x000001f59e847170]
Event: 39.596 Thread 0x000001f5ac146460 15105       3       com.sun.xml.internal.stream.XMLEntityStorage::reset (28 bytes)
Event: 39.596 Thread 0x000001f5ac146460 nmethod 15105 0x000001f59e847210 code [0x000001f59e8473c0, 0x000001f59e847778]
Event: 39.596 Thread 0x000001f5ac146460 15106       3       com.sun.org.apache.xerces.internal.impl.XMLEntityScanner::reset (31 bytes)
Event: 39.597 Thread 0x000001f5ac146460 nmethod 15106 0x000001f59e847890 code [0x000001f59e847a60, 0x000001f59e847ee8]
Event: 39.597 Thread 0x000001f5ac146460 15107       3       com.sun.org.apache.xerces.internal.impl.XMLNSDocumentScannerImpl::reset (40 bytes)
Event: 39.597 Thread 0x000001f5ac146460 nmethod 15107 0x000001f59e848010 code [0x000001f59e8481c0, 0x000001f59e8485d8]
Event: 39.597 Thread 0x000001f5ac146460 15108       3       com.sun.org.apache.xerces.internal.impl.XMLDocumentScannerImpl::reset (136 bytes)
Event: 39.599 Thread 0x000001f5ac146460 nmethod 15108 0x000001f59e848710 code [0x000001f59e848960, 0x000001f59e8494d8]
Event: 39.599 Thread 0x000001f5ac146460 15109       3       com.sun.org.apache.xerces.internal.impl.XMLDocumentFragmentScannerImpl::reset (220 bytes)
Event: 39.600 Thread 0x000001f5ac146460 nmethod 15109 0x000001f59e849810 code [0x000001f59e849ac0, 0x000001f59e84aa18]
Event: 39.600 Thread 0x000001f5ac146460 15110       3       com.sun.org.apache.xerces.internal.impl.XMLScanner::reset (89 bytes)
Event: 39.601 Thread 0x000001f5ac141050 nmethod 15117 0x000001f5a50ea690 code [0x000001f5a50ea820, 0x000001f5a50eac50]
Event: 39.601 Thread 0x000001f5ac146460 nmethod 15110 0x000001f59e84ae90 code [0x000001f59e84b0c0, 0x000001f59e84b9b8]
Event: 39.601 Thread 0x000001f5ac146460 15111   !   3       com.sun.org.apache.xerces.internal.impl.XMLStreamReaderImpl::setInputSource (113 bytes)
Event: 39.602 Thread 0x000001f5ac146460 nmethod 15111 0x000001f59e84bb90 code [0x000001f59e84be20, 0x000001f59e84c9a8]
Event: 39.602 Thread 0x000001f5ac146460 15112       3       com.sun.org.apache.xerces.internal.impl.XMLEntityManager::startDocumentEntity (12 bytes)
Event: 39.602 Thread 0x000001f5ac146460 nmethod 15112 0x000001f59e84d010 code [0x000001f59e84d1a0, 0x000001f59e84d310]

GC Heap History (20 events):
Event: 25.165 GC heap before
{Heap before GC invocations=31 (full 0):
 garbage-first heap   total 116736K, used 98922K [0x0000000700000000, 0x0000000800000000)
  region size 2048K, 28 young (57344K), 3 survivors (6144K)
 Metaspace       used 76093K, committed 76672K, reserved 1179648K
  class space    used 9454K, committed 9728K, reserved 1048576K
}
Event: 25.171 GC heap after
{Heap after GC invocations=32 (full 0):
 garbage-first heap   total 141312K, used 48113K [0x0000000700000000, 0x0000000800000000)
  region size 2048K, 3 young (6144K), 3 survivors (6144K)
 Metaspace       used 76093K, committed 76672K, reserved 1179648K
  class space    used 9454K, committed 9728K, reserved 1048576K
}
Event: 26.135 GC heap before
{Heap before GC invocations=33 (full 0):
 garbage-first heap   total 141312K, used 123889K [0x0000000700000000, 0x0000000800000000)
  region size 2048K, 40 young (81920K), 3 survivors (6144K)
 Metaspace       used 76196K, committed 76800K, reserved 1179648K
  class space    used 9455K, committed 9728K, reserved 1048576K
}
Event: 26.142 GC heap after
{Heap after GC invocations=34 (full 0):
 garbage-first heap   total 141312K, used 48349K [0x0000000700000000, 0x0000000800000000)
  region size 2048K, 3 young (6144K), 3 survivors (6144K)
 Metaspace       used 76196K, committed 76800K, reserved 1179648K
  class space    used 9455K, committed 9728K, reserved 1048576K
}
Event: 26.868 GC heap before
{Heap before GC invocations=34 (full 0):
 garbage-first heap   total 141312K, used 124125K [0x0000000700000000, 0x0000000800000000)
  region size 2048K, 40 young (81920K), 3 survivors (6144K)
 Metaspace       used 76269K, committed 76864K, reserved 1179648K
  class space    used 9455K, committed 9728K, reserved 1048576K
}
Event: 26.874 GC heap after
{Heap after GC invocations=35 (full 0):
 garbage-first heap   total 141312K, used 47821K [0x0000000700000000, 0x0000000800000000)
  region size 2048K, 3 young (6144K), 3 survivors (6144K)
 Metaspace       used 76269K, committed 76864K, reserved 1179648K
  class space    used 9455K, committed 9728K, reserved 1048576K
}
Event: 28.957 GC heap before
{Heap before GC invocations=35 (full 0):
 garbage-first heap   total 141312K, used 125645K [0x0000000700000000, 0x0000000800000000)
  region size 2048K, 41 young (83968K), 3 survivors (6144K)
 Metaspace       used 77724K, committed 78400K, reserved 1179648K
  class space    used 9612K, committed 9920K, reserved 1048576K
}
Event: 28.965 GC heap after
{Heap after GC invocations=36 (full 0):
 garbage-first heap   total 141312K, used 48660K [0x0000000700000000, 0x0000000800000000)
  region size 2048K, 3 young (6144K), 3 survivors (6144K)
 Metaspace       used 77724K, committed 78400K, reserved 1179648K
  class space    used 9612K, committed 9920K, reserved 1048576K
}
Event: 30.906 GC heap before
{Heap before GC invocations=37 (full 0):
 garbage-first heap   total 141312K, used 126484K [0x0000000700000000, 0x0000000800000000)
  region size 2048K, 41 young (83968K), 3 survivors (6144K)
 Metaspace       used 79028K, committed 79744K, reserved 1179648K
  class space    used 9719K, committed 10048K, reserved 1048576K
}
Event: 30.916 GC heap after
{Heap after GC invocations=38 (full 0):
 garbage-first heap   total 141312K, used 49731K [0x0000000700000000, 0x0000000800000000)
  region size 2048K, 4 young (8192K), 4 survivors (8192K)
 Metaspace       used 79028K, committed 79744K, reserved 1179648K
  class space    used 9719K, committed 10048K, reserved 1048576K
}
Event: 34.317 GC heap before
{Heap before GC invocations=38 (full 0):
 garbage-first heap   total 141312K, used 121411K [0x0000000700000000, 0x0000000800000000)
  region size 2048K, 40 young (81920K), 4 survivors (8192K)
 Metaspace       used 81444K, committed 82112K, reserved 1179648K
  class space    used 9988K, committed 10304K, reserved 1048576K
}
Event: 34.325 GC heap after
{Heap after GC invocations=39 (full 0):
 garbage-first heap   total 141312K, used 49693K [0x0000000700000000, 0x0000000800000000)
  region size 2048K, 3 young (6144K), 3 survivors (6144K)
 Metaspace       used 81444K, committed 82112K, reserved 1179648K
  class space    used 9988K, committed 10304K, reserved 1048576K
}
Event: 35.378 GC heap before
{Heap before GC invocations=39 (full 0):
 garbage-first heap   total 141312K, used 123421K [0x0000000700000000, 0x0000000800000000)
  region size 2048K, 40 young (81920K), 3 survivors (6144K)
 Metaspace       used 86440K, committed 87168K, reserved 1179648K
  class space    used 10378K, committed 10752K, reserved 1048576K
}
Event: 35.386 GC heap after
{Heap after GC invocations=40 (full 0):
 garbage-first heap   total 141312K, used 51924K [0x0000000700000000, 0x0000000800000000)
  region size 2048K, 4 young (8192K), 4 survivors (8192K)
 Metaspace       used 86440K, committed 87168K, reserved 1179648K
  class space    used 10378K, committed 10752K, reserved 1048576K
}
Event: 37.026 GC heap before
{Heap before GC invocations=41 (full 0):
 garbage-first heap   total 141312K, used 123604K [0x0000000700000000, 0x0000000800000000)
  region size 2048K, 39 young (79872K), 4 survivors (8192K)
 Metaspace       used 90494K, committed 91264K, reserved 1179648K
  class space    used 10681K, committed 11072K, reserved 1048576K
}
Event: 37.044 GC heap after
{Heap after GC invocations=42 (full 0):
 garbage-first heap   total 141312K, used 53417K [0x0000000700000000, 0x0000000800000000)
  region size 2048K, 4 young (8192K), 4 survivors (8192K)
 Metaspace       used 90494K, committed 91264K, reserved 1179648K
  class space    used 10681K, committed 11072K, reserved 1048576K
}
Event: 38.649 GC heap before
{Heap before GC invocations=42 (full 0):
 garbage-first heap   total 141312K, used 123049K [0x0000000700000000, 0x0000000800000000)
  region size 2048K, 38 young (77824K), 4 survivors (8192K)
 Metaspace       used 91236K, committed 91968K, reserved 1179648K
  class space    used 10692K, committed 11072K, reserved 1048576K
}
Event: 38.679 GC heap after
{Heap after GC invocations=43 (full 0):
 garbage-first heap   total 141312K, used 52737K [0x0000000700000000, 0x0000000800000000)
  region size 2048K, 3 young (6144K), 3 survivors (6144K)
 Metaspace       used 91236K, committed 91968K, reserved 1179648K
  class space    used 10692K, committed 11072K, reserved 1048576K
}
Event: 39.610 GC heap before
{Heap before GC invocations=43 (full 0):
 garbage-first heap   total 141312K, used 124417K [0x0000000700000000, 0x0000000800000000)
  region size 2048K, 38 young (77824K), 3 survivors (6144K)
 Metaspace       used 91566K, committed 92352K, reserved 1179648K
  class space    used 10696K, committed 11072K, reserved 1048576K
}
Event: 39.638 GC heap after
{Heap after GC invocations=44 (full 0):
 garbage-first heap   total 141312K, used 52305K [0x0000000700000000, 0x0000000800000000)
  region size 2048K, 3 young (6144K), 3 survivors (6144K)
 Metaspace       used 91566K, committed 92352K, reserved 1179648K
  class space    used 10696K, committed 11072K, reserved 1048576K
}

Dll operation events (14 events):
Event: 0.008 Loaded shared library C:\Users\riki\Documents\Workspace-24\Tools\Infrastructure\jdk-20.0.2\bin\java.dll
Event: 0.022 Loaded shared library C:\Users\riki\Documents\Workspace-24\Tools\Infrastructure\jdk-20.0.2\bin\jsvml.dll
Event: 0.239 Loaded shared library C:\Users\riki\Documents\Workspace-24\Tools\Infrastructure\jdk-20.0.2\bin\zip.dll
Event: 0.243 Loaded shared library C:\Users\riki\Documents\Workspace-24\Tools\Infrastructure\jdk-20.0.2\bin\instrument.dll
Event: 0.251 Loaded shared library C:\Users\riki\Documents\Workspace-24\Tools\Infrastructure\jdk-20.0.2\bin\net.dll
Event: 0.252 Loaded shared library C:\Users\riki\Documents\Workspace-24\Tools\Infrastructure\jdk-20.0.2\bin\nio.dll
Event: 0.256 Loaded shared library C:\Users\riki\Documents\Workspace-24\Tools\Infrastructure\jdk-20.0.2\bin\zip.dll
Event: 0.497 Loaded shared library C:\Users\riki\Documents\Workspace-24\Tools\Infrastructure\jdk-20.0.2\bin\jimage.dll
Event: 0.579 Loaded shared library C:\Users\riki\Documents\Workspace-24\Tools\Infrastructure\jdk-20.0.2\bin\verify.dll
Event: 1.923 Loaded shared library C:\Users\riki\Documents\Workspace-24\Tools\Infrastructure\jdk-20.0.2\bin\management.dll
Event: 1.926 Loaded shared library C:\Users\riki\Documents\Workspace-24\Tools\Infrastructure\jdk-20.0.2\bin\management_ext.dll
Event: 2.306 Loaded shared library C:\Users\riki\Documents\Workspace-24\Tools\Infrastructure\jdk-20.0.2\bin\extnet.dll
Event: 9.347 Loaded shared library C:\Users\riki\Documents\Workspace-24\Tools\Infrastructure\jdk-20.0.2\bin\sunmscapi.dll
Event: 20.038 Loaded shared library C:\Users\riki\Documents\Workspace-24\Tools\Infrastructure\jdk-20.0.2\bin\awt.dll

Deoptimization events (20 events):
Event: 39.609 Thread 0x000001f5fcd29700 DEOPT PACKING pc=0x000001f5a4bfb0a4 sp=0x0000009075bfefd0
Event: 39.609 Thread 0x000001f5fcd29700 DEOPT UNPACKING pc=0x000001f5a40da4a3 sp=0x0000009075bfe2f0 mode 1
Event: 39.609 Thread 0x000001f5fcd29700 DEOPT PACKING pc=0x000001f5a4f2b564 sp=0x0000009075bff0c0
Event: 39.609 Thread 0x000001f5fcd29700 DEOPT UNPACKING pc=0x000001f5a40da4a3 sp=0x0000009075bfe368 mode 1
Event: 39.609 Thread 0x000001f5fcd29700 DEOPT PACKING pc=0x000001f5a4bfb0a4 sp=0x0000009075bfefd0
Event: 39.609 Thread 0x000001f5fcd29700 DEOPT UNPACKING pc=0x000001f5a40da4a3 sp=0x0000009075bfe2f0 mode 1
Event: 39.610 Thread 0x000001f5fcd29700 DEOPT PACKING pc=0x000001f5a4f2b564 sp=0x0000009075bff0c0
Event: 39.610 Thread 0x000001f5fcd29700 DEOPT UNPACKING pc=0x000001f5a40da4a3 sp=0x0000009075bfe368 mode 1
Event: 39.610 Thread 0x000001f5fcd29700 DEOPT PACKING pc=0x000001f5a4bfb0a4 sp=0x0000009075bfefd0
Event: 39.610 Thread 0x000001f5fcd29700 DEOPT UNPACKING pc=0x000001f5a40da4a3 sp=0x0000009075bfe2f0 mode 1
Event: 39.610 Thread 0x000001f5fcd29700 DEOPT PACKING pc=0x000001f5a4f2b564 sp=0x0000009075bff0c0
Event: 39.610 Thread 0x000001f5fcd29700 DEOPT UNPACKING pc=0x000001f5a40da4a3 sp=0x0000009075bfe368 mode 1
Event: 39.610 Thread 0x000001f5fcd29700 DEOPT PACKING pc=0x000001f5a4bfb0a4 sp=0x0000009075bfefd0
Event: 39.610 Thread 0x000001f5fcd29700 DEOPT UNPACKING pc=0x000001f5a40da4a3 sp=0x0000009075bfe2f0 mode 1
Event: 39.610 Thread 0x000001f5fcd29700 DEOPT PACKING pc=0x000001f5a4f2b564 sp=0x0000009075bff0c0
Event: 39.610 Thread 0x000001f5fcd29700 DEOPT UNPACKING pc=0x000001f5a40da4a3 sp=0x0000009075bfe368 mode 1
Event: 39.610 Thread 0x000001f5fcd29700 DEOPT PACKING pc=0x000001f5a4bfb0a4 sp=0x0000009075bfefd0
Event: 39.610 Thread 0x000001f5fcd29700 DEOPT UNPACKING pc=0x000001f5a40da4a3 sp=0x0000009075bfe2f0 mode 1
Event: 39.641 Thread 0x000001f5fcd29700 DEOPT PACKING pc=0x000001f5a4f2b564 sp=0x0000009075bff0c0
Event: 39.641 Thread 0x000001f5fcd29700 DEOPT UNPACKING pc=0x000001f5a40da4a3 sp=0x0000009075bfe368 mode 1

Classes loaded (20 events):
Event: 35.563 Loading class java/lang/ExceptionInInitializerError
Event: 35.563 Loading class java/lang/ExceptionInInitializerError done
Event: 35.735 Loading class java/lang/NegativeArraySizeException
Event: 35.735 Loading class java/lang/NegativeArraySizeException done
Event: 35.761 Loading class java/net/URLClassLoader$2
Event: 35.761 Loading class java/net/URLClassLoader$2 done
Event: 35.887 Loading class java/util/stream/ReferencePipeline$4
Event: 35.887 Loading class java/util/stream/ReferencePipeline$4 done
Event: 35.892 Loading class java/util/stream/Nodes$IntFixedNodeBuilder
Event: 35.892 Loading class java/util/stream/Node$Builder$OfInt
Event: 35.893 Loading class java/util/stream/Node$Builder$OfInt done
Event: 35.893 Loading class java/util/stream/Nodes$IntArrayNode
Event: 35.893 Loading class java/util/stream/Nodes$IntArrayNode done
Event: 35.893 Loading class java/util/stream/Nodes$IntFixedNodeBuilder done
Event: 35.893 Loading class java/util/stream/ReferencePipeline$4$1
Event: 35.893 Loading class java/util/stream/ReferencePipeline$4$1 done
Event: 36.329 Loading class java/util/Hashtable$ValueCollection
Event: 36.329 Loading class java/util/Hashtable$ValueCollection done
Event: 36.362 Loading class java/net/URLClassLoader$1
Event: 36.362 Loading class java/net/URLClassLoader$1 done

Classes unloaded (0 events):
No events

Classes redefined (0 events):
No events

Internal exceptions (20 events):
Event: 39.605 Thread 0x000001f5fcd29700 Exception <a 'java/net/ConnectException'{0x000000070464b588}: Connection refused: connect> (0x000000070464b588) 
thrown [s\open\src\hotspot\share\prims\jni.cpp, line 538]
Event: 39.605 Thread 0x000001f5fcd29700 Exception <a 'java/net/ConnectException'{0x000000070464be18}: Connection refused: connect> (0x000000070464be18) 
thrown [s\open\src\hotspot\share\prims\jni.cpp, line 538]
Event: 39.606 Thread 0x000001f5fcd29700 Exception <a 'java/net/ConnectException'{0x000000070464c6a8}: Connection refused: connect> (0x000000070464c6a8) 
thrown [s\open\src\hotspot\share\prims\jni.cpp, line 538]
Event: 39.606 Thread 0x000001f5fcd29700 Exception <a 'java/net/ConnectException'{0x000000070464cf38}: Connection refused: connect> (0x000000070464cf38) 
thrown [s\open\src\hotspot\share\prims\jni.cpp, line 538]
Event: 39.606 Thread 0x000001f5fcd29700 Exception <a 'java/net/ConnectException'{0x000000070464d7c8}: Connection refused: connect> (0x000000070464d7c8) 
thrown [s\open\src\hotspot\share\prims\jni.cpp, line 538]
Event: 39.607 Thread 0x000001f5fcd29700 Exception <a 'java/net/ConnectException'{0x000000070464e058}: Connection refused: connect> (0x000000070464e058) 
thrown [s\open\src\hotspot\share\prims\jni.cpp, line 538]
Event: 39.607 Thread 0x000001f5fcd29700 Exception <a 'java/net/ConnectException'{0x000000070464e8e8}: Connection refused: connect> (0x000000070464e8e8) 
thrown [s\open\src\hotspot\share\prims\jni.cpp, line 538]
Event: 39.607 Thread 0x000001f5fcd29700 Exception <a 'java/net/ConnectException'{0x000000070464f178}: Connection refused: connect> (0x000000070464f178) 
thrown [s\open\src\hotspot\share\prims\jni.cpp, line 538]
Event: 39.607 Thread 0x000001f5fcd29700 Exception <a 'java/net/ConnectException'{0x000000070464fa08}: Connection refused: connect> (0x000000070464fa08) 
thrown [s\open\src\hotspot\share\prims\jni.cpp, line 538]
Event: 39.607 Thread 0x000001f5fcd29700 Exception <a 'java/net/ConnectException'{0x0000000704650298}: Connection refused: connect> (0x0000000704650298) 
thrown [s\open\src\hotspot\share\prims\jni.cpp, line 538]
Event: 39.608 Thread 0x000001f5fcd29700 Exception <a 'java/net/ConnectException'{0x0000000704650b28}: Connection refused: connect> (0x0000000704650b28) 
thrown [s\open\src\hotspot\share\prims\jni.cpp, line 538]
Event: 39.608 Thread 0x000001f5fcd29700 Exception <a 'java/net/ConnectException'{0x00000007046513b8}: Connection refused: connect> (0x00000007046513b8) 
thrown [s\open\src\hotspot\share\prims\jni.cpp, line 538]
Event: 39.609 Thread 0x000001f5fcd29700 Exception <a 'java/net/ConnectException'{0x0000000704651c48}: Connection refused: connect> (0x0000000704651c48) 
thrown [s\open\src\hotspot\share\prims\jni.cpp, line 538]
Event: 39.609 Thread 0x000001f5fcd29700 Exception <a 'java/net/ConnectException'{0x00000007046524d8}: Connection refused: connect> (0x00000007046524d8) 
thrown [s\open\src\hotspot\share\prims\jni.cpp, line 538]
Event: 39.609 Thread 0x000001f5fcd29700 Exception <a 'java/net/ConnectException'{0x0000000704652d68}: Connection refused: connect> (0x0000000704652d68) 
thrown [s\open\src\hotspot\share\prims\jni.cpp, line 538]
Event: 39.609 Thread 0x000001f5fcd29700 Exception <a 'java/net/ConnectException'{0x00000007046535f8}: Connection refused: connect> (0x00000007046535f8) 
thrown [s\open\src\hotspot\share\prims\jni.cpp, line 538]
Event: 39.609 Thread 0x000001f5fcd29700 Exception <a 'java/net/ConnectException'{0x0000000704653e88}: Connection refused: connect> (0x0000000704653e88) 
thrown [s\open\src\hotspot\share\prims\jni.cpp, line 538]
Event: 39.610 Thread 0x000001f5fcd29700 Exception <a 'java/net/ConnectException'{0x0000000704654718}: Connection refused: connect> (0x0000000704654718) 
thrown [s\open\src\hotspot\share\prims\jni.cpp, line 538]
Event: 39.610 Thread 0x000001f5fcd29700 Exception <a 'java/net/ConnectException'{0x0000000704654fa8}: Connection refused: connect> (0x0000000704654fa8) 
thrown [s\open\src\hotspot\share\prims\jni.cpp, line 538]
Event: 39.610 Thread 0x000001f5fcd29700 Exception <a 'java/net/ConnectException'{0x00000007043c7ce8}: Connection refused: connect> (0x00000007043c7ce8) 
thrown [s\open\src\hotspot\share\prims\jni.cpp, line 538]

VM Operations (20 events):
Event: 35.453 Executing VM operation: G1PauseRemark
Event: 35.491 Executing VM operation: G1PauseRemark done
Event: 35.520 Executing VM operation: G1PauseCleanup
Event: 35.520 Executing VM operation: G1PauseCleanup done
Event: 35.860 Executing VM operation: HandshakeAllThreads
Event: 35.860 Executing VM operation: HandshakeAllThreads done
Event: 36.202 Executing VM operation: HandshakeAllThreads
Event: 36.202 Executing VM operation: HandshakeAllThreads done
Event: 36.759 Executing VM operation: ICBufferFull
Event: 36.760 Executing VM operation: ICBufferFull done
Event: 37.025 Executing VM operation: G1CollectForAllocation
Event: 37.044 Executing VM operation: G1CollectForAllocation done
Event: 37.565 Executing VM operation: ICBufferFull
Event: 37.566 Executing VM operation: ICBufferFull done
Event: 38.526 Executing VM operation: ICBufferFull
Event: 38.527 Executing VM operation: ICBufferFull done
Event: 38.649 Executing VM operation: G1CollectForAllocation
Event: 38.679 Executing VM operation: G1CollectForAllocation done
Event: 39.610 Executing VM operation: G1CollectForAllocation
Event: 39.638 Executing VM operation: G1CollectForAllocation done

Events (20 events):
Event: 35.490 Thread 0x000001f5ac113140 flushing nmethod 0x000001f5a4991f10
Event: 35.490 Thread 0x000001f5ac113140 flushing nmethod 0x000001f5a4991210
Event: 35.490 Thread 0x000001f5ac113140 flushing nmethod 0x000001f5a4784510
Event: 35.490 Thread 0x000001f5ac113140 flushing nmethod 0x000001f5a48b0e10
Event: 35.490 Thread 0x000001f5ac113140 flushing nmethod 0x000001f5a47f7d10
Event: 35.490 Thread 0x000001f5ac113140 flushing nmethod 0x000001f5a46cae90
Event: 35.491 Thread 0x000001f5ac113140 flushing nmethod 0x000001f5a46f3710
Event: 35.491 Thread 0x000001f5ac113140 flushing nmethod 0x000001f5a46f3290
Event: 35.491 Thread 0x000001f5ac113140 flushing nmethod 0x000001f5a46f2e10
Event: 35.491 Thread 0x000001f5ac113140 flushing nmethod 0x000001f5a46c1110
Event: 35.491 Thread 0x000001f5ac113140 flushing nmethod 0x000001f5a46eb490
Event: 35.491 Thread 0x000001f5ac113140 flushing nmethod 0x000001f5a464e690
Event: 35.491 Thread 0x000001f5ac113140 flushing nmethod 0x000001f5a46d5690
Event: 35.491 Thread 0x000001f5ac113140 flushing nmethod 0x000001f5a468a290
Event: 35.491 Thread 0x000001f5ac113140 flushing nmethod 0x000001f5a467ed10
Event: 35.491 Thread 0x000001f5ac113140 flushing nmethod 0x000001f5a462e110
Event: 35.491 Thread 0x000001f5ac113140 flushing nmethod 0x000001f5a4620690
Event: 35.498 Thread 0x000001f5f551d030 Thread exited: 0x000001f5f551d030
Event: 37.022 Thread 0x000001f5f551c510 Thread added: 0x000001f5f551c510
Event: 39.197 Thread 0x000001f5f551c510 Thread exited: 0x000001f5f551c510


Dynamic libraries:
0x00007ff63dec0000 - 0x00007ff63ded0000 	C:\Users\riki\Documents\Workspace-24\Tools\Infrastructure\jdk-20.0.2\bin\javaw.exe
0x00007ffd6fd60000 - 0x00007ffd70164000 	C:\Windows\SYSTEM32\ntdll.dll
0x00007ffd6fc20000 - 0x00007ffd6fd1e000 	C:\Windows\System32\xtajit64.dll
0x00007ffd6d7b0000 - 0x00007ffd6d913000 	C:\Windows\System32\KERNEL32.DLL
0x00007ffd6b8f0000 - 0x00007ffd6bf31000 	C:\Windows\System32\KERNELBASE.dll
0x00007ffd6ad10000 - 0x00007ffd6ae06000 	C:\Windows\SYSTEM32\apphelp.dll
0x00007ffd6b470000 - 0x00007ffd6b661000 	C:\Windows\System32\ucrtbase.dll
0x00007ffd63100000 - 0x00007ffd63119000 	C:\Users\riki\Documents\Workspace-24\Tools\Infrastructure\jdk-20.0.2\bin\jli.dll
0x00007ffd6c520000 - 0x00007ffd6c65a000 	C:\Windows\System32\ADVAPI32.dll
0x00007ffd6c150000 - 0x00007ffd6c294000 	C:\Windows\System32\msvcrt.dll
0x00007ffd6f880000 - 0x00007ffd6f9a7000 	C:\Windows\System32\sechost.dll
0x00007ffd6c2a0000 - 0x00007ffd6c4c0000 	C:\Windows\System32\RPCRT4.dll
0x00007ffd6f9b0000 - 0x00007ffd6fc12000 	C:\Windows\System32\USER32.dll
0x00007ffd6b670000 - 0x00007ffd6b6cc000 	C:\Windows\System32\win32u.dll
0x00007ffd6f230000 - 0x00007ffd6f28c000 	C:\Windows\System32\GDI32.dll
0x00007ffd6bf40000 - 0x00007ffd6c12d000 	C:\Windows\System32\gdi32full.dll
0x00007ffd6b6d0000 - 0x00007ffd6b813000 	C:\Windows\System32\msvcp_win.dll
0x00007ffd526b0000 - 0x00007ffd52b2a000 	C:\Windows\WinSxS\arm64_microsoft.windows.common-controls_6595b64144ccf1df_6.0.22621.2506_none_270c5a477388e244\COMCTL32.dll
0x00007ffd56b60000 - 0x00007ffd56b75000 	C:\Windows\SYSTEM32\VERSION.dll
0x00007ffd630e0000 - 0x00007ffd630fb000 	C:\Users\riki\Documents\Workspace-24\Tools\Infrastructure\jdk-20.0.2\bin\VCRUNTIME140.dll
0x00007ffd6d4e0000 - 0x00007ffd6d532000 	C:\Windows\System32\IMM32.DLL
0x00007ffd630d0000 - 0x00007ffd630dc000 	C:\Users\riki\Documents\Workspace-24\Tools\Infrastructure\jdk-20.0.2\bin\vcruntime140_1.dll
0x00007ffd2ab60000 - 0x00007ffd2abee000 	C:\Users\riki\Documents\Workspace-24\Tools\Infrastructure\jdk-20.0.2\bin\msvcp140.dll
0x00007ffd29ec0000 - 0x00007ffd2ab58000 	C:\Users\riki\Documents\Workspace-24\Tools\Infrastructure\jdk-20.0.2\bin\server\jvm.dll
0x00007ffd2ff50000 - 0x00007ffd2ff62000 	C:\Windows\SYSTEM32\WSOCK32.dll
0x00007ffd5f6d0000 - 0x00007ffd5f72e000 	C:\Windows\SYSTEM32\WINMM.dll
0x00007ffd6dcb0000 - 0x00007ffd6dd74000 	C:\Windows\System32\WS2_32.dll
0x00007ffd694f0000 - 0x00007ffd6951d000 	C:\Windows\SYSTEM32\kernel.appcore.dll
0x00007ffd630c0000 - 0x00007ffd630ca000 	C:\Users\riki\Documents\Workspace-24\Tools\Infrastructure\jdk-20.0.2\bin\jimage.dll
0x00007ffd56b80000 - 0x00007ffd56f9e000 	C:\Windows\SYSTEM32\DBGHELP.DLL
0x00007ffd6cb20000 - 0x00007ffd6d1bf000 	C:\Windows\System32\combase.dll
0x00007ffd6c970000 - 0x00007ffd6cb11000 	C:\Windows\System32\OLEAUT32.dll
0x00007ffd54a50000 - 0x00007ffd54aac000 	C:\Windows\SYSTEM32\dbgcore.DLL
0x00007ffd6b820000 - 0x00007ffd6b8ea000 	C:\Windows\System32\bcryptPrimitives.dll
0x00007ffd63080000 - 0x00007ffd630bc000 	C:\Users\riki\Documents\Workspace-24\Tools\Infrastructure\jdk-20.0.2\bin\jdwp.dll
0x00007ffd63040000 - 0x00007ffd6304e000 	C:\Users\riki\Documents\Workspace-24\Tools\Infrastructure\jdk-20.0.2\bin\instrument.dll
0x00007ffd62360000 - 0x00007ffd62386000 	C:\Users\riki\Documents\Workspace-24\Tools\Infrastructure\jdk-20.0.2\bin\java.dll
0x00007ffd29de0000 - 0x00007ffd29eb7000 	C:\Users\riki\Documents\Workspace-24\Tools\Infrastructure\jdk-20.0.2\bin\jsvml.dll
0x00007ffd6dfa0000 - 0x00007ffd6f05a000 	C:\Windows\System32\SHELL32.dll
0x00007ffd67510000 - 0x00007ffd68881000 	C:\Windows\SYSTEM32\windows.storage.dll
0x00007ffd671f0000 - 0x00007ffd67463000 	C:\Windows\SYSTEM32\wintypes.dll
0x00007ffd6d280000 - 0x00007ffd6d473000 	C:\Windows\System32\SHCORE.dll
0x00007ffd6d1d0000 - 0x00007ffd6d277000 	C:\Windows\System32\shlwapi.dll
0x00007ffd6af90000 - 0x00007ffd6afd4000 	C:\Windows\SYSTEM32\profapi.dll
0x00007ffd63030000 - 0x00007ffd6303c000 	C:\Users\riki\Documents\Workspace-24\Tools\Infrastructure\jdk-20.0.2\bin\dt_socket.dll
0x00007ffd68c30000 - 0x00007ffd68c83000 	C:\Windows\SYSTEM32\IPHLPAPI.DLL
0x00007ffd69be0000 - 0x00007ffd69ca3000 	C:\Windows\system32\mswsock.dll
0x00007ffd68c90000 - 0x00007ffd68e40000 	C:\Windows\SYSTEM32\DNSAPI.dll
0x00007ffd6c130000 - 0x00007ffd6c140000 	C:\Windows\System32\NSI.dll
0x00007ffd5f450000 - 0x00007ffd5f462000 	C:\Windows\System32\rasadhlp.dll
0x00007ffd5e9c0000 - 0x00007ffd5eaab000 	C:\Windows\System32\fwpuclnt.dll
0x00007ffd62340000 - 0x00007ffd62358000 	C:\Users\riki\Documents\Workspace-24\Tools\Infrastructure\jdk-20.0.2\bin\zip.dll
0x00007ffd5f810000 - 0x00007ffd5f823000 	C:\Users\riki\Documents\Workspace-24\Tools\Infrastructure\jdk-20.0.2\bin\net.dll
0x00007ffd62070000 - 0x00007ffd6227f000 	C:\Windows\SYSTEM32\WINHTTP.dll
0x00007ffd5f7f0000 - 0x00007ffd5f806000 	C:\Users\riki\Documents\Workspace-24\Tools\Infrastructure\jdk-20.0.2\bin\nio.dll
0x00007ffd63020000 - 0x00007ffd63030000 	C:\Users\riki\Documents\Workspace-24\Tools\Infrastructure\jdk-20.0.2\bin\verify.dll
0x00007ffd61220000 - 0x00007ffd6122a000 	C:\Users\riki\Documents\Workspace-24\Tools\Infrastructure\jdk-20.0.2\bin\management.dll
0x00007ffd5c5b0000 - 0x00007ffd5c5bb000 	C:\Users\riki\Documents\Workspace-24\Tools\Infrastructure\jdk-20.0.2\bin\management_ext.dll
0x00007ffd6d480000 - 0x00007ffd6d48e000 	C:\Windows\System32\PSAPI.DLL
0x00007ffd3af30000 - 0x00007ffd3af5c000 	C:\Windows\system32\napinsp.dll
0x00007ffd3af60000 - 0x00007ffd3af93000 	C:\Windows\system32\pnrpnsp.dll
0x00007ffd3afa0000 - 0x00007ffd3afde000 	C:\Windows\system32\nlansp_c.dll
0x00007ffd3afe0000 - 0x00007ffd3b000000 	C:\Windows\System32\winrnr.dll
0x00007ffd3fd10000 - 0x00007ffd3fd3b000 	C:\Windows\system32\wshbth.dll
0x00007ffd5c100000 - 0x00007ffd5c107000 	C:\Users\riki\Documents\Workspace-24\Tools\Infrastructure\jdk-20.0.2\bin\extnet.dll
0x00007ffd6a0a0000 - 0x00007ffd6a0d2000 	C:\Windows\SYSTEM32\CRYPTSP.dll
0x00007ffd69420000 - 0x00007ffd69483000 	C:\Windows\system32\rsaenh.dll
0x00007ffd69d80000 - 0x00007ffd69dd5000 	C:\Windows\SYSTEM32\USERENV.dll
0x00007ffd6a3d0000 - 0x00007ffd6a41b000 	C:\Windows\SYSTEM32\bcrypt.dll
0x00007ffd6a0e0000 - 0x00007ffd6a0f4000 	C:\Windows\SYSTEM32\CRYPTBASE.dll
0x00007ffd61e70000 - 0x00007ffd61e98000 	C:\Windows\SYSTEM32\dhcpcsvc6.DLL
0x00007ffd61a00000 - 0x00007ffd61a3c000 	C:\Windows\SYSTEM32\dhcpcsvc.DLL
0x00007ffd57c60000 - 0x00007ffd57c6e000 	C:\Users\riki\Documents\Workspace-24\Tools\Infrastructure\jdk-20.0.2\bin\sunmscapi.dll
0x00007ffd6a370000 - 0x00007ffd6a3c1000 	C:\Windows\SYSTEM32\ncrypt.dll
0x00007ffd6afe0000 - 0x00007ffd6b277000 	C:\Windows\SYSTEM32\CRYPT32.dll
0x00007ffd6a300000 - 0x00007ffd6a363000 	C:\Windows\SYSTEM32\NTASN1.dll
0x00007ffd29c40000 - 0x00007ffd29dd1000 	C:\Users\riki\Documents\Workspace-24\Tools\Infrastructure\jdk-20.0.2\bin\awt.dll
0x00007ffd66570000 - 0x00007ffd665bc000 	C:\Windows\system32\DWMAPI.DLL
0x00007ffd66130000 - 0x00007ffd66261000 	C:\Windows\system32\uxtheme.dll
0x00007ffd13810000 - 0x00007ffd139cc000 	C:\Windows\system32\opengl32.dll
0x00007ffd29bf0000 - 0x00007ffd29c3f000 	C:\Windows\SYSTEM32\GLU32.dll
0x00007ffd66300000 - 0x00007ffd66374000 	C:\Windows\SYSTEM32\dxcore.dll
0x00007ffd6d540000 - 0x00007ffd6d7b0000 	C:\Windows\System32\MSCTF.dll
0x00007ffd6d9f0000 - 0x00007ffd6dca5000 	C:\Windows\System32\ole32.dll
0x00007ffd12e30000 - 0x00007ffd1311d000 	C:\Windows\system32\d3d9.dll
0x00007ffd12d70000 - 0x00007ffd12e2b000 	C:\Windows\SYSTEM32\prl_umdd.dll
0x00007ffd5fa30000 - 0x00007ffd5fabc000 	C:\Windows\SYSTEM32\directxdatabasehelper.dll
0x00007ffd61290000 - 0x00007ffd6129f000 	C:\Windows\system32\wshunix.dll

dbghelp: loaded successfully - version: 4.0.5 - missing functions: none
symbol engine: initialized successfully - sym options: 0x614 - pdb path: .;C:\Users\riki\Documents\Workspace-24\Tools\Infrastructure\jdk-20.0.2\bin;C:\Windows\SYSTEM32;C:\Windows\WinSxS\arm64_microsoft.windows.common-controls_6595b64144ccf1df_6.0.22621.2506_none_270c5a477388e244;C:\Users\riki\Documents\Workspace-24\Tools\Infrastructure\jdk-20.0.2\bin\server

VM Arguments:
jvm_args: -XX:+ShowCodeDetailsInExceptionMessages -agentlib:jdwp=transport=dt_socket,suspend=y,address=localhost:61481 -ea -ea -javaagent:C:\Users\riki\Documents\Workspace-24\Tools\IDEs\eclipse-jee-2023-12R\configuration\org.eclipse.osgi\432\0\.cp\lib\javaagent-shaded.jar -Dfile.encoding=utf-8 -Dstdout.encoding=utf-8 -Dstderr.encoding=utf-8 
java_command: acme.Launcher --platform testing --launcher tester#recorder
java_class_path (initial): C:\Users\riki\Documents\Workspace-24\Projects\Acme-SF-D04\target\test-classes;C:\Users\riki\Documents\Workspace-24\Projects\Acme-SF-D04\target\classes;C:\Users\riki\Documents\Workspace-24\Frameworks\Acme-Framework-24.4.0\target\classes;C:\Users\riki\Documents\Workspace-24\Frameworks\Acme-Framework-24.4.0\target\test-classes;C:\Users\riki\.m2\repository\org\springframework\boot\spring-boot-starter-tomcat\2.7.15\spring-boot-starter-tomcat-2.7.15.jar;C:\Users\riki\.m2\repository\jakarta\annotation\jakarta.annotation-api\1.3.5\jakarta.annotation-api-1.3.5.jar;C:\Users\riki\.m2\repository\org\apache\tomcat\embed\tomcat-embed-core\9.0.79\tomcat-embed-core-9.0.79.jar;C:\Users\riki\.m2\repository\org\apache\tomcat\embed\tomcat-embed-el\9.0.79\tomcat-embed-el-9.0.79.jar;C:\Users\riki\.m2\repository\org\apache\tomcat\embed\tomcat-embed-websocket\9.0.79\tomcat-embed-websocket-9.0.79.jar;C:\Users\riki\.m2\repository\org\apache\tomcat\embed\tomcat-embed-jasper\9.0.79\tomcat-embed-jasper-9.0.79.jar;C:\Users\riki\.m2\repository\org\eclipse\jdt\ecj\3.26.0\ecj-3.26.0.jar;C:\Users\riki\.m2\repository\javax\servlet\jstl\1.2\jstl-1.2.jar;C:\Users\riki\.m2\repository\org\springframework\security\spring-security-web\5.7.10\spring-security-web-5.7.10.jar;C:\Users\riki\.m2\repository\org\springframework\security\spring-security-core\5.7.10\spring-security-core-5.7.10.jar;C:\Users\riki\.m2\repository\org\springframework\security\spring-security-crypto\5.7.10\spring-security-crypto-5.7.10.jar;C:\Users\riki\.m2\repository\org\springframework\spring-core\5.3.29\spring-core-5.3.29.jar;C:\Users\riki\.m2\repository\org\springframework\spring-jcl\5.3.29\spring-jcl-5.3.29.jar;C:\Users\riki\.m2\repository\org\springframework\spring-aop\5.3.29\spring-aop-5.3.29.jar;C:\Users\riki\.m2\repository\org\springframework\spring-beans\5.3.29\spring-beans-5.3.29.jar;C:\Users\riki\.m2\repository\org\springframework\spring-context\5.3.29\spring-context-5.3.29.jar;C:\Users\riki\.m2\repository\org\springframework\spring-expression\5.3.29\spring-expression-5.3.29.jar;C:\Users\riki\.m2\repository\org\springframework\spring-web\5.3.29\spring-web-5.3.29.jar;C:\Users\riki\.m2\repository\org\springframework\security\spring-security-config\5.7.10\spring-security-config-5.7.10.jar;C:\Users\riki\.m2\repository\org\springframework\security\spring-security-taglibs\5.7.10\spring-security-taglibs-5.7.10.jar;C:\Users\riki\.m2\repository\org\springframework\security\spring-security-acl\5.7.10\spring-security-acl-5.7.10.jar;C:\Users\riki\.m2\repository\org\springframework\spring-jdbc\5.3.29\spring-jdbc-5.3.29.jar;C:\Users\riki\.m2\repository\org\springframework\spring-tx\5.3.29\spring-tx-5.3.29.jar;C:\Users\riki\.m2\repository\org\springframework\boot\spring-boot-starter-web\2.7.15\spring-boot-starter-web-2.7.15.jar;C:\Users\riki\.m2\repository\org\springframework\boot\spring-boot-starter\2.7.15\spring-boot-starter-2.7.15.jar;C:\Users\riki\.m2\repository\org\springframework\boot\spring-boot\2.7.15\spring-boot-2.7.15.jar;C:\Users\riki\.m2\repository\org\springframework\boot\spring-boot-autoconfigure\2.7.15\spring-boot-autoconfigure-2.7.15.jar;C:\Users\riki\.m2\repository\org\springframework\boot\spring-boot-starter-logging\2.7.15\spring-boot-starter-logging-2.7.15.jar;C:\Users\riki\.m2\repository\ch\qos\logback\logback-classic\1.2.12\logback-classic-1.2.12.jar;C:\Users\riki\.m2\repository\org\apache\logging\log4j\log4j-to-slf4j\2.17.2\log4j-to-slf4j-2.17.2.jar;C:\Users\riki\.m2\repository\org\apache\logging\log4j\log4j-api\2.17.2\log4j-api-2.17.2.jar;C:\Users\riki\.m2\repository\org\slf4j\jul-to-slf4j\1.7.36\jul-to-slf4j-1.7.36.jar;C:\Users\riki\.m2\repository\org\yaml\snakeyaml\1.30\snakeyaml-1.30.jar;C:\Users\riki\.m2\repository\org\springframework\boot\spring-boot-starter-json\2.7.15\spring-boot-starter-json-2.7.15.jar;C:\Users\riki\.m2\repository\com\fasterxml\jackson\datatype\jackson-datatype-jdk8\2.13.5\jackson-datatype-jdk8-2.13.5.jar;C:\Users\riki\.m2\repository\com\fasterxml\jackson\datatype\jackson-datatype-jsr310\2.13.5\jackson-datatype-jsr310-2.13.5.jar;C:\Users\riki\.m2\repository\com\fasterxml\jackson\module\jackson-module-parameter-names\2.13.5\jackson-module-parameter-names-2.13.5.jar;C:\Users\riki\.m2\repository\org\springframework\spring-webmvc\5.3.29\spring-webmvc-5.3.29.jar;C:\Users\riki\.m2\repository\org\apache\tiles\tiles-jsp\3.0.8\tiles-jsp-3.0.8.jar;C:\Users\riki\.m2\repository\org\apache\tiles\tiles-servlet\3.0.8\tiles-servlet-3.0.8.jar;C:\Users\riki\.m2\repository\org\apache\tiles\tiles-core\3.0.8\tiles-core-3.0.8.jar;C:\Users\riki\.m2\repository\commons-digester\commons-digester\2.0\commons-digester-2.0.jar;C:\Users\riki\.m2\repository\org\apache\tiles\tiles-request-servlet\1.0.7\tiles-request-servlet-1.0.7.jar;C:\Users\riki\.m2\repository\org\apache\tiles\tiles-template\3.0.8\tiles-template-3.0.8.jar;C:\Users\riki\.m2\repository\org\apache\tiles\tiles-api\3.0.8\tiles-api-3.0.8.jar;C:\Users\riki\.m2\repository\org\apache\tiles\tiles-autotag-core-runtime\1.2\tiles-autotag-core-runtime-1.2.jar;C:\Users\riki\.m2\repository\org\slf4j\slf4j-api\1.7.36\slf4j-api-1.7.36.jar;C:\Users\riki\.m2\repository\org\apache\tiles\tiles-request-jsp\1.0.7\tiles-request-jsp-1.0.7.jar;C:\Users\riki\.m2\repository\org\apache\tiles\tiles-request-api\1.0.7\tiles-request-api-1.0.7.jar;C:\Users\riki\.m2\repository\org\springframework\boot\spring-boot-starter-data-jpa\2.7.15\spring-boot-starter-data-jpa-2.7.15.jar;C:\Users\riki\.m2\repository\org\springframework\boot\spring-boot-starter-aop\2.7.15\spring-boot-starter-aop-2.7.15.jar;C:\Users\riki\.m2\repository\org\aspectj\aspectjweaver\1.9.7\aspectjweaver-1.9.7.jar;C:\Users\riki\.m2\repository\org\springframework\boot\spring-boot-starter-jdbc\2.7.15\spring-boot-starter-jdbc-2.7.15.jar;C:\Users\riki\.m2\repository\jakarta\transaction\jakarta.transaction-api\1.3.3\jakarta.transaction-api-1.3.3.jar;C:\Users\riki\.m2\repository\jakarta\persistence\jakarta.persistence-api\2.2.3\jakarta.persistence-api-2.2.3.jar;C:\Users\riki\.m2\repository\org\springframework\data\spring-data-jpa\2.7.15\spring-data-jpa-2.7.15.jar;C:\Users\riki\.m2\repository\org\springframework\data\spring-data-commons\2.7.15\spring-data-commons-2.7.15.jar;C:\Users\riki\.m2\repository\org\springframework\spring-orm\5.3.29\spring-orm-5.3.29.jar;C:\Users\riki\.m2\repository\org\springframework\spring-aspects\5.3.29\spring-aspects-5.3.29.jar;C:\Users\riki\.m2\repository\org\hibernate\hibernate-core\5.4.29.Final\hibernate-core-5.4.29.Final.jar;C:\Users\riki\.m2\repository\org\jboss\logging\jboss-logging\3.4.3.Final\jboss-logging-3.4.3.Final.jar;C:\Users\riki\.m2\repository\javax\persistence\javax.persistence-api\2.2\javax.persistence-api-2.2.jar;C:\Users\riki\.m2\repository\org\javassist\javassist\3.27.0-GA\javassist-3.27.0-GA.jar;C:\Users\riki\.m2\repository\net\bytebuddy\byte-buddy\1.12.23\byte-buddy-1.12.23.jar;C:\Users\riki\.m2\repository\antlr\antlr\2.7.7\antlr-2.7.7.jar;C:\Users\riki\.m2\repository\org\jboss\spec\javax\transaction\jboss-transaction-api_1.2_spec\1.1.1.Final\jboss-transaction-api_1.2_spec-1.1.1.Final.jar;C:\Users\riki\.m2\repository\org\jboss\jandex\2.2.3.Final\jandex-2.2.3.Final.jar;C:\Users\riki\.m2\repository\com\fasterxml\classmate\1.5.1\classmate-1.5.1.jar;C:\Users\riki\.m2\repository\javax\activation\javax.activation-api\1.2.0\javax.activation-api-1.2.0.jar;C:\Users\riki\.m2\repository\org\dom4j\dom4j\2.1.3\dom4j-2.1.3.jar;C:\Users\riki\.m2\repository\org\hibernate\common\hibernate-commons-annotations\5.1.2.Final\hibernate-commons-annotations-5.1.2.Final.jar;C:\Users\riki\.m2\repository\javax\xml\bind\jaxb-api\2.3.1\jaxb-api-2.3.1.jar;C:\Users\riki\.m2\repository\org\glassfish\jaxb\jaxb-runtime\2.3.8\jaxb-runtime-2.3.8.jar;C:\Users\riki\.m2\repository\org\glassfish\jaxb\txw2\2.3.8\txw2-2.3.8.jar;C:\Users\riki\.m2\repository\com\sun\istack\istack-commons-runtime\3.0.12\istack-commons-runtime-3.0.12.jar;C:\Users\riki\.m2\repository\com\sun\activation\jakarta.activation\1.2.2\jakarta.activation-1.2.2.jar;C:\Users\riki\.m2\repository\org\springframework\boot\spring-boot-starter-validation\2.7.15\spring-boot-starter-validation-2.7.15.jar;C:\Users\riki\.m2\repository\org\hibernate\validator\hibernate-validator\6.2.5.Final\hibernate-validator-6.2.5.Final.jar;C:\Users\riki\.m2\repository\jakarta\validation\jakarta.validation-api\2.0.2\jakarta.validation-api-2.0.2.jar;C:\Users\riki\.m2\repository\org\mariadb\jdbc\mariadb-java-client\3.1.4\mariadb-java-client-3.1.4.jar;C:\Users\riki\.m2\repository\com\github\waffle\waffle-jna\3.2.0\waffle-jna-3.2.0.jar;C:\Users\riki\.m2\repository\net\java\dev\jna\jna\5.12.1\jna-5.12.1.jar;C:\Users\riki\.m2\repository\net\java\dev\jna\jna-platform\5.12.1\jna-platform-5.12.1.jar;C:\Users\riki\.m2\repository\org\slf4j\jcl-over-slf4j\1.7.36\jcl-over-slf4j-1.7.36.jar;C:\Users\riki\.m2\repository\com\github\ben-manes\caffeine\caffeine\2.9.3\caffeine-2.9.3.jar;C:\Users\riki\.m2\repository\com\google\errorprone\error_prone_annotations\2.10.0\error_prone_annotations-2.10.0.jar;C:\Users\riki\.m2\repository\org\checkerframework\checker-qual\3.23.0\checker-qual-3.23.0.jar;C:\Users\riki\.m2\repository\com\zaxxer\HikariCP\4.0.3\HikariCP-4.0.3.jar;C:\Users\riki\.m2\repository\org\springframework\boot\spring-boot-starter-test\2.7.15\spring-boot-starter-test-2.7.15.jar;C:\Users\riki\.m2\repository\org\springframework\boot\spring-boot-test\2.7.15\spring-boot-test-2.7.15.jar;C:\Users\riki\.m2\repository\org\springframework\boot\spring-boot-test-autoconfigure\2.7.15\spring-boot-test-autoconfigure-2.7.15.jar;C:\Users\riki\.m2\repository\com\jayway\jsonpath\json-path\2.7.0\json-path-2.7.0.jar;C:\Users\riki\.m2\repository\net\minidev\json-smart\2.4.11\json-smart-2.4.11.jar;C:\Users\riki\.m2\repository\net\minidev\accessors-smart\2.4.11\accessors-smart-2.4.11.jar;C:\Users\riki\.m2\repository\org\ow2\asm\asm\9.3\asm-9.3.jar;C:\Users\riki\.m2\repository\jakarta\xml\bind\jakarta.xml.bind-api\2.3.3\jakarta.xml.bind-api-2.3.3.jar;C:\Users\riki\.m2\repository\jakarta\activation\jakarta.activation-api\1.2.2\jakarta.activation-api-1.2.2.jar;C:\Users\riki\.m2\repository\org\assertj\assertj-core\3.22.0\assertj-core-3.22.0.jar;C:\Users\riki\.m2\repository\org\hamcrest\hamcrest\2.2\hamcrest-2.2.jar;C:\Users\riki\.m2\repository\org\junit\jupiter\junit-jupiter\5.8.2\junit-jupiter-5.8.2.jar;C:\Users\riki\.m2\repository\org\mockito\mockito-core\4.5.1\mockito-core-4.5.1.jar;C:\Users\riki\.m2\repository\net\bytebuddy\byte-buddy-agent\1.12.23\byte-buddy-agent-1.12.23.jar;C:\Users\riki\.m2\repository\org\objenesis\objenesis\3.2\objenesis-3.2.jar;C:\Users\riki\.m2\repository\org\mockito\mockito-junit-jupiter\4.5.1\mockito-junit-jupiter-4.5.1.jar;C:\Users\riki\.m2\repository\org\skyscreamer\jsonassert\1.5.1\jsonassert-1.5.1.jar;C:\Users\riki\.m2\repository\com\vaadin\external\google\android-json\0.0.20131108.vaadin1\android-json-0.0.20131108.vaadin1.jar;C:\Users\riki\.m2\repository\org\springframework\spring-test\5.3.29\spring-test-5.3.29.jar;C:\Users\riki\.m2\repository\org\xmlunit\xmlunit-core\2.9.1\xmlunit-core-2.9.1.jar;C:\Users\riki\.m2\repository\org\junit\jupiter\junit-jupiter-engine\5.8.2\junit-jupiter-engine-5.8.2.jar;C:\Users\riki\.m2\repository\org\junit\platform\junit-platform-engine\1.8.2\junit-platform-engine-1.8.2.jar;C:\Users\riki\.m2\repository\org\apiguardian\apiguardian-api\1.1.2\apiguardian-api-1.1.2.jar;C:\Users\riki\.m2\repository\org\junit\jupiter\junit-jupiter-api\5.8.2\junit-jupiter-api-5.8.2.jar;C:\Users\riki\.m2\repository\org\opentest4j\opentest4j\1.2.0\opentest4j-1.2.0.jar;C:\Users\riki\.m2\repository\org\junit\platform\junit-platform-commons\1.8.2\junit-platform-commons-1.8.2.jar;C:\Users\riki\.m2\repository\org\junit\jupiter\junit-jupiter-params\5.8.2\junit-jupiter-params-5.8.2.jar;C:\Users\riki\.m2\repository\org\junit\platform\junit-platform-launcher\1.8.2\junit-platform-launcher-1.8.2.jar;C:\Users\riki\.m2\repository\org\seleniumhq\selenium\selenium-java\4.1.4\selenium-java-4.1.4.jar;C:\Users\riki\.m2\repository\org\seleniumhq\selenium\selenium-api\4.1.4\selenium-api-4.1.4.jar;C:\Users\riki\.m2\repository\org\seleniumhq\selenium\selenium-chrome-driver\4.1.4\selenium-chrome-driver-4.1.4.jar;C:\Users\riki\.m2\repository\com\google\auto\service\auto-service-annotations\1.0.1\auto-service-annotations-1.0.1.jar;C:\Users\riki\.m2\repository\com\google\auto\service\auto-service\1.0.1\auto-service-1.0.1.jar;C:\Users\riki\.m2\repository\com\google\auto\auto-common\1.2\auto-common-1.2.jar;C:\Users\riki\.m2\repository\com\google\guava\guava\31.1-jre\guava-31.1-jre.jar;C:\Users\riki\.m2\repository\com\google\guava\failureaccess\1.0.1\failureaccess-1.0.1.jar;C:\Users\riki\.m2\repository\com\google\guava\listenablefuture\9999.0-empty-to-avoid-conflict-with-guava\listenablefuture-9999.0-empty-to-avoid-conflict-with-guava.jar;C:\Users\riki\.m2\repository\com\google\code\findbugs\jsr305\3.0.2\jsr305-3.0.2.jar;C:\Users\riki\.m2\repository\com\google\j2objc\j2objc-annotations\1.3\j2objc-annotations-1.3.jar;C:\Users\riki\.m2\repository\org\seleniumhq\selenium\selenium-chromium-driver\4.1.4\selenium-chromium-driver-4.1.4.jar;C:\Users\riki\.m2\repository\org\seleniumhq\selenium\selenium-json\4.1.4\selenium-json-4.1.4.jar;C:\Users\riki\.m2\repository\org\seleniumhq\selenium\selenium-devtools-v100\4.1.4\selenium-devtools-v100-4.1.4.jar;C:\Users\riki\.m2\repository\org\seleniumhq\selenium\selenium-devtools-v101\4.1.4\selenium-devtools-v101-4.1.4.jar;C:\Users\riki\.m2\repository\org\seleniumhq\selenium\selenium-devtools-v85\4.1.4\selenium-devtools-v85-4.1.4.jar;C:\Users\riki\.m2\repository\org\seleniumhq\selenium\selenium-devtools-v99\4.1.4\selenium-devtools-v99-4.1.4.jar;C:\Users\riki\.m2\repository\org\seleniumhq\selenium\selenium-edge-driver\4.1.4\selenium-edge-driver-4.1.4.jar;C:\Users\riki\.m2\repository\org\seleniumhq\selenium\selenium-firefox-driver\4.1.4\selenium-firefox-driver-4.1.4.jar;C:\Users\riki\.m2\repository\org\seleniumhq\selenium\selenium-ie-driver\4.1.4\selenium-ie-driver-4.1.4.jar;C:\Users\riki\.m2\repository\org\seleniumhq\selenium\selenium-opera-driver\4.1.4\selenium-opera-driver-4.1.4.jar;C:\Users\riki\.m2\repository\org\seleniumhq\selenium\selenium-remote-driver\4.1.4\selenium-remote-driver-4.1.4.jar;C:\Users\riki\.m2\repository\com\beust\jcommander\1.82\jcommander-1.82.jar;C:\Users\riki\.m2\repository\io\netty\netty-buffer\4.1.97.Final\netty-buffer-4.1.97.Final.jar;C:\Users\riki\.m2\repository\io\netty\netty-codec-http\4.1.97.Final\netty-codec-http-4.1.97.Final.jar;C:\Users\riki\.m2\repository\io\netty\netty-codec\4.1.97.Final\netty-codec-4.1.97.Final.jar;C:\Users\riki\.m2\repository\io\netty\netty-handler\4.1.97.Final\netty-handler-4.1.97.Final.jar;C:\Users\riki\.m2\repository\io\netty\netty-common\4.1.97.Final\netty-common-4.1.97.Final.jar;C:\Users\riki\.m2\repository\io\netty\netty-transport-classes-epoll\4.1.97.Final\netty-transport-classes-epoll-4.1.97.Final.jar;C:\Users\riki\.m2\repository\io\netty\netty-transport-classes-kqueue\4.1.97.Final\netty-transport-classes-kqueue-4.1.97.Final.jar;C:\Users\riki\.m2\repository\io\netty\netty-transport-native-epoll\4.1.97.Final\netty-transport-native-epoll-4.1.97.Final.jar;C:\Users\riki\.m2\repository\io\netty\netty-transport-native-kqueue\4.1.97.Final\netty-transport-native-kqueue-4.1.97.Final.jar;C:\Users\riki\.m2\repository\io\netty\netty-transport-native-unix-common\4.1.97.Final\netty-transport-native-unix-common-4.1.97.Final.jar;C:\Users\riki\.m2\repository\io\netty\netty-transport\4.1.97.Final\netty-transport-4.1.97.Final.jar;C:\Users\riki\.m2\repository\io\netty\netty-resolver\4.1.97.Final\netty-resolver-4.1.97.Final.jar;C:\Users\riki\.m2\repository\io\opentelemetry\opentelemetry-api\1.13.0\opentelemetry-api-1.13.0.jar;C:\Users\riki\.m2\repository\io\opentelemetry\opentelemetry-context\1.13.0\opentelemetry-context-1.13.0.jar;C:\Users\riki\.m2\repository\io\opentelemetry\opentelemetry-exporter-logging\1.13.0\opentelemetry-exporter-logging-1.13.0.jar;C:\Users\riki\.m2\repository\io\opentelemetry\opentelemetry-sdk-metrics\1.13.0-alpha\opentelemetry-sdk-metrics-1.13.0-alpha.jar;C:\Users\riki\.m2\repository\io\opentelemetry\opentelemetry-sdk-logs\1.13.0-alpha\opentelemetry-sdk-logs-1.13.0-alpha.jar;C:\Users\riki\.m2\repository\io\opentelemetry\opentelemetry-sdk-common\1.13.0\opentelemetry-sdk-common-1.13.0.jar;C:\Users\riki\.m2\repository\io\opentelemetry\opentelemetry-sdk-extension-autoconfigure-spi\1.13.0\opentelemetry-sdk-extension-autoconfigure-spi-1.13.0.jar;C:\Users\riki\.m2\repository\io\opentelemetry\opentelemetry-sdk-extension-autoconfigure\1.13.0-alpha\opentelemetry-sdk-extension-autoconfigure-1.13.0-alpha.jar;C:\Users\riki\.m2\repository\io\opentelemetry\opentelemetry-sdk-trace\1.13.0\opentelemetry-sdk-trace-1.13.0.jar;C:\Users\riki\.m2\repository\io\opentelemetry\opentelemetry-sdk\1.13.0\opentelemetry-sdk-1.13.0.jar;C:\Users\riki\.m2\repository\io\opentelemetry\opentelemetry-semconv\1.13.0-alpha\opentelemetry-semconv-1.13.0-alpha.jar;C:\Users\riki\.m2\repository\io\ous\jtoml\2.0.0\jtoml-2.0.0.jar;C:\Users\riki\.m2\repository\org\apache\commons\commons-exec\1.3\commons-exec-1.3.jar;C:\Users\riki\.m2\repository\org\asynchttpclient\async-http-client\2.12.3\async-http-client-2.12.3.jar;C:\Users\riki\.m2\repository\org\asynchttpclient\async-http-client-netty-utils\2.12.3\async-http-client-netty-utils-2.12.3.jar;C:\Users\riki\.m2\repository\io\netty\netty-codec-socks\4.1.97.Final\netty-codec-socks-4.1.97.Final.jar;C:\Users\riki\.m2\repository\io\netty\netty-handler-proxy\4.1.97.Final\netty-handler-proxy-4.1.97.Final.jar;C:\Users\riki\.m2\repository\io\netty\netty-transport-native-epoll\4.1.97.Final\netty-transport-native-epoll-4.1.97.Final-linux-x86_64.jar;C:\Users\riki\.m2\repository\io\netty\netty-transport-native-kqueue\4.1.97.Final\netty-transport-native-kqueue-4.1.97.Final-osx-x86_64.jar;C:\Users\riki\.m2\repository\org\reactivestreams\reactive-streams\1.0.4\reactive-streams-1.0.4.jar;C:\Users\riki\.m2\repository\com\typesafe\netty\netty-reactive-streams\2.0.4\netty-reactive-streams-2.0.4.jar;C:\Users\riki\.m2\repository\org\seleniumhq\selenium\selenium-http\4.1.4\selenium-http-4.1.4.jar;C:\Users\riki\.m2\repository\dev\failsafe\failsafe\3.2.3\failsafe-3.2.3.jar;C:\Users\riki\.m2\repository\org\seleniumhq\selenium\selenium-safari-driver\4.1.4\selenium-safari-driver-4.1.4.jar;C:\Users\riki\.m2\repository\org\seleniumhq\selenium\selenium-support\4.1.4\selenium-support-4.1.4.jar;C:\Users\riki\.m2\repository\org\projectlombok\lombok\1.18.28\lombok-1.18.28.jar;C:\Users\riki\.m2\repository\org\jsoup\jsoup\1.16.1\jsoup-1.16.1.jar;C:\Users\riki\.m2\repository\ch\qos\logback\logback-access\1.2.12\logback-access-1.2.12.jar;C:\Users\riki\.m2\repository\ch\qos\logback\logback-core\1.2.12\logback-core-1.2.12.jar;C:\Users\riki\.m2\repository\org\apache\commons\commons-lang3\3.12.0\commons-lang3-3.12.0.jar;C:\Users\riki\.m2\repository\org\apache\commons\commons-text\1.10.0\commons-text-1.10.0.jar;C:\Users\riki\.m2\repository\commons-io\commons-io\2.13.0\commons-io-2.13.0.jar;C:\Users\riki\.m2\repository\commons-cli\commons-cli\1.5.0\commons-cli-1.5.0.jar;C:\Users\riki\.m2\repository\com\fasterxml\jackson\dataformat\jackson-dataformat-csv\2.13.5\jackson-dataformat-csv-2.13.5.jar;C:\Users\riki\.m2\repository\com\fasterxml\jackson\core\jackson-databind\2.13.5\jackson-databind-2.13.5.jar;C:\Users\riki\.m2\repository\com\fasterxml\jackson\core\jackson-annotations\2.13.5\jackson-annotations-2.13.5.jar;C:\Users\riki\.m2\repository\com\fasterxml\jackson\core\jackson-core\2.13.5\jackson-core-2.13.5.jar;C:\Users\riki\.m2\repository\com\opencsv\opencsv\5.8\opencsv-5.8.jar;C:\Users\riki\.m2\repository\commons-beanutils\commons-beanutils\1.9.4\commons-beanutils-1.9.4.jar;C:\Users\riki\.m2\repository\commons-logging\commons-logging\1.2\commons-logging-1.2.jar;C:\Users\riki\.m2\repository\commons-collections\commons-collections\3.2.2\commons-collections-3.2.2.jar;C:\Users\riki\.m2\repository\org\apache\commons\commons-collections4\4.4\commons-collections4-4.4.jar;C:\Users\riki\.m2\repository\de\vandermeer\asciitable\0.3.2\asciitable-0.3.2.jar;C:\Users\riki\.m2\repository\de\vandermeer\ascii-utf-themes\0.0.1\ascii-utf-themes-0.0.1.jar;C:\Users\riki\.m2\repository\de\vandermeer\skb-interfaces\0.0.1\skb-interfaces-0.0.1.jar;C:\Users\riki\.m2\repository\org\antlr\ST4\4.0.8\ST4-4.0.8.jar;C:\Users\riki\.m2\repository\org\antlr\antlr-runtime\3.5.2\antlr-runtime-3.5.2.jar;C:\Users\riki\.m2\repository\org\antlr\antlr4\4.5.1\antlr4-4.5.1.jar;C:\Users\riki\.m2\repository\de\vandermeer\char-translation\0.0.2\char-translation-0.0.2.jar
Launcher Type: SUN_STANDARD

[Global flags]
     intx CICompilerCount                          = 4                                         {product} {ergonomic}
     uint ConcGCThreads                            = 2                                         {product} {ergonomic}
     uint G1ConcRefinementThreads                  = 8                                         {product} {ergonomic}
   size_t G1HeapRegionSize                         = 2097152                                   {product} {ergonomic}
    uintx GCDrainStackTargetSize                   = 64                                        {product} {ergonomic}
   size_t InitialHeapSize                          = 268435456                                 {product} {ergonomic}
   size_t MarkStackSize                            = 4194304                                   {product} {ergonomic}
   size_t MaxHeapSize                              = 4294967296                                {product} {ergonomic}
   size_t MaxNewSize                               = 2575302656                                {product} {ergonomic}
   size_t MinHeapDeltaBytes                        = 2097152                                   {product} {ergonomic}
   size_t MinHeapSize                              = 8388608                                   {product} {ergonomic}
    uintx NonNMethodCodeHeapSize                   = 5839372                                {pd product} {ergonomic}
    uintx NonProfiledCodeHeapSize                  = 122909434                              {pd product} {ergonomic}
    uintx ProfiledCodeHeapSize                     = 122909434                              {pd product} {ergonomic}
    uintx ReservedCodeCacheSize                    = 251658240                              {pd product} {ergonomic}
     bool SegmentedCodeCache                       = true                                      {product} {ergonomic}
     bool ShowCodeDetailsInExceptionMessages       = true                                   {manageable} {command line}
   size_t SoftMaxHeapSize                          = 4294967296                             {manageable} {ergonomic}
     bool UseCompressedClassPointers               = true                           {product lp64_product} {ergonomic}
     bool UseCompressedOops                        = true                           {product lp64_product} {ergonomic}
     bool UseG1GC                                  = true                                      {product} {ergonomic}
     bool UseLargePagesIndividualAllocation        = false                                  {pd product} {ergonomic}

Logging:
Log output configuration:
 #0: stdout all=warning uptime,level,tags foldmultilines=false
 #1: stderr all=off uptime,level,tags foldmultilines=false

Environment Variables:
PATH=C:/Users/riki/Documents/Workspace-24/Tools/IDEs/eclipse-jee-2023-12R//plugins/org.eclipse.justj.openjdk.hotspot.jre.full.win32.x86_64_17.0.10.v20240120-1143/jre/bin/server;C:/Users/riki/Documents/Workspace-24/Tools/IDEs/eclipse-jee-2023-12R//plugins/org.eclipse.justj.openjdk.hotspot.jre.full.win32.x86_64_17.0.10.v20240120-1143/jre/bin;C:\Users\riki\Documents\Workspace-24\Tools\Infrastructure\jdk-20.0.2\bin;C:\Program Files\Firefox Developer Edition;C:\Users\riki\Documents\Workspace-24\Tools\Infrastructure\geckodriver-0.33.0;C:\Program Files (x86)\Common Files\Oracle\Java\javapath;C:\Program Files\Parallels\Parallels Tools\Applications;C:\Windows\system32;C:\Windows;C:\Windows\System32\Wbem;C:\Windows\System32\WindowsPowerShell\v1.0\;C:\Windows\System32\OpenSSH\;C:\Program Files\Git\cmd;C:\Users\riki\AppData\Local\Microsoft\WindowsApps;C:\Users\riki\AppData\Local\GitHubDesktop\bin;C:\Users\riki\Documents\Workspace-24\Tools\IDEs\eclipse-jee-2023-12R;
USERNAME=riki
OS=Windows_NT
PROCESSOR_IDENTIFIER=ARMv8 (64-bit) Family 8 Model 0 Revision   0,  
TMP=C:\Users\riki\AppData\Local\Temp
TEMP=C:\Users\riki\AppData\Local\Temp




---------------  S Y S T E M  ---------------

OS:
 Windows 11 , 64 bit Build 22621 (10.0.22621.2506)
OS uptime: 0 days 0:14 hours

CPU: total 8 (initial active 8) (8 cores per cpu, 1 threads per core) family 15 model 4 stepping 10 microcode 0x0, cx8, cmov, fxsr, mmx, 3dnowpref, sse, sse2, sse3, ssse3, sse4.1, sse4.2, popcnt, tsc, tscinvbit, aes, clmul, clflush, rdtscp

Memory: 4k page, system-wide physical 16378M (11183M free)
TotalPageFile size 17402M (AvailPageFile size 12054M)
current process WorkingSet (physical memory assigned to process): 538M, peak: 538M
current process commit charge ("private bytes"): 536M, peak: 536M

vm_info: Java HotSpot(TM) 64-Bit Server VM (20.0.2+9-78) for windows-amd64 JRE (20.0.2+9-78), built on 2023-06-14T10:08:48Z by "mach5one" with MS VC++ 17.1 (VS2022)

END.
