#
# A fatal error has been detected by the Java Runtime Environment:
#
#  EXCEPTION_ACCESS_VIOLATION (0xc0000005) at pc=0x00007ffec67e06c1, pid=1944, tid=9044
#
# JRE version: Java(TM) SE Runtime Environment (20.0.2+9) (build 20.0.2+9-78)
# Java VM: Java HotSpot(TM) 64-Bit Server VM (20.0.2+9-78, mixed mode, sharing, tiered, compressed oops, compressed class ptrs, g1 gc, windows-amd64)
# Problematic frame:
# V  [jvm.dll+0x3c06c1]
#
# No core dump will be written. Minidumps are not enabled by default on client versions of Windows
#
# If you would like to submit a bug report, please visit:
#   https://bugreport.java.com/bugreport/crash.jsp
#

---------------  S U M M A R Y ------------

Command Line: -ea -ea -Dfile.encoding=utf-8 -Dstdout.encoding=utf-8 -Dstderr.encoding=utf-8 -XX:+ShowCodeDetailsInExceptionMessages acme.Launcher --platform testing --launcher tester#recorder

Host: Apple Silicon, 8 cores, 15G,  Windows 11 , 64 bit Build 22621 (10.0.22621.2506)
Time: Mon May 27 20:30:32 2024 Hora de verano romance elapsed time: 37.541214 seconds (0d 0h 0m 37s)

---------------  T H R E A D  ---------------

Current thread (0x000001d4a40f2f90):  JavaThread "C2 CompilerThread1" daemon [_thread_in_native, id=9044, stack(0x000000c27d400000,0x000000c27d500000)]


Current CompileTask:
C2:  37542 15344       4       org.eclipse.jdt.internal.compiler.lookup.LookupEnvironment::getTypeFromTypeSignature (770 bytes)

Stack: [0x000000c27d400000,0x000000c27d500000],  sp=0x000000c27d4fbe30,  free space=1007k
Native frames: (J=compiled Java code, j=interpreted, Vv=VM code, C=native code)
V  [jvm.dll+0x3c06c1]
V  [jvm.dll+0x5c46c6]
V  [jvm.dll+0x385ba4]
V  [jvm.dll+0x384fea]
V  [jvm.dll+0x24b529]
V  [jvm.dll+0x24a921]
V  [jvm.dll+0x1ce761]
V  [jvm.dll+0x25a0eb]
V  [jvm.dll+0x2587c0]
V  [jvm.dll+0x3f2dd5]
V  [jvm.dll+0x7f5c76]
V  [jvm.dll+0x6baecb]
C  [ucrtbase.dll+0x170ccc]


siginfo: EXCEPTION_ACCESS_VIOLATION (0xc0000005), writing address 0x0000ecfec6fd2260


Registers:
RAX=0x000000c27d4fe9f0, RBX=0x0000ecfec6fd2260, RCX=0x000001d4a3e74180, RDX=0x0000000000000003
RSP=0x000000c27d4fbe30, RBP=0x000001d4a3f88d50, RSI=0x0000000000000030, RDI=0x000001d4a6e1d540
R8 =0x0000000000000000, R9 =0x000001d4a22f15e0, R10=0x00007ffec6fd2260, R11=0x000000c27d4fbe68
R12=0x0000000000000000, R13=0x000001d4a6ad40e0, R14=0x0000000000000068, R15=0x0000000000000028
RIP=0x00007ffec67e06c1, EFLAGS=0x0000000000000202


Register to memory mapping:

RIP=0x00007ffec67e06c1 jvm.dll
RAX=0x000000c27d4fe9f0 is pointing into the stack for thread: 0x000001d4a40f2f90
RBX=0x0000ecfec6fd2260 is an unknown value
RCX=0x000001d4a3e74180 points into unknown readable memory: 0x000001d4a3e74160 | 60 41 e7 a3 d4 01 00 00
RDX=0x0000000000000003 is an unknown value
RSP=0x000000c27d4fbe30 is pointing into the stack for thread: 0x000001d4a40f2f90
RBP=0x000001d4a3f88d50 points into unknown readable memory: 0x0000000000000000 | 00 00 00 00 00 00 00 00
RSI=0x0000000000000030 is an unknown value
RDI=0x000001d4a6e1d540 points into unknown readable memory: 0x0000001f00000000 | 00 00 00 00 1f 00 00 00
R8 =0x0 is NULL
R9 =0x000001d4a22f15e0 points into unknown readable memory: 0x646e416b63656807 | 07 68 65 63 6b 41 6e 64
R10=0x00007ffec6fd2260 jvm.dll
R11=0x000000c27d4fbe68 is pointing into the stack for thread: 0x000001d4a40f2f90
R12=0x0 is NULL
R13=0x000001d4a6ad40e0 points into unknown readable memory: 0x000001d4a6dfcc90 | 90 cc df a6 d4 01 00 00
R14=0x0000000000000068 is an unknown value
R15=0x0000000000000028 is an unknown value


Top of Stack: (sp=0x000000c27d4fbe30)
0x000000c27d4fbe30:   000000000000001b 000001d4a322cb58
0x000000c27d4fbe40:   0000000000000001 000001d4a6ee9678
0x000000c27d4fbe50:   000001d4a22f15e0 0000000000000341
0x000000c27d4fbe60:   0000000000000006 00007ffec69e46c6
0x000000c27d4fbe70:   000000c27d4fc1d0 0000000000000341
0x000000c27d4fbe80:   000001d4a6e1d540 000001d4a672cfa8
0x000000c27d4fbe90:   000001d4a3f88d78 000001d4a6ee9678
0x000000c27d4fbea0:   0000000000000658 000001d4a22f15e0
0x000000c27d4fbeb0:   000001d4a6ad40e0 00000000003c4c88
0x000000c27d4fbec0:   000001d4a6ad4130 000001d4a6adc0c8
0x000000c27d4fbed0:   000001d400000080 000001d4a59664e8
0x000000c27d4fbee0:   0000000000000080 000001d4a22f15e0
0x000000c27d4fbef0:   0000000000259f30 000001d49b283b30
0x000000c27d4fbf00:   0000000000000000 000001d49b283f18
0x000000c27d4fbf10:   000001d49b283b40 000000c27d4fc410
0x000000c27d4fbf20:   00000000000003d8 000000c27d4fc040
0x000000c27d4fbf30:   00000000000036ba 00007ffec67a5ba4
0x000000c27d4fbf40:   000000c200000000 0000000000000001
0x000000c27d4fbf50:   000001d4a322cb58 000001d4a3f88db8
0x000000c27d4fbf60:   000000c27fffff01 00007fff1761ca34
0x000000c27d4fbf70:   0000000000000000 00007fff1b86c214
0x000000c27d4fbf80:   0000000000000048 00007fff00000007
0x000000c27d4fbf90:   000001d49b283b30 000001d4a44caca0
0x000000c27d4fbfa0:   000001d4a44cf2d0 000001d4a44d2c88
0x000000c27d4fbfb0:   0000000000ed37a0 000001d4a5270360
0x000000c27d4fbfc0:   000001d4a527de50 000001d4a5270370
0x000000c27d4fbfd0:   000001d4a22f15e0 00007ffe00000200
0x000000c27d4fbfe0:   000001d4a68b3740 0000000000000200
0x000000c27d4fbff0:   000001d4a22f15e0 000001d4a25a4010
0x000000c27d4fc000:   0000000000290be8 0000000000000000
0x000000c27d4fc010:   0000000000000000 0000000000000000
0x000000c27d4fc020:   00007ffec6d7a060 0000000000000009 

Instructions: (pc=0x00007ffec67e06c1)
0x00007ffec67e05c1:   18 48 8b 88 48 05 00 00 48 8b 99 80 00 00 00 48
0x00007ffec67e05d1:   8b 83 c8 08 00 00 48 85 c0 75 0c e8 af 08 00 00
0x00007ffec67e05e1:   48 8b 83 c8 08 00 00 48 8b 08 0f 57 c0 48 89 8b
0x00007ffec67e05f1:   c8 08 00 00 0f 11 00 0f 11 40 10 48 83 c4 20 5b
0x00007ffec67e0601:   c3 cc cc cc cc cc cc cc cc cc cc cc cc cc cc 48
0x00007ffec67e0611:   89 5c 24 08 57 48 83 ec 20 8b da 48 8b f9 e8 6c
0x00007ffec67e0621:   ff ff ff c1 eb 08 3b 5f 04 72 08 44 8d 43 01 44
0x00007ffec67e0631:   89 47 04 48 8b 4f 08 48 89 04 d9 48 8b 5c 24 30
0x00007ffec67e0641:   48 83 c4 20 5f c3 cc cc cc cc cc cc cc cc cc 48
0x00007ffec67e0651:   89 5c 24 08 48 89 6c 24 10 48 89 74 24 18 57 41
0x00007ffec67e0661:   56 41 57 48 83 ec 20 8b c2 48 8b f9 8b 15 d5 48
0x00007ffec67e0671:   83 00 41 be 68 00 00 00 48 8d 34 c5 00 00 00 00
0x00007ffec67e0681:   48 8b 41 08 48 8b 1c 06 65 48 8b 04 25 58 00 00
0x00007ffec67e0691:   00 48 8b 2c d0 41 80 3c 2e 00 75 05 e8 7e 67 4e
0x00007ffec67e06a1:   00 41 bf 28 00 00 00 49 8b 04 2f 48 8b 88 48 05
0x00007ffec67e06b1:   00 00 48 8b 81 80 00 00 00 48 8b 88 c8 08 00 00
0x00007ffec67e06c1:   48 89 0b 41 80 3c 2e 00 75 05 e8 50 67 4e 00 49
0x00007ffec67e06d1:   8b 04 2f 48 8b 6c 24 48 48 8b 88 48 05 00 00 48
0x00007ffec67e06e1:   8b 81 80 00 00 00 48 8d 0d 72 1b 7f 00 48 89 98
0x00007ffec67e06f1:   c8 08 00 00 48 8b 47 08 48 8b 5c 24 40 48 89 0c
0x00007ffec67e0701:   06 48 8b 74 24 50 48 83 c4 20 41 5f 41 5e 5f c3
0x00007ffec67e0711:   cc cc cc cc cc cc cc cc cc cc cc cc cc cc cc 48
0x00007ffec67e0721:   89 5c 24 10 57 48 83 ec 20 81 c2 ff 00 00 00 33
0x00007ffec67e0731:   db c1 ea 08 48 8b f9 48 89 19 89 91 90 00 00 00
0x00007ffec67e0741:   83 fa 10 77 06 48 83 c1 10 eb 7c 65 48 8b 04 25
0x00007ffec67e0751:   58 00 00 00 8b 0d ed 47 83 00 48 89 74 24 30 48
0x00007ffec67e0761:   8b 34 c8 b8 68 00 00 00 38 1c 30 75 05 e8 ad 66
0x00007ffec67e0771:   4e 00 8b 97 90 00 00 00 b8 28 00 00 00 48 c1 e2
0x00007ffec67e0781:   03 48 8b 04 30 48 8b 74 24 30 48 8b 88 48 05 00
0x00007ffec67e0791:   00 48 8b 81 80 00 00 00 4c 8b 88 c0 08 00 00 49
0x00007ffec67e07a1:   8b 49 18 49 8b 41 20 48 2b c1 48 3b c2 72 0a 48
0x00007ffec67e07b1:   8d 04 11 49 89 41 18 eb 0e 45 33 c0 49 8b c9 e8 


Stack slot to memory mapping:
stack at sp + 0 slots: 0x000000000000001b is an unknown value
stack at sp + 1 slots: 0x000001d4a322cb58 points into unknown readable memory: 0x00007ffec6d66ba0 | a0 6b d6 c6 fe 7f 00 00
stack at sp + 2 slots: 0x0000000000000001 is an unknown value
stack at sp + 3 slots: 0x000001d4a6ee9678 points into unknown readable memory: 0x0000000000000000 | 00 00 00 00 00 00 00 00
stack at sp + 4 slots: 0x000001d4a22f15e0 points into unknown readable memory: 0x646e416b63656807 | 07 68 65 63 6b 41 6e 64
stack at sp + 5 slots: 0x0000000000000341 is an unknown value
stack at sp + 6 slots: 0x0000000000000006 is an unknown value
stack at sp + 7 slots: 0x00007ffec69e46c6 jvm.dll


---------------  P R O C E S S  ---------------

Threads class SMR info:
_java_thread_list=0x000001d4a20479d0, length=23, elements={
0x000001d49b029210, 0x000001d49b029f10, 0x000001d49b02c390, 0x000001d49b02ced0,
0x000001d49b02f820, 0x000001d49b030290, 0x000001d49b035750, 0x000001d49b043cc0,
0x000001d49b273e80, 0x000001d49b145a40, 0x000001d4a0c45490, 0x000001d4a2624d50,
0x000001d4a2624800, 0x000001d4a26252a0, 0x000001d4a2621d80, 0x000001d4a26cb070,
0x000001d4a26cc5b0, 0x000001d4a26cb5c0, 0x000001d4a26ccb00, 0x000001d4a26cd5a0,
0x000001d4a287bd70, 0x000001d4a40f2f90, 0x000001d4a40f2470
}

Java Threads: ( => current thread )
  0x000001d49b029210 JavaThread "Reference Handler" daemon [_thread_blocked, id=2436, stack(0x000000c27ba00000,0x000000c27bb00000)]
  0x000001d49b029f10 JavaThread "Finalizer" daemon [_thread_blocked, id=7420, stack(0x000000c27bb00000,0x000000c27bc00000)]
  0x000001d49b02c390 JavaThread "Signal Dispatcher" daemon [_thread_blocked, id=8800, stack(0x000000c27bc00000,0x000000c27bd00000)]
  0x000001d49b02ced0 JavaThread "Attach Listener" daemon [_thread_blocked, id=4424, stack(0x000000c27bd00000,0x000000c27be00000)]
  0x000001d49b02f820 JavaThread "Service Thread" daemon [_thread_blocked, id=3740, stack(0x000000c27be00000,0x000000c27bf00000)]
  0x000001d49b030290 JavaThread "Monitor Deflation Thread" daemon [_thread_blocked, id=5908, stack(0x000000c27bf00000,0x000000c27c000000)]
  0x000001d49b035750 JavaThread "C2 CompilerThread0" daemon [_thread_in_native, id=1424, stack(0x000000c27c000000,0x000000c27c100000)]
  0x000001d49b043cc0 JavaThread "C1 CompilerThread0" daemon [_thread_in_native, id=6792, stack(0x000000c27c100000,0x000000c27c200000)]
  0x000001d49b273e80 JavaThread "Notification Thread" daemon [_thread_blocked, id=8868, stack(0x000000c27c200000,0x000000c27c300000)]
  0x000001d49b145a40 JavaThread "Common-Cleaner" daemon [_thread_blocked, id=4952, stack(0x000000c27c400000,0x000000c27c500000)]
  0x000001d4a0c45490 JavaThread "logback-1" daemon [_thread_in_native, id=6972, stack(0x000000c27ce00000,0x000000c27cf00000)]
  0x000001d4a2624d50 JavaThread "Catalina-utility-1" [_thread_blocked, id=8028, stack(0x000000c27d000000,0x000000c27d100000)]
  0x000001d4a2624800 JavaThread "Catalina-utility-2" [_thread_blocked, id=5948, stack(0x000000c27d100000,0x000000c27d200000)]
  0x000001d4a26252a0 JavaThread "container-0" [_thread_blocked, id=6764, stack(0x000000c27d200000,0x000000c27d300000)]
  0x000001d4a2621d80 JavaThread "HikariPool-1 housekeeper" daemon [_thread_blocked, id=8500, stack(0x000000c27cf00000,0x000000c27d000000)]
  0x000001d4a26cb070 JavaThread "Java2D Disposer" daemon [_thread_blocked, id=4632, stack(0x000000c27c500000,0x000000c27c600000)]
  0x000001d4a26cc5b0 JavaThread "AWT-Windows" daemon [_thread_in_native, id=1216, stack(0x000000c27d600000,0x000000c27d700000)]
  0x000001d4a26cb5c0 JavaThread "http-nio-8082-exec-1" daemon [_thread_in_vm, id=2604, stack(0x000000c27d500000,0x000000c27d600000)]
  0x000001d4a26ccb00 JavaThread "http-nio-8082-Poller" daemon [_thread_in_native, id=1048, stack(0x000000c27d700000,0x000000c27d800000)]
  0x000001d4a26cd5a0 JavaThread "http-nio-8082-Acceptor" daemon [_thread_in_native, id=5104, stack(0x000000c27d800000,0x000000c27d900000)]
  0x000001d4a287bd70 JavaThread "DestroyJavaVM" [_thread_blocked, id=7096, stack(0x000000c27b300000,0x000000c27b400000)]
=>0x000001d4a40f2f90 JavaThread "C2 CompilerThread1" daemon [_thread_in_native, id=9044, stack(0x000000c27d400000,0x000000c27d500000)]
  0x000001d4a40f2470 JavaThread "C2 CompilerThread2" daemon [_thread_in_native, id=5484, stack(0x000000c27db00000,0x000000c27dc00000)]

Other Threads:
  0x000001d49b003490 VMThread "VM Thread" [stack: 0x000000c27b900000,0x000000c27ba00000] [id=8452]
  0x000001d49b278e00 WatcherThread "VM Periodic Task Thread" [stack: 0x000000c27c300000,0x000000c27c400000] [id=7544]
  0x000001d457401120 WorkerThread "GC Thread#0" [stack: 0x000000c27b400000,0x000000c27b500000] [id=3568]
  0x000001d4a0a744a0 WorkerThread "GC Thread#1" [stack: 0x000000c27c700000,0x000000c27c800000] [id=2892]
  0x000001d4a0a75df0 WorkerThread "GC Thread#2" [stack: 0x000000c27c800000,0x000000c27c900000] [id=5260]
  0x000001d4a0a75850 WorkerThread "GC Thread#3" [stack: 0x000000c27c900000,0x000000c27ca00000] [id=2256]
  0x000001d4a0a74770 WorkerThread "GC Thread#4" [stack: 0x000000c27ca00000,0x000000c27cb00000] [id=2736]
  0x000001d4a0a75b20 WorkerThread "GC Thread#5" [stack: 0x000000c27cb00000,0x000000c27cc00000] [id=4148]
  0x000001d4a0a760c0 WorkerThread "GC Thread#6" [stack: 0x000000c27cc00000,0x000000c27cd00000] [id=4004]
  0x000001d4a0a74a40 WorkerThread "GC Thread#7" [stack: 0x000000c27cd00000,0x000000c27ce00000] [id=2316]
  0x000001d43a80b4a0 ConcurrentGCThread "G1 Main Marker" [stack: 0x000000c27b500000,0x000000c27b600000] [id=8308]
  0x000001d43a80cf60 WorkerThread "G1 Conc#0" [stack: 0x000000c27b600000,0x000000c27b700000] [id=9124]
  0x000001d4a1419e00 WorkerThread "G1 Conc#1" [stack: 0x000000c27c600000,0x000000c27c700000] [id=844]
  0x000001d4574927e0 ConcurrentGCThread "G1 Refine#0" [stack: 0x000000c27b700000,0x000000c27b800000] [id=8788]
  0x000001d457493280 ConcurrentGCThread "G1 Service" [stack: 0x000000c27b800000,0x000000c27b900000] [id=8864]

Threads with active compile tasks:
C2 CompilerThread0    37639 15421       4       org.eclipse.jdt.internal.compiler.lookup.BinaryTypeBinding::getMemberType (170 bytes)
C1 CompilerThread0    37639 15431       3       org.eclipse.jdt.internal.compiler.ClassFile::traverse (7180 bytes)
C2 CompilerThread1    37639 15344       4       org.eclipse.jdt.internal.compiler.lookup.LookupEnvironment::getTypeFromTypeSignature (770 bytes)
C2 CompilerThread2    37639 15354       4       org.eclipse.jdt.internal.compiler.lookup.Scope::findMemberType (723 bytes)

VM state: not at safepoint (normal execution)

VM Mutex/Monitor currently owned by a thread: None

Heap address: 0x0000000700000000, size: 4096 MB, Compressed Oops mode: Zero based, Oop shift amount: 3

CDS archive(s) mapped at: [0x000001d45a000000-0x000001d45ac60000-0x000001d45ac60000), size 12976128, SharedBaseAddress: 0x000001d45a000000, ArchiveRelocationMode: 1.
Compressed class space mapped at: 0x000001d45b000000-0x000001d49b000000, reserved size: 1073741824
Narrow klass base: 0x000001d45a000000, Narrow klass shift: 0, Narrow klass range: 0x100000000

GC Precious Log:
 CardTable entry size: 512
 Card Set container configuration: InlinePtr #cards 4 size 8 Array Of Cards #cards 16 size 48 Howl #buckets 8 coarsen threshold 3686 Howl Bitmap #cards 512 size 80 coarsen threshold 460 Card regions per heap region 1 cards per card region 4096
 CPUs: 8 total, 8 available
 Memory: 16378M
 Large Page Support: Disabled
 NUMA Support: Disabled
 Compressed Oops: Enabled (Zero based)
 Heap Region Size: 2M
 Heap Min Capacity: 8M
 Heap Initial Capacity: 256M
 Heap Max Capacity: 4G
 Pre-touch: Disabled
 Parallel Workers: 8
 Concurrent Workers: 2
 Concurrent Refinement Workers: 8
 Periodic GC: Disabled

Heap:
 garbage-first heap   total 167936K, used 66637K [0x0000000700000000, 0x0000000800000000)
  region size 2048K, 10 young (20480K), 4 survivors (8192K)
 Metaspace       used 90946K, committed 91776K, reserved 1179648K
  class space    used 10693K, committed 11072K, reserved 1048576K

Heap Regions: E=young(eden), S=young(survivor), O=old, HS=humongous(starts), HC=humongous(continues), CS=collection set, F=free, OA=open archive, CA=closed archive, TAMS=top-at-mark-start, PB=parsable bottom
|   0|0x0000000700000000, 0x0000000700200000, 0x0000000700200000|100%| O|  |TAMS 0x0000000700000000| PB 0x0000000700000000| Untracked 
|   1|0x0000000700200000, 0x0000000700400000, 0x0000000700400000|100%| O|  |TAMS 0x0000000700200000| PB 0x0000000700200000| Untracked 
|   2|0x0000000700400000, 0x0000000700600000, 0x0000000700600000|100%| O|  |TAMS 0x0000000700400000| PB 0x0000000700400000| Untracked 
|   3|0x0000000700600000, 0x0000000700800000, 0x0000000700800000|100%| O|  |TAMS 0x0000000700600000| PB 0x0000000700600000| Untracked 
|   4|0x0000000700800000, 0x0000000700a00000, 0x0000000700a00000|100%| O|  |TAMS 0x0000000700800000| PB 0x0000000700800000| Untracked 
|   5|0x0000000700a00000, 0x0000000700c00000, 0x0000000700c00000|100%| O|  |TAMS 0x0000000700a00000| PB 0x0000000700a00000| Untracked 
|   6|0x0000000700c00000, 0x0000000700e00000, 0x0000000700e00000|100%| O|  |TAMS 0x0000000700c00000| PB 0x0000000700c00000| Untracked 
|   7|0x0000000700e00000, 0x0000000701000000, 0x0000000701000000|100%| O|  |TAMS 0x0000000700e00000| PB 0x0000000700e00000| Untracked 
|   8|0x0000000701000000, 0x0000000701200000, 0x0000000701200000|100%| O|  |TAMS 0x0000000701000000| PB 0x0000000701000000| Untracked 
|   9|0x0000000701200000, 0x0000000701400000, 0x0000000701400000|100%| O|  |TAMS 0x0000000701200000| PB 0x0000000701200000| Untracked 
|  10|0x0000000701400000, 0x0000000701600000, 0x0000000701600000|100%| O|  |TAMS 0x0000000701400000| PB 0x0000000701400000| Untracked 
|  11|0x0000000701600000, 0x0000000701800000, 0x0000000701800000|100%| O|  |TAMS 0x0000000701600000| PB 0x0000000701600000| Untracked 
|  12|0x0000000701800000, 0x0000000701a00000, 0x0000000701a00000|100%| O|  |TAMS 0x0000000701800000| PB 0x0000000701800000| Untracked 
|  13|0x0000000701a00000, 0x0000000701c00000, 0x0000000701c00000|100%| O|  |TAMS 0x0000000701a00000| PB 0x0000000701a00000| Untracked 
|  14|0x0000000701c00000, 0x0000000701e00000, 0x0000000701e00000|100%| O|  |TAMS 0x0000000701c00000| PB 0x0000000701c00000| Untracked 
|  15|0x0000000701e00000, 0x0000000702000000, 0x0000000702000000|100%| O|  |TAMS 0x0000000701e00000| PB 0x0000000701e00000| Untracked 
|  16|0x0000000702000000, 0x0000000702200000, 0x0000000702200000|100%| O|  |TAMS 0x0000000702000000| PB 0x0000000702000000| Untracked 
|  17|0x0000000702200000, 0x0000000702400000, 0x0000000702400000|100%| O|  |TAMS 0x0000000702200000| PB 0x0000000702200000| Untracked 
|  18|0x0000000702400000, 0x0000000702600000, 0x0000000702600000|100%| O|  |TAMS 0x0000000702400000| PB 0x0000000702400000| Untracked 
|  19|0x0000000702600000, 0x0000000702800000, 0x0000000702800000|100%| O|  |TAMS 0x0000000702600000| PB 0x0000000702600000| Untracked 
|  20|0x0000000702800000, 0x0000000702a00000, 0x0000000702a00000|100%| O|  |TAMS 0x0000000702800000| PB 0x0000000702800000| Untracked 
|  21|0x0000000702a00000, 0x0000000702c00000, 0x0000000702c00000|100%| O|  |TAMS 0x0000000702a00000| PB 0x0000000702a00000| Untracked 
|  22|0x0000000702c00000, 0x0000000702e00000, 0x0000000702e00000|100%| O|  |TAMS 0x0000000702c00000| PB 0x0000000702c00000| Untracked 
|  23|0x0000000702e00000, 0x0000000703000000, 0x0000000703000000|100%| O|  |TAMS 0x0000000702e00000| PB 0x0000000702e00000| Untracked 
|  24|0x0000000703000000, 0x0000000703016600, 0x0000000703200000|  4%| O|  |TAMS 0x0000000703000000| PB 0x0000000703000000| Untracked 
|  25|0x0000000703200000, 0x0000000703200000, 0x0000000703400000|  0%| F|  |TAMS 0x0000000703200000| PB 0x0000000703200000| Untracked 
|  26|0x0000000703400000, 0x0000000703400000, 0x0000000703600000|  0%| F|  |TAMS 0x0000000703400000| PB 0x0000000703400000| Untracked 
|  27|0x0000000703600000, 0x0000000703600000, 0x0000000703800000|  0%| F|  |TAMS 0x0000000703600000| PB 0x0000000703600000| Untracked 
|  28|0x0000000703800000, 0x0000000703800000, 0x0000000703a00000|  0%| F|  |TAMS 0x0000000703800000| PB 0x0000000703800000| Untracked 
|  29|0x0000000703a00000, 0x0000000703afd128, 0x0000000703c00000| 49%| S|CS|TAMS 0x0000000703a00000| PB 0x0000000703a00000| Complete 
|  30|0x0000000703c00000, 0x0000000703c00000, 0x0000000703e00000|  0%| F|  |TAMS 0x0000000703c00000| PB 0x0000000703c00000| Untracked 
|  31|0x0000000703e00000, 0x0000000704000000, 0x0000000704000000|100%| S|CS|TAMS 0x0000000703e00000| PB 0x0000000703e00000| Complete 
|  32|0x0000000704000000, 0x0000000704200000, 0x0000000704200000|100%| S|CS|TAMS 0x0000000704000000| PB 0x0000000704000000| Complete 
|  33|0x0000000704200000, 0x0000000704200000, 0x0000000704400000|  0%| F|  |TAMS 0x0000000704200000| PB 0x0000000704200000| Untracked 
|  34|0x0000000704400000, 0x0000000704400000, 0x0000000704600000|  0%| F|  |TAMS 0x0000000704400000| PB 0x0000000704400000| Untracked 
|  35|0x0000000704600000, 0x0000000704800000, 0x0000000704800000|100%| S|CS|TAMS 0x0000000704600000| PB 0x0000000704600000| Complete 
|  36|0x0000000704800000, 0x0000000704800000, 0x0000000704a00000|  0%| F|  |TAMS 0x0000000704800000| PB 0x0000000704800000| Untracked 
|  37|0x0000000704a00000, 0x0000000704a00000, 0x0000000704c00000|  0%| F|  |TAMS 0x0000000704a00000| PB 0x0000000704a00000| Untracked 
|  38|0x0000000704c00000, 0x0000000704c00000, 0x0000000704e00000|  0%| F|  |TAMS 0x0000000704c00000| PB 0x0000000704c00000| Untracked 
|  39|0x0000000704e00000, 0x0000000704e00000, 0x0000000705000000|  0%| F|  |TAMS 0x0000000704e00000| PB 0x0000000704e00000| Untracked 
|  40|0x0000000705000000, 0x0000000705000000, 0x0000000705200000|  0%| F|  |TAMS 0x0000000705000000| PB 0x0000000705000000| Untracked 
|  41|0x0000000705200000, 0x0000000705200000, 0x0000000705400000|  0%| F|  |TAMS 0x0000000705200000| PB 0x0000000705200000| Untracked 
|  42|0x0000000705400000, 0x0000000705400000, 0x0000000705600000|  0%| F|  |TAMS 0x0000000705400000| PB 0x0000000705400000| Untracked 
|  43|0x0000000705600000, 0x0000000705600000, 0x0000000705800000|  0%| F|  |TAMS 0x0000000705600000| PB 0x0000000705600000| Untracked 
|  44|0x0000000705800000, 0x0000000705800000, 0x0000000705a00000|  0%| F|  |TAMS 0x0000000705800000| PB 0x0000000705800000| Untracked 
|  45|0x0000000705a00000, 0x0000000705a00000, 0x0000000705c00000|  0%| F|  |TAMS 0x0000000705a00000| PB 0x0000000705a00000| Untracked 
|  46|0x0000000705c00000, 0x0000000705c00000, 0x0000000705e00000|  0%| F|  |TAMS 0x0000000705c00000| PB 0x0000000705c00000| Untracked 
|  47|0x0000000705e00000, 0x0000000705e00000, 0x0000000706000000|  0%| F|  |TAMS 0x0000000705e00000| PB 0x0000000705e00000| Untracked 
|  48|0x0000000706000000, 0x0000000706000000, 0x0000000706200000|  0%| F|  |TAMS 0x0000000706000000| PB 0x0000000706000000| Untracked 
|  49|0x0000000706200000, 0x0000000706200000, 0x0000000706400000|  0%| F|  |TAMS 0x0000000706200000| PB 0x0000000706200000| Untracked 
|  50|0x0000000706400000, 0x0000000706400000, 0x0000000706600000|  0%| F|  |TAMS 0x0000000706400000| PB 0x0000000706400000| Untracked 
|  51|0x0000000706600000, 0x0000000706600000, 0x0000000706800000|  0%| F|  |TAMS 0x0000000706600000| PB 0x0000000706600000| Untracked 
|  52|0x0000000706800000, 0x0000000706800000, 0x0000000706a00000|  0%| F|  |TAMS 0x0000000706800000| PB 0x0000000706800000| Untracked 
|  53|0x0000000706a00000, 0x0000000706a00000, 0x0000000706c00000|  0%| F|  |TAMS 0x0000000706a00000| PB 0x0000000706a00000| Untracked 
|  54|0x0000000706c00000, 0x0000000706c00000, 0x0000000706e00000|  0%| F|  |TAMS 0x0000000706c00000| PB 0x0000000706c00000| Untracked 
|  55|0x0000000706e00000, 0x0000000706e00000, 0x0000000707000000|  0%| F|  |TAMS 0x0000000706e00000| PB 0x0000000706e00000| Untracked 
|  56|0x0000000707000000, 0x0000000707000000, 0x0000000707200000|  0%| F|  |TAMS 0x0000000707000000| PB 0x0000000707000000| Untracked 
|  57|0x0000000707200000, 0x0000000707200000, 0x0000000707400000|  0%| F|  |TAMS 0x0000000707200000| PB 0x0000000707200000| Untracked 
|  58|0x0000000707400000, 0x0000000707400000, 0x0000000707600000|  0%| F|  |TAMS 0x0000000707400000| PB 0x0000000707400000| Untracked 
|  59|0x0000000707600000, 0x0000000707600000, 0x0000000707800000|  0%| F|  |TAMS 0x0000000707600000| PB 0x0000000707600000| Untracked 
|  60|0x0000000707800000, 0x0000000707800000, 0x0000000707a00000|  0%| F|  |TAMS 0x0000000707800000| PB 0x0000000707800000| Untracked 
|  61|0x0000000707a00000, 0x0000000707a00000, 0x0000000707c00000|  0%| F|  |TAMS 0x0000000707a00000| PB 0x0000000707a00000| Untracked 
|  62|0x0000000707c00000, 0x0000000707c00000, 0x0000000707e00000|  0%| F|  |TAMS 0x0000000707c00000| PB 0x0000000707c00000| Untracked 
|  63|0x0000000707e00000, 0x0000000707e00000, 0x0000000708000000|  0%| F|  |TAMS 0x0000000707e00000| PB 0x0000000707e00000| Untracked 
|  64|0x0000000708000000, 0x0000000708000000, 0x0000000708200000|  0%| F|  |TAMS 0x0000000708000000| PB 0x0000000708000000| Untracked 
|  65|0x0000000708200000, 0x0000000708200000, 0x0000000708400000|  0%| F|  |TAMS 0x0000000708200000| PB 0x0000000708200000| Untracked 
|  66|0x0000000708400000, 0x0000000708400000, 0x0000000708600000|  0%| F|  |TAMS 0x0000000708400000| PB 0x0000000708400000| Untracked 
|  67|0x0000000708600000, 0x0000000708600000, 0x0000000708800000|  0%| F|  |TAMS 0x0000000708600000| PB 0x0000000708600000| Untracked 
|  68|0x0000000708800000, 0x0000000708800000, 0x0000000708a00000|  0%| F|  |TAMS 0x0000000708800000| PB 0x0000000708800000| Untracked 
|  69|0x0000000708a00000, 0x0000000708a00000, 0x0000000708c00000|  0%| F|  |TAMS 0x0000000708a00000| PB 0x0000000708a00000| Untracked 
|  70|0x0000000708c00000, 0x0000000708c00000, 0x0000000708e00000|  0%| F|  |TAMS 0x0000000708c00000| PB 0x0000000708c00000| Untracked 
|  71|0x0000000708e00000, 0x0000000708e00000, 0x0000000709000000|  0%| F|  |TAMS 0x0000000708e00000| PB 0x0000000708e00000| Untracked 
|  72|0x0000000709000000, 0x0000000709000000, 0x0000000709200000|  0%| F|  |TAMS 0x0000000709000000| PB 0x0000000709000000| Untracked 
|  73|0x0000000709200000, 0x0000000709200000, 0x0000000709400000|  0%| F|  |TAMS 0x0000000709200000| PB 0x0000000709200000| Untracked 
|  74|0x0000000709400000, 0x0000000709400000, 0x0000000709600000|  0%| F|  |TAMS 0x0000000709400000| PB 0x0000000709400000| Untracked 
|  75|0x0000000709600000, 0x0000000709600000, 0x0000000709800000|  0%| F|  |TAMS 0x0000000709600000| PB 0x0000000709600000| Untracked 
|  76|0x0000000709800000, 0x0000000709951d28, 0x0000000709a00000| 65%| E|  |TAMS 0x0000000709800000| PB 0x0000000709800000| Complete 
| 106|0x000000070d400000, 0x000000070d600000, 0x000000070d600000|100%| E|CS|TAMS 0x000000070d400000| PB 0x000000070d400000| Complete 
| 107|0x000000070d600000, 0x000000070d800000, 0x000000070d800000|100%| E|CS|TAMS 0x000000070d600000| PB 0x000000070d600000| Complete 
| 108|0x000000070d800000, 0x000000070da00000, 0x000000070da00000|100%| E|CS|TAMS 0x000000070d800000| PB 0x000000070d800000| Complete 
| 126|0x000000070fc00000, 0x000000070fe00000, 0x000000070fe00000|100%| E|CS|TAMS 0x000000070fc00000| PB 0x000000070fc00000| Complete 
| 127|0x000000070fe00000, 0x0000000710000000, 0x0000000710000000|100%| E|CS|TAMS 0x000000070fe00000| PB 0x000000070fe00000| Complete 

Card table byte_map: [0x000001d452350000,0x000001d452b50000] _byte_map_base: 0x000001d44eb50000

Marking Bits: (CMBitMap*) 0x000001d457401750
 Bits: [0x000001d453350000, 0x000001d457350000)

Polling page: 0x000001d439f10000

Metaspace:

Usage:
  Non-class:     78.37 MB used.
      Class:     10.44 MB used.
       Both:     88.81 MB used.

Virtual space:
  Non-class space:      128.00 MB reserved,      78.81 MB ( 62%) committed,  2 nodes.
      Class space:        1.00 GB reserved,      10.81 MB (  1%) committed,  1 nodes.
             Both:        1.12 GB reserved,      89.62 MB (  8%) committed. 

Chunk freelists:
   Non-Class:  1.05 MB
       Class:  1.23 MB
        Both:  2.27 MB

MaxMetaspaceSize: unlimited
CompressedClassSpaceSize: 1.00 GB
Initial GC threshold: 21.00 MB
Current GC threshold: 97.94 MB
CDS: on
MetaspaceReclaimPolicy: balanced
 - commit_granule_bytes: 65536.
 - commit_granule_words: 8192.
 - virtual_space_node_default_size: 8388608.
 - enlarge_chunks_in_place: 1.
 - new_chunks_are_fully_committed: 0.
 - uncommit_free_chunks: 1.
 - use_allocation_guard: 0.


Internal statistics:

num_allocs_failed_limit: 9.
num_arena_births: 1098.
num_arena_deaths: 0.
num_vsnodes_births: 3.
num_vsnodes_deaths: 0.
num_space_committed: 1434.
num_space_uncommitted: 0.
num_chunks_returned_to_freelist: 9.
num_chunks_taken_from_freelist: 4237.
num_chunk_merges: 9.
num_chunk_splits: 3027.
num_chunks_enlarged: 2407.
num_inconsistent_stats: 0.

CodeHeap 'non-profiled nmethods': size=120000Kb used=11190Kb max_used=11190Kb free=108809Kb
 bounds [0x000001d44a2f0000, 0x000001d44ade0000, 0x000001d451820000]
CodeHeap 'profiled nmethods': size=120000Kb used=35237Kb max_used=35237Kb free=84762Kb
 bounds [0x000001d442820000, 0x000001d444a90000, 0x000001d449d50000]
CodeHeap 'non-nmethods': size=5760Kb used=1875Kb max_used=1947Kb free=3885Kb
 bounds [0x000001d449d50000, 0x000001d449fc0000, 0x000001d44a2f0000]
 total_blobs=15187 nmethods=14372 adapters=725
 compilation: enabled
              stopped_count=0, restarted_count=0
 full_count=0

Compilation events (20 events):
Event: 37.497 Thread 0x000001d49b043cc0 15395       1       org.eclipse.jdt.internal.compiler.ASTVisitor::visit (2 bytes)
Event: 37.497 Thread 0x000001d49b043cc0 nmethod 15395 0x000001d44adccc90 code [0x000001d44adcce00, 0x000001d44adccec8]
Event: 37.498 Thread 0x000001d49b043cc0 15396       3       org.eclipse.jdt.internal.compiler.ast.FakedTrackingVariable::isFluentMethod (68 bytes)
Event: 37.498 Thread 0x000001d49b043cc0 nmethod 15396 0x000001d444a72510 code [0x000001d444a726e0, 0x000001d444a72b90]
Event: 37.499 Thread 0x000001d49b043cc0 15397       3       org.eclipse.jdt.internal.compiler.ast.FalseLiteral::traverse (14 bytes)
Event: 37.499 Thread 0x000001d49b043cc0 nmethod 15397 0x000001d444a72d90 code [0x000001d444a72f20, 0x000001d444a731e8]
Event: 37.499 Thread 0x000001d49b043cc0 15398       3       org.eclipse.jdt.internal.compiler.ASTVisitor::endVisit (1 bytes)
Event: 37.499 Thread 0x000001d49b043cc0 nmethod 15398 0x000001d444a73310 code [0x000001d444a734a0, 0x000001d444a735b0]
Event: 37.504 Thread 0x000001d49b043cc0 15399       3       org.eclipse.jdt.internal.compiler.ast.AllocationExpression::analyseCode (339 bytes)
Event: 37.508 Thread 0x000001d49b043cc0 nmethod 15399 0x000001d444a73690 code [0x000001d444a73a60, 0x000001d444a75de8]
Event: 37.508 Thread 0x000001d49b043cc0 15402       3       org.eclipse.jdt.internal.compiler.ast.FakedTrackingVariable::<init> (127 bytes)
Event: 37.510 Thread 0x000001d49b043cc0 nmethod 15402 0x000001d444a76910 code [0x000001d444a76b60, 0x000001d444a779e8]
Event: 37.510 Thread 0x000001d49b043cc0 15400       3       org.eclipse.jdt.internal.compiler.ast.AllocationExpression::checkCapturedLocalInitializationIfNecessary (112 bytes)
Event: 37.511 Thread 0x000001d49b043cc0 nmethod 15400 0x000001d444a77e10 code [0x000001d444a78020, 0x000001d444a78a48]
Event: 37.511 Thread 0x000001d49b043cc0 15401       3       org.eclipse.jdt.internal.compiler.ast.AllocationExpression::manageEnclosingInstanceAccessIfNecessary (74 bytes)
Event: 37.513 Thread 0x000001d49b043cc0 nmethod 15401 0x000001d444a78e10 code [0x000001d444a79060, 0x000001d444a79dc8]
Event: 37.513 Thread 0x000001d49b043cc0 15403       3       org.eclipse.jdt.internal.compiler.ast.MessageSend::checkNPE (117 bytes)
Event: 37.514 Thread 0x000001d49b043cc0 nmethod 15403 0x000001d444a7a190 code [0x000001d444a7a3e0, 0x000001d444a7ac08]
Event: 37.520 Thread 0x000001d49b043cc0 15404       1       org.eclipse.jdt.internal.compiler.ASTVisitor::visit (2 bytes)
Event: 37.521 Thread 0x000001d49b043cc0 nmethod 15404 0x000001d44adccf90 code [0x000001d44adcd100, 0x000001d44adcd1c8]

GC Heap History (20 events):
Event: 23.782 GC heap before
{Heap before GC invocations=31 (full 0):
 garbage-first heap   total 139264K, used 124309K [0x0000000700000000, 0x0000000800000000)
  region size 2048K, 39 young (79872K), 2 survivors (4096K)
 Metaspace       used 74214K, committed 74752K, reserved 1114112K
  class space    used 9349K, committed 9600K, reserved 1048576K
}
Event: 23.787 GC heap after
{Heap after GC invocations=32 (full 0):
 garbage-first heap   total 139264K, used 48308K [0x0000000700000000, 0x0000000800000000)
  region size 2048K, 1 young (2048K), 1 survivors (2048K)
 Metaspace       used 74214K, committed 74752K, reserved 1114112K
  class space    used 9349K, committed 9600K, reserved 1048576K
}
Event: 25.481 GC heap before
{Heap before GC invocations=32 (full 0):
 garbage-first heap   total 139264K, used 128180K [0x0000000700000000, 0x0000000800000000)
  region size 2048K, 40 young (81920K), 1 survivors (2048K)
 Metaspace       used 75123K, committed 75776K, reserved 1179648K
  class space    used 9442K, committed 9792K, reserved 1048576K
}
Event: 25.489 GC heap after
{Heap after GC invocations=33 (full 0):
 garbage-first heap   total 139264K, used 49594K [0x0000000700000000, 0x0000000800000000)
  region size 2048K, 2 young (4096K), 2 survivors (4096K)
 Metaspace       used 75123K, committed 75776K, reserved 1179648K
  class space    used 9442K, committed 9792K, reserved 1048576K
}
Event: 27.372 GC heap before
{Heap before GC invocations=33 (full 0):
 garbage-first heap   total 139264K, used 125370K [0x0000000700000000, 0x0000000800000000)
  region size 2048K, 39 young (79872K), 2 survivors (4096K)
 Metaspace       used 76804K, committed 77504K, reserved 1179648K
  class space    used 9612K, committed 9920K, reserved 1048576K
}
Event: 27.381 GC heap after
{Heap after GC invocations=34 (full 0):
 garbage-first heap   total 139264K, used 50124K [0x0000000700000000, 0x0000000800000000)
  region size 2048K, 2 young (4096K), 2 survivors (4096K)
 Metaspace       used 76804K, committed 77504K, reserved 1179648K
  class space    used 9612K, committed 9920K, reserved 1048576K
}
Event: 28.983 GC heap before
{Heap before GC invocations=34 (full 0):
 garbage-first heap   total 139264K, used 125900K [0x0000000700000000, 0x0000000800000000)
  region size 2048K, 39 young (79872K), 2 survivors (4096K)
 Metaspace       used 76928K, committed 77568K, reserved 1179648K
  class space    used 9614K, committed 9920K, reserved 1048576K
}
Event: 28.989 GC heap after
{Heap after GC invocations=35 (full 0):
 garbage-first heap   total 139264K, used 49822K [0x0000000700000000, 0x0000000800000000)
  region size 2048K, 2 young (4096K), 2 survivors (4096K)
 Metaspace       used 76928K, committed 77568K, reserved 1179648K
  class space    used 9614K, committed 9920K, reserved 1048576K
}
Event: 30.792 GC heap before
{Heap before GC invocations=35 (full 0):
 garbage-first heap   total 139264K, used 123550K [0x0000000700000000, 0x0000000800000000)
  region size 2048K, 39 young (79872K), 2 survivors (4096K)
 Metaspace       used 81971K, committed 82688K, reserved 1179648K
  class space    used 10134K, committed 10496K, reserved 1048576K
}
Event: 30.800 GC heap after
{Heap after GC invocations=36 (full 0):
 garbage-first heap   total 139264K, used 52111K [0x0000000700000000, 0x0000000800000000)
  region size 2048K, 3 young (6144K), 3 survivors (6144K)
 Metaspace       used 81971K, committed 82688K, reserved 1179648K
  class space    used 10134K, committed 10496K, reserved 1048576K
}
Event: 32.176 GC heap before
{Heap before GC invocations=36 (full 0):
 garbage-first heap   total 139264K, used 121743K [0x0000000700000000, 0x0000000800000000)
  region size 2048K, 38 young (77824K), 3 survivors (6144K)
 Metaspace       used 88933K, committed 89664K, reserved 1179648K
  class space    used 10652K, committed 11008K, reserved 1048576K
}
Event: 32.192 GC heap after
{Heap after GC invocations=37 (full 0):
 garbage-first heap   total 139264K, used 54043K [0x0000000700000000, 0x0000000800000000)
  region size 2048K, 4 young (8192K), 4 survivors (8192K)
 Metaspace       used 88933K, committed 89664K, reserved 1179648K
  class space    used 10652K, committed 11008K, reserved 1048576K
}
Event: 33.652 GC heap before
{Heap before GC invocations=37 (full 0):
 garbage-first heap   total 139264K, used 121627K [0x0000000700000000, 0x0000000800000000)
  region size 2048K, 37 young (75776K), 4 survivors (8192K)
 Metaspace       used 89782K, committed 90496K, reserved 1179648K
  class space    used 10662K, committed 11008K, reserved 1048576K
}
Event: 33.672 GC heap after
{Heap after GC invocations=38 (full 0):
 garbage-first heap   total 139264K, used 54844K [0x0000000700000000, 0x0000000800000000)
  region size 2048K, 3 young (6144K), 3 survivors (6144K)
 Metaspace       used 89782K, committed 90496K, reserved 1179648K
  class space    used 10662K, committed 11008K, reserved 1048576K
}
Event: 34.546 GC heap before
{Heap before GC invocations=38 (full 0):
 garbage-first heap   total 139264K, used 120380K [0x0000000700000000, 0x0000000800000000)
  region size 2048K, 36 young (73728K), 3 survivors (6144K)
 Metaspace       used 89968K, committed 90752K, reserved 1179648K
  class space    used 10665K, committed 11008K, reserved 1048576K
}
Event: 34.562 GC heap after
{Heap after GC invocations=39 (full 0):
 garbage-first heap   total 139264K, used 54367K [0x0000000700000000, 0x0000000800000000)
  region size 2048K, 3 young (6144K), 3 survivors (6144K)
 Metaspace       used 89968K, committed 90752K, reserved 1179648K
  class space    used 10665K, committed 11008K, reserved 1048576K
}
Event: 35.411 GC heap before
{Heap before GC invocations=39 (full 0):
 garbage-first heap   total 139264K, used 121951K [0x0000000700000000, 0x0000000800000000)
  region size 2048K, 36 young (73728K), 3 survivors (6144K)
 Metaspace       used 90237K, committed 90944K, reserved 1179648K
  class space    used 10670K, committed 11008K, reserved 1048576K
}
Event: 35.424 GC heap after
{Heap after GC invocations=40 (full 0):
 garbage-first heap   total 167936K, used 54525K [0x0000000700000000, 0x0000000800000000)
  region size 2048K, 3 young (6144K), 3 survivors (6144K)
 Metaspace       used 90237K, committed 90944K, reserved 1179648K
  class space    used 10670K, committed 11008K, reserved 1048576K
}
Event: 37.215 GC heap before
{Heap before GC invocations=40 (full 0):
 garbage-first heap   total 167936K, used 146685K [0x0000000700000000, 0x0000000800000000)
  region size 2048K, 49 young (100352K), 3 survivors (6144K)
 Metaspace       used 90823K, committed 91584K, reserved 1179648K
  class space    used 10692K, committed 11072K, reserved 1048576K
}
Event: 37.246 GC heap after
{Heap after GC invocations=41 (full 0):
 garbage-first heap   total 167936K, used 56397K [0x0000000700000000, 0x0000000800000000)
  region size 2048K, 4 young (8192K), 4 survivors (8192K)
 Metaspace       used 90823K, committed 91584K, reserved 1179648K
  class space    used 10692K, committed 11072K, reserved 1048576K
}

Dll operation events (12 events):
Event: 0.007 Loaded shared library C:\Users\riki\Documents\Workspace-24\Tools\Infrastructure\jdk-20.0.2\bin\java.dll
Event: 0.022 Loaded shared library C:\Users\riki\Documents\Workspace-24\Tools\Infrastructure\jdk-20.0.2\bin\jsvml.dll
Event: 0.145 Loaded shared library C:\Users\riki\Documents\Workspace-24\Tools\Infrastructure\jdk-20.0.2\bin\net.dll
Event: 0.147 Loaded shared library C:\Users\riki\Documents\Workspace-24\Tools\Infrastructure\jdk-20.0.2\bin\nio.dll
Event: 0.150 Loaded shared library C:\Users\riki\Documents\Workspace-24\Tools\Infrastructure\jdk-20.0.2\bin\zip.dll
Event: 0.207 Loaded shared library C:\Users\riki\Documents\Workspace-24\Tools\Infrastructure\jdk-20.0.2\bin\jimage.dll
Event: 0.312 Loaded shared library C:\Users\riki\Documents\Workspace-24\Tools\Infrastructure\jdk-20.0.2\bin\verify.dll
Event: 1.386 Loaded shared library C:\Users\riki\Documents\Workspace-24\Tools\Infrastructure\jdk-20.0.2\bin\management.dll
Event: 1.388 Loaded shared library C:\Users\riki\Documents\Workspace-24\Tools\Infrastructure\jdk-20.0.2\bin\management_ext.dll
Event: 1.774 Loaded shared library C:\Users\riki\Documents\Workspace-24\Tools\Infrastructure\jdk-20.0.2\bin\extnet.dll
Event: 7.724 Loaded shared library C:\Users\riki\Documents\Workspace-24\Tools\Infrastructure\jdk-20.0.2\bin\sunmscapi.dll
Event: 17.907 Loaded shared library C:\Users\riki\Documents\Workspace-24\Tools\Infrastructure\jdk-20.0.2\bin\awt.dll

Deoptimization events (20 events):
Event: 37.107 Thread 0x000001d4a26cb5c0 DEOPT PACKING pc=0x000001d44ad8f9f8 sp=0x000000c27d5f9c90
Event: 37.107 Thread 0x000001d4a26cb5c0 DEOPT UNPACKING pc=0x000001d449db9d1c sp=0x000000c27d5f9b08 mode 2
Event: 37.167 Thread 0x000001d4a26cb5c0 DEOPT PACKING pc=0x000001d4448e72d2 sp=0x000000c27d5f95e0
Event: 37.167 Thread 0x000001d4a26cb5c0 DEOPT UNPACKING pc=0x000001d449dba4a3 sp=0x000000c27d5f8b08 mode 0
Event: 37.172 Thread 0x000001d4a26cb5c0 Uncommon trap: trap_request=0xffffff45 fr.pc=0x000001d44ad7e5e4 relative=0x0000000000000ee4
Event: 37.172 Thread 0x000001d4a26cb5c0 Uncommon trap: reason=unstable_if action=reinterpret pc=0x000001d44ad7e5e4 method=org.eclipse.jdt.internal.compiler.lookup.PackageBinding.addType(Lorg/eclipse/jdt/internal/compiler/lookup/ReferenceBinding;)V @ 10 c2
Event: 37.172 Thread 0x000001d4a26cb5c0 DEOPT PACKING pc=0x000001d44ad7e5e4 sp=0x000000c27d5f9ef0
Event: 37.172 Thread 0x000001d4a26cb5c0 DEOPT UNPACKING pc=0x000001d449db9d1c sp=0x000000c27d5f9ec8 mode 2
Event: 37.193 Thread 0x000001d4a26cb5c0 DEOPT PACKING pc=0x000001d444a123a4 sp=0x000000c27d5f9b70
Event: 37.193 Thread 0x000001d4a26cb5c0 DEOPT UNPACKING pc=0x000001d449dba4a3 sp=0x000000c27d5f90e8 mode 0
Event: 37.315 Thread 0x000001d4a26cb5c0 DEOPT PACKING pc=0x000001d444642d40 sp=0x000000c27d5f9710
Event: 37.315 Thread 0x000001d4a26cb5c0 DEOPT UNPACKING pc=0x000001d449dba4a3 sp=0x000000c27d5f8b88 mode 0
Event: 37.347 Thread 0x000001d4a26cb5c0 DEOPT PACKING pc=0x000001d4446521fc sp=0x000000c27d5f9ac0
Event: 37.347 Thread 0x000001d4a26cb5c0 DEOPT UNPACKING pc=0x000001d449dba4a3 sp=0x000000c27d5f8f38 mode 0
Event: 37.395 Thread 0x000001d4a26cb5c0 DEOPT PACKING pc=0x000001d4448e72d2 sp=0x000000c27d5f95f0
Event: 37.395 Thread 0x000001d4a26cb5c0 DEOPT UNPACKING pc=0x000001d449dba4a3 sp=0x000000c27d5f8b18 mode 0
Event: 37.455 Thread 0x000001d4a26cb5c0 Uncommon trap: trap_request=0xffffff45 fr.pc=0x000001d44adadce0 relative=0x0000000000000640
Event: 37.455 Thread 0x000001d4a26cb5c0 Uncommon trap: reason=unstable_if action=reinterpret pc=0x000001d44adadce0 method=org.eclipse.jdt.internal.compiler.flow.UnconditionalFlowInfo.mergedWith(Lorg/eclipse/jdt/internal/compiler/flow/UnconditionalFlowInfo;)Lorg/eclipse/jdt/internal/compiler/flo
Event: 37.455 Thread 0x000001d4a26cb5c0 DEOPT PACKING pc=0x000001d44adadce0 sp=0x000000c27d5f99b0
Event: 37.455 Thread 0x000001d4a26cb5c0 DEOPT UNPACKING pc=0x000001d449db9d1c sp=0x000000c27d5f98b0 mode 2

Classes loaded (20 events):
Event: 31.366 Loading class jdk/internal/jimage/ImageBufferCache$1
Event: 31.366 Loading class jdk/internal/jimage/ImageBufferCache$1 done
Event: 31.366 Loading class jdk/internal/jimage/ImageBufferCache$2
Event: 31.366 Loading class jdk/internal/jimage/ImageBufferCache$2 done
Event: 31.366 Loading class java/util/AbstractMap$SimpleEntry
Event: 31.366 Loading class java/util/AbstractMap$SimpleEntry done
Event: 31.414 Loading class java/util/stream/ReferencePipeline$4
Event: 31.414 Loading class java/util/stream/ReferencePipeline$4 done
Event: 31.415 Loading class java/util/stream/Nodes$IntFixedNodeBuilder
Event: 31.415 Loading class java/util/stream/Node$Builder$OfInt
Event: 31.415 Loading class java/util/stream/Node$Builder$OfInt done
Event: 31.415 Loading class java/util/stream/Nodes$IntArrayNode
Event: 31.415 Loading class java/util/stream/Nodes$IntArrayNode done
Event: 31.415 Loading class java/util/stream/Nodes$IntFixedNodeBuilder done
Event: 31.415 Loading class java/util/stream/ReferencePipeline$4$1
Event: 31.415 Loading class java/util/stream/ReferencePipeline$4$1 done
Event: 31.872 Loading class java/util/Hashtable$ValueCollection
Event: 31.872 Loading class java/util/Hashtable$ValueCollection done
Event: 31.887 Loading class java/net/URLClassLoader$1
Event: 31.887 Loading class java/net/URLClassLoader$1 done

Classes unloaded (0 events):
No events

Classes redefined (0 events):
No events

Internal exceptions (20 events):
Event: 37.521 Thread 0x000001d4a0c45490 Exception <a 'java/net/ConnectException'{0x000000070d4ab458}: Connection refused: connect> (0x000000070d4ab458) 
thrown [s\open\src\hotspot\share\prims\jni.cpp, line 538]
Event: 37.521 Thread 0x000001d4a0c45490 Exception <a 'java/net/ConnectException'{0x000000070d4abcc8}: Connection refused: connect> (0x000000070d4abcc8) 
thrown [s\open\src\hotspot\share\prims\jni.cpp, line 538]
Event: 37.521 Thread 0x000001d4a0c45490 Exception <a 'java/net/ConnectException'{0x000000070d4ac538}: Connection refused: connect> (0x000000070d4ac538) 
thrown [s\open\src\hotspot\share\prims\jni.cpp, line 538]
Event: 37.521 Thread 0x000001d4a0c45490 Exception <a 'java/net/ConnectException'{0x000000070d4acda8}: Connection refused: connect> (0x000000070d4acda8) 
thrown [s\open\src\hotspot\share\prims\jni.cpp, line 538]
Event: 37.522 Thread 0x000001d4a0c45490 Exception <a 'java/net/ConnectException'{0x000000070d4ad618}: Connection refused: connect> (0x000000070d4ad618) 
thrown [s\open\src\hotspot\share\prims\jni.cpp, line 538]
Event: 37.522 Thread 0x000001d4a0c45490 Exception <a 'java/net/ConnectException'{0x000000070d4ade88}: Connection refused: connect> (0x000000070d4ade88) 
thrown [s\open\src\hotspot\share\prims\jni.cpp, line 538]
Event: 37.522 Thread 0x000001d4a0c45490 Exception <a 'java/net/ConnectException'{0x000000070d4ae6f8}: Connection refused: connect> (0x000000070d4ae6f8) 
thrown [s\open\src\hotspot\share\prims\jni.cpp, line 538]
Event: 37.522 Thread 0x000001d4a0c45490 Exception <a 'java/net/ConnectException'{0x000000070d4aef68}: Connection refused: connect> (0x000000070d4aef68) 
thrown [s\open\src\hotspot\share\prims\jni.cpp, line 538]
Event: 37.522 Thread 0x000001d4a0c45490 Exception <a 'java/net/ConnectException'{0x000000070d4af7d8}: Connection refused: connect> (0x000000070d4af7d8) 
thrown [s\open\src\hotspot\share\prims\jni.cpp, line 538]
Event: 37.522 Thread 0x000001d4a0c45490 Exception <a 'java/net/ConnectException'{0x000000070d4b0048}: Connection refused: connect> (0x000000070d4b0048) 
thrown [s\open\src\hotspot\share\prims\jni.cpp, line 538]
Event: 37.522 Thread 0x000001d4a0c45490 Exception <a 'java/net/ConnectException'{0x000000070d4b08b8}: Connection refused: connect> (0x000000070d4b08b8) 
thrown [s\open\src\hotspot\share\prims\jni.cpp, line 538]
Event: 37.523 Thread 0x000001d4a0c45490 Exception <a 'java/net/ConnectException'{0x000000070d4b1128}: Connection refused: connect> (0x000000070d4b1128) 
thrown [s\open\src\hotspot\share\prims\jni.cpp, line 538]
Event: 37.523 Thread 0x000001d4a0c45490 Exception <a 'java/net/ConnectException'{0x000000070d4b1998}: Connection refused: connect> (0x000000070d4b1998) 
thrown [s\open\src\hotspot\share\prims\jni.cpp, line 538]
Event: 37.523 Thread 0x000001d4a0c45490 Exception <a 'java/net/ConnectException'{0x000000070d4b2208}: Connection refused: connect> (0x000000070d4b2208) 
thrown [s\open\src\hotspot\share\prims\jni.cpp, line 538]
Event: 37.523 Thread 0x000001d4a0c45490 Exception <a 'java/net/ConnectException'{0x000000070d4b2a78}: Connection refused: connect> (0x000000070d4b2a78) 
thrown [s\open\src\hotspot\share\prims\jni.cpp, line 538]
Event: 37.524 Thread 0x000001d4a0c45490 Exception <a 'java/net/ConnectException'{0x000000070d4b32e8}: Connection refused: connect> (0x000000070d4b32e8) 
thrown [s\open\src\hotspot\share\prims\jni.cpp, line 538]
Event: 37.524 Thread 0x000001d4a0c45490 Exception <a 'java/net/ConnectException'{0x000000070d4b3b58}: Connection refused: connect> (0x000000070d4b3b58) 
thrown [s\open\src\hotspot\share\prims\jni.cpp, line 538]
Event: 37.524 Thread 0x000001d4a0c45490 Exception <a 'java/net/ConnectException'{0x000000070d4b43c8}: Connection refused: connect> (0x000000070d4b43c8) 
thrown [s\open\src\hotspot\share\prims\jni.cpp, line 538]
Event: 37.524 Thread 0x000001d4a0c45490 Exception <a 'java/net/ConnectException'{0x000000070d4b4c38}: Connection refused: connect> (0x000000070d4b4c38) 
thrown [s\open\src\hotspot\share\prims\jni.cpp, line 538]
Event: 37.524 Thread 0x000001d4a0c45490 Exception <a 'java/net/ConnectException'{0x000000070d4b54a8}: Connection refused: connect> (0x000000070d4b54a8) 
thrown [s\open\src\hotspot\share\prims\jni.cpp, line 538]

VM Operations (20 events):
Event: 35.411 Executing VM operation: G1CollectForAllocation
Event: 35.424 Executing VM operation: G1CollectForAllocation done
Event: 35.574 Executing VM operation: HandshakeAllThreads
Event: 35.574 Executing VM operation: HandshakeAllThreads done
Event: 36.302 Executing VM operation: HandshakeAllThreads
Event: 36.302 Executing VM operation: HandshakeAllThreads done
Event: 36.491 Executing VM operation: ICBufferFull
Event: 36.492 Executing VM operation: ICBufferFull done
Event: 36.969 Executing VM operation: HandshakeAllThreads
Event: 36.970 Executing VM operation: HandshakeAllThreads done
Event: 37.009 Executing VM operation: HandshakeAllThreads
Event: 37.009 Executing VM operation: HandshakeAllThreads done
Event: 37.015 Executing VM operation: HandshakeAllThreads
Event: 37.015 Executing VM operation: HandshakeAllThreads done
Event: 37.134 Executing VM operation: ICBufferFull
Event: 37.135 Executing VM operation: ICBufferFull done
Event: 37.192 Executing VM operation: HandshakeAllThreads
Event: 37.192 Executing VM operation: HandshakeAllThreads done
Event: 37.214 Executing VM operation: G1CollectForAllocation
Event: 37.246 Executing VM operation: G1CollectForAllocation done

Events (20 events):
Event: 19.635 Thread 0x000001d4a26cd5a0 Thread added: 0x000001d4a26cd5a0
Event: 21.215 Thread 0x000001d4a3ead800 Thread exited: 0x000001d4a3ead800
Event: 21.685 Thread 0x000001d4a3ead800 Thread added: 0x000001d4a3ead800
Event: 22.559 Thread 0x000001d4a3ead800 Thread exited: 0x000001d4a3ead800
Event: 23.894 Thread 0x000001d4a3ead800 Thread added: 0x000001d4a3ead800
Event: 23.912 Thread 0x000001d4a3eaab80 Thread added: 0x000001d4a3eaab80
Event: 25.551 Thread 0x000001d4a3eaab80 Thread exited: 0x000001d4a3eaab80
Event: 25.552 Thread 0x000001d4a3ead800 Thread exited: 0x000001d4a3ead800
Event: 26.696 Thread 0x000001d4a3eaab80 Thread added: 0x000001d4a3eaab80
Event: 27.064 Thread 0x000001d4a3ead800 Thread added: 0x000001d4a3ead800
Event: 27.793 Thread 0x000001d43283e7e0 Thread exited: 0x000001d43283e7e0
Event: 27.793 Thread 0x000001d4a287bd70 Thread added: 0x000001d4a287bd70
Event: 29.547 Thread 0x000001d4a3ead800 Thread exited: 0x000001d4a3ead800
Event: 32.355 Thread 0x000001d4a3eab110 Thread added: 0x000001d4a3eab110
Event: 34.012 Thread 0x000001d4a3eab110 Thread exited: 0x000001d4a3eab110
Event: 35.281 Thread 0x000001d4a3eaab80 Thread exited: 0x000001d4a3eaab80
Event: 35.823 Thread 0x000001d4a40f45d0 Thread added: 0x000001d4a40f45d0
Event: 36.716 Thread 0x000001d4a40f45d0 Thread exited: 0x000001d4a40f45d0
Event: 37.040 Thread 0x000001d4a40f2f90 Thread added: 0x000001d4a40f2f90
Event: 37.399 Thread 0x000001d4a40f2470 Thread added: 0x000001d4a40f2470


Dynamic libraries:
0x00007ff710dd0000 - 0x00007ff710de0000 	C:\Users\riki\Documents\Workspace-24\Tools\Infrastructure\jdk-20.0.2\bin\javaw.exe
0x00007fff1b680000 - 0x00007fff1ba84000 	C:\Windows\SYSTEM32\ntdll.dll
0x00007fff1ade0000 - 0x00007fff1aede000 	C:\Windows\System32\xtajit64.dll
0x00007fff17af0000 - 0x00007fff17c53000 	C:\Windows\System32\KERNEL32.DLL
0x00007fff173a0000 - 0x00007fff179e1000 	C:\Windows\System32\KERNELBASE.dll
0x00007fff16630000 - 0x00007fff16726000 	C:\Windows\SYSTEM32\apphelp.dll
0x00007fff16c50000 - 0x00007fff16e41000 	C:\Windows\System32\ucrtbase.dll
0x00007fff0c470000 - 0x00007fff0c489000 	C:\Users\riki\Documents\Workspace-24\Tools\Infrastructure\jdk-20.0.2\bin\jli.dll
0x00007fff1aca0000 - 0x00007fff1adda000 	C:\Windows\System32\ADVAPI32.dll
0x00007fff1ab40000 - 0x00007fff1ac84000 	C:\Windows\System32\msvcrt.dll
0x00007fff192e0000 - 0x00007fff19407000 	C:\Windows\System32\sechost.dll
0x00007fff17f30000 - 0x00007fff18150000 	C:\Windows\System32\RPCRT4.dll
0x00007fff1a6f0000 - 0x00007fff1a952000 	C:\Windows\System32\USER32.dll
0x00007fff179f0000 - 0x00007fff17a4c000 	C:\Windows\System32\win32u.dll
0x00007fff19540000 - 0x00007fff1959c000 	C:\Windows\System32\GDI32.dll
0x00007fff170e0000 - 0x00007fff172cd000 	C:\Windows\System32\gdi32full.dll
0x00007fff16f90000 - 0x00007fff170d3000 	C:\Windows\System32\msvcp_win.dll
0x00007fff0c120000 - 0x00007fff0c13b000 	C:\Users\riki\Documents\Workspace-24\Tools\Infrastructure\jdk-20.0.2\bin\VCRUNTIME140.dll
0x00007fff15090000 - 0x00007fff1550a000 	C:\Windows\WinSxS\arm64_microsoft.windows.common-controls_6595b64144ccf1df_6.0.22621.2506_none_270c5a477388e244\COMCTL32.dll
0x00007fff01cb0000 - 0x00007fff01cc5000 	C:\Windows\SYSTEM32\VERSION.dll
0x00007fff17a90000 - 0x00007fff17ae2000 	C:\Windows\System32\IMM32.DLL
0x00007fff0e620000 - 0x00007fff0e62c000 	C:\Users\riki\Documents\Workspace-24\Tools\Infrastructure\jdk-20.0.2\bin\vcruntime140_1.dll
0x00007ffef89a0000 - 0x00007ffef8a2e000 	C:\Users\riki\Documents\Workspace-24\Tools\Infrastructure\jdk-20.0.2\bin\msvcp140.dll
0x00007ffec6420000 - 0x00007ffec70b8000 	C:\Users\riki\Documents\Workspace-24\Tools\Infrastructure\jdk-20.0.2\bin\server\jvm.dll
0x00007fff0c370000 - 0x00007fff0c382000 	C:\Windows\SYSTEM32\WSOCK32.dll
0x00007fff098e0000 - 0x00007fff0993e000 	C:\Windows\SYSTEM32\WINMM.dll
0x00007fff18150000 - 0x00007fff18214000 	C:\Windows\System32\WS2_32.dll
0x00007fff141e0000 - 0x00007fff1420d000 	C:\Windows\SYSTEM32\kernel.appcore.dll
0x00007fff0d060000 - 0x00007fff0d06a000 	C:\Users\riki\Documents\Workspace-24\Tools\Infrastructure\jdk-20.0.2\bin\jimage.dll
0x00007fff15bf0000 - 0x00007fff1600e000 	C:\Windows\SYSTEM32\DBGHELP.DLL
0x00007fff19cf0000 - 0x00007fff1a38f000 	C:\Windows\System32\combase.dll
0x00007fff1a490000 - 0x00007fff1a631000 	C:\Windows\System32\OLEAUT32.dll
0x00007fff159e0000 - 0x00007fff15a3c000 	C:\Windows\SYSTEM32\dbgcore.DLL
0x00007fff172d0000 - 0x00007fff1739a000 	C:\Windows\System32\bcryptPrimitives.dll
0x00007fff0c0f0000 - 0x00007fff0c116000 	C:\Users\riki\Documents\Workspace-24\Tools\Infrastructure\jdk-20.0.2\bin\java.dll
0x00007ffef88c0000 - 0x00007ffef8997000 	C:\Users\riki\Documents\Workspace-24\Tools\Infrastructure\jdk-20.0.2\bin\jsvml.dll
0x00007fff18220000 - 0x00007fff192da000 	C:\Windows\System32\SHELL32.dll
0x00007fff11db0000 - 0x00007fff13121000 	C:\Windows\SYSTEM32\windows.storage.dll
0x00007fff11b30000 - 0x00007fff11da3000 	C:\Windows\SYSTEM32\wintypes.dll
0x00007fff1b440000 - 0x00007fff1b633000 	C:\Windows\System32\SHCORE.dll
0x00007fff1a640000 - 0x00007fff1a6e7000 	C:\Windows\System32\shlwapi.dll
0x00007fff16b50000 - 0x00007fff16b94000 	C:\Windows\SYSTEM32\profapi.dll
0x00007fff0b5e0000 - 0x00007fff0b5f3000 	C:\Users\riki\Documents\Workspace-24\Tools\Infrastructure\jdk-20.0.2\bin\net.dll
0x00007fff0c4c0000 - 0x00007fff0c6cf000 	C:\Windows\SYSTEM32\WINHTTP.dll
0x00007fff14870000 - 0x00007fff14933000 	C:\Windows\system32\mswsock.dll
0x00007ffefe4b0000 - 0x00007ffefe4c6000 	C:\Users\riki\Documents\Workspace-24\Tools\Infrastructure\jdk-20.0.2\bin\nio.dll
0x00007ffefdbf0000 - 0x00007ffefdc08000 	C:\Users\riki\Documents\Workspace-24\Tools\Infrastructure\jdk-20.0.2\bin\zip.dll
0x00007fff0c0e0000 - 0x00007fff0c0f0000 	C:\Users\riki\Documents\Workspace-24\Tools\Infrastructure\jdk-20.0.2\bin\verify.dll
0x00007fff0b5d0000 - 0x00007fff0b5da000 	C:\Users\riki\Documents\Workspace-24\Tools\Infrastructure\jdk-20.0.2\bin\management.dll
0x00007fff06200000 - 0x00007fff0620b000 	C:\Users\riki\Documents\Workspace-24\Tools\Infrastructure\jdk-20.0.2\bin\management_ext.dll
0x00007fff1a420000 - 0x00007fff1a42e000 	C:\Windows\System32\PSAPI.DLL
0x00007ffee5af0000 - 0x00007ffee5b1c000 	C:\Windows\system32\napinsp.dll
0x00007ffee5b20000 - 0x00007ffee5b53000 	C:\Windows\system32\pnrpnsp.dll
0x00007ffee5b60000 - 0x00007ffee5b9e000 	C:\Windows\system32\nlansp_c.dll
0x00007fff136c0000 - 0x00007fff13870000 	C:\Windows\SYSTEM32\DNSAPI.dll
0x00007fff13660000 - 0x00007fff136b3000 	C:\Windows\SYSTEM32\IPHLPAPI.DLL
0x00007fff1ac90000 - 0x00007fff1aca0000 	C:\Windows\System32\NSI.dll
0x00007ffee5ba0000 - 0x00007ffee5bc0000 	C:\Windows\System32\winrnr.dll
0x00007ffeeb620000 - 0x00007ffeeb64b000 	C:\Windows\system32\wshbth.dll
0x00007fff07630000 - 0x00007fff07642000 	C:\Windows\System32\rasadhlp.dll
0x00007fff08cc0000 - 0x00007fff08dab000 	C:\Windows\System32\fwpuclnt.dll
0x00007ffefe510000 - 0x00007ffefe517000 	C:\Users\riki\Documents\Workspace-24\Tools\Infrastructure\jdk-20.0.2\bin\extnet.dll
0x00007fff161d0000 - 0x00007fff16202000 	C:\Windows\SYSTEM32\CRYPTSP.dll
0x00007fff14110000 - 0x00007fff14173000 	C:\Windows\system32\rsaenh.dll
0x00007fff149c0000 - 0x00007fff14a15000 	C:\Windows\SYSTEM32\USERENV.dll
0x00007fff15b80000 - 0x00007fff15bcb000 	C:\Windows\SYSTEM32\bcrypt.dll
0x00007fff14e30000 - 0x00007fff14e44000 	C:\Windows\SYSTEM32\CRYPTBASE.dll
0x00007fff0a9d0000 - 0x00007fff0a9f8000 	C:\Windows\SYSTEM32\dhcpcsvc6.DLL
0x00007fff0a6c0000 - 0x00007fff0a6fc000 	C:\Windows\SYSTEM32\dhcpcsvc.DLL
0x00007ffefc810000 - 0x00007ffefc81e000 	C:\Users\riki\Documents\Workspace-24\Tools\Infrastructure\jdk-20.0.2\bin\sunmscapi.dll
0x00007fff168b0000 - 0x00007fff16b47000 	C:\Windows\SYSTEM32\CRYPT32.dll
0x00007fff15030000 - 0x00007fff15081000 	C:\Windows\SYSTEM32\ncrypt.dll
0x00007fff14fc0000 - 0x00007fff15023000 	C:\Windows\SYSTEM32\NTASN1.dll
0x00007ffecbaa0000 - 0x00007ffecbc31000 	C:\Users\riki\Documents\Workspace-24\Tools\Infrastructure\jdk-20.0.2\bin\awt.dll
0x00007fff10ec0000 - 0x00007fff10f0c000 	C:\Windows\system32\DWMAPI.DLL
0x00007fff10390000 - 0x00007fff104c1000 	C:\Windows\system32\uxtheme.dll
0x00007ffecb8e0000 - 0x00007ffecba9c000 	C:\Windows\system32\opengl32.dll
0x00007ffef1160000 - 0x00007ffef11af000 	C:\Windows\SYSTEM32\GLU32.dll
0x00007fff10510000 - 0x00007fff10584000 	C:\Windows\SYSTEM32\dxcore.dll
0x00007fff198c0000 - 0x00007fff19b30000 	C:\Windows\System32\MSCTF.dll
0x00007fff17c70000 - 0x00007fff17f25000 	C:\Windows\System32\ole32.dll
0x00007ffecb5f0000 - 0x00007ffecb8dd000 	C:\Windows\system32\d3d9.dll
0x00007ffecd1f0000 - 0x00007ffecd2ab000 	C:\Windows\SYSTEM32\prl_umdd.dll
0x00007fff0ab30000 - 0x00007fff0abbc000 	C:\Windows\SYSTEM32\directxdatabasehelper.dll
0x00007fff15a40000 - 0x00007fff15a4f000 	C:\Windows\system32\wshunix.dll

dbghelp: loaded successfully - version: 4.0.5 - missing functions: none
symbol engine: initialized successfully - sym options: 0x614 - pdb path: .;C:\Users\riki\Documents\Workspace-24\Tools\Infrastructure\jdk-20.0.2\bin;C:\Windows\SYSTEM32;C:\Windows\WinSxS\arm64_microsoft.windows.common-controls_6595b64144ccf1df_6.0.22621.2506_none_270c5a477388e244;C:\Users\riki\Documents\Workspace-24\Tools\Infrastructure\jdk-20.0.2\bin\server

VM Arguments:
jvm_args: -ea -ea -Dfile.encoding=utf-8 -Dstdout.encoding=utf-8 -Dstderr.encoding=utf-8 -XX:+ShowCodeDetailsInExceptionMessages 
java_command: acme.Launcher --platform testing --launcher tester#recorder
java_class_path (initial): C:\Users\riki\Documents\Workspace-24\Projects\Acme-SF-D04\target\test-classes;C:\Users\riki\Documents\Workspace-24\Projects\Acme-SF-D04\target\classes;C:\Users\riki\Documents\Workspace-24\Frameworks\Acme-Framework-24.4.0\target\classes;C:\Users\riki\Documents\Workspace-24\Frameworks\Acme-Framework-24.4.0\target\test-classes;C:\Users\riki\.m2\repository\org\springframework\boot\spring-boot-starter-tomcat\2.7.15\spring-boot-starter-tomcat-2.7.15.jar;C:\Users\riki\.m2\repository\jakarta\annotation\jakarta.annotation-api\1.3.5\jakarta.annotation-api-1.3.5.jar;C:\Users\riki\.m2\repository\org\apache\tomcat\embed\tomcat-embed-core\9.0.79\tomcat-embed-core-9.0.79.jar;C:\Users\riki\.m2\repository\org\apache\tomcat\embed\tomcat-embed-el\9.0.79\tomcat-embed-el-9.0.79.jar;C:\Users\riki\.m2\repository\org\apache\tomcat\embed\tomcat-embed-websocket\9.0.79\tomcat-embed-websocket-9.0.79.jar;C:\Users\riki\.m2\repository\org\apache\tomcat\embed\tomcat-embed-jasper\9.0.79\tomcat-embed-jasper-9.0.79.jar;C:\Users\riki\.m2\repository\org\eclipse\jdt\ecj\3.26.0\ecj-3.26.0.jar;C:\Users\riki\.m2\repository\javax\servlet\jstl\1.2\jstl-1.2.jar;C:\Users\riki\.m2\repository\org\springframework\security\spring-security-web\5.7.10\spring-security-web-5.7.10.jar;C:\Users\riki\.m2\repository\org\springframework\security\spring-security-core\5.7.10\spring-security-core-5.7.10.jar;C:\Users\riki\.m2\repository\org\springframework\security\spring-security-crypto\5.7.10\spring-security-crypto-5.7.10.jar;C:\Users\riki\.m2\repository\org\springframework\spring-core\5.3.29\spring-core-5.3.29.jar;C:\Users\riki\.m2\repository\org\springframework\spring-jcl\5.3.29\spring-jcl-5.3.29.jar;C:\Users\riki\.m2\repository\org\springframework\spring-aop\5.3.29\spring-aop-5.3.29.jar;C:\Users\riki\.m2\repository\org\springframework\spring-beans\5.3.29\spring-beans-5.3.29.jar;C:\Users\riki\.m2\repository\org\springframework\spring-context\5.3.29\spring-context-5.3.29.jar;C:\Users\riki\.m2\repository\org\springframework\spring-expression\5.3.29\spring-expression-5.3.29.jar;C:\Users\riki\.m2\repository\org\springframework\spring-web\5.3.29\spring-web-5.3.29.jar;C:\Users\riki\.m2\repository\org\springframework\security\spring-security-config\5.7.10\spring-security-config-5.7.10.jar;C:\Users\riki\.m2\repository\org\springframework\security\spring-security-taglibs\5.7.10\spring-security-taglibs-5.7.10.jar;C:\Users\riki\.m2\repository\org\springframework\security\spring-security-acl\5.7.10\spring-security-acl-5.7.10.jar;C:\Users\riki\.m2\repository\org\springframework\spring-jdbc\5.3.29\spring-jdbc-5.3.29.jar;C:\Users\riki\.m2\repository\org\springframework\spring-tx\5.3.29\spring-tx-5.3.29.jar;C:\Users\riki\.m2\repository\org\springframework\boot\spring-boot-starter-web\2.7.15\spring-boot-starter-web-2.7.15.jar;C:\Users\riki\.m2\repository\org\springframework\boot\spring-boot-starter\2.7.15\spring-boot-starter-2.7.15.jar;C:\Users\riki\.m2\repository\org\springframework\boot\spring-boot\2.7.15\spring-boot-2.7.15.jar;C:\Users\riki\.m2\repository\org\springframework\boot\spring-boot-autoconfigure\2.7.15\spring-boot-autoconfigure-2.7.15.jar;C:\Users\riki\.m2\repository\org\springframework\boot\spring-boot-starter-logging\2.7.15\spring-boot-starter-logging-2.7.15.jar;C:\Users\riki\.m2\repository\ch\qos\logback\logback-classic\1.2.12\logback-classic-1.2.12.jar;C:\Users\riki\.m2\repository\org\apache\logging\log4j\log4j-to-slf4j\2.17.2\log4j-to-slf4j-2.17.2.jar;C:\Users\riki\.m2\repository\org\apache\logging\log4j\log4j-api\2.17.2\log4j-api-2.17.2.jar;C:\Users\riki\.m2\repository\org\slf4j\jul-to-slf4j\1.7.36\jul-to-slf4j-1.7.36.jar;C:\Users\riki\.m2\repository\org\yaml\snakeyaml\1.30\snakeyaml-1.30.jar;C:\Users\riki\.m2\repository\org\springframework\boot\spring-boot-starter-json\2.7.15\spring-boot-starter-json-2.7.15.jar;C:\Users\riki\.m2\repository\com\fasterxml\jackson\datatype\jackson-datatype-jdk8\2.13.5\jackson-datatype-jdk8-2.13.5.jar;C:\Users\riki\.m2\repository\com\fasterxml\jackson\datatype\jackson-datatype-jsr310\2.13.5\jackson-datatype-jsr310-2.13.5.jar;C:\Users\riki\.m2\repository\com\fasterxml\jackson\module\jackson-module-parameter-names\2.13.5\jackson-module-parameter-names-2.13.5.jar;C:\Users\riki\.m2\repository\org\springframework\spring-webmvc\5.3.29\spring-webmvc-5.3.29.jar;C:\Users\riki\.m2\repository\org\apache\tiles\tiles-jsp\3.0.8\tiles-jsp-3.0.8.jar;C:\Users\riki\.m2\repository\org\apache\tiles\tiles-servlet\3.0.8\tiles-servlet-3.0.8.jar;C:\Users\riki\.m2\repository\org\apache\tiles\tiles-core\3.0.8\tiles-core-3.0.8.jar;C:\Users\riki\.m2\repository\commons-digester\commons-digester\2.0\commons-digester-2.0.jar;C:\Users\riki\.m2\repository\org\apache\tiles\tiles-request-servlet\1.0.7\tiles-request-servlet-1.0.7.jar;C:\Users\riki\.m2\repository\org\apache\tiles\tiles-template\3.0.8\tiles-template-3.0.8.jar;C:\Users\riki\.m2\repository\org\apache\tiles\tiles-api\3.0.8\tiles-api-3.0.8.jar;C:\Users\riki\.m2\repository\org\apache\tiles\tiles-autotag-core-runtime\1.2\tiles-autotag-core-runtime-1.2.jar;C:\Users\riki\.m2\repository\org\slf4j\slf4j-api\1.7.36\slf4j-api-1.7.36.jar;C:\Users\riki\.m2\repository\org\apache\tiles\tiles-request-jsp\1.0.7\tiles-request-jsp-1.0.7.jar;C:\Users\riki\.m2\repository\org\apache\tiles\tiles-request-api\1.0.7\tiles-request-api-1.0.7.jar;C:\Users\riki\.m2\repository\org\springframework\boot\spring-boot-starter-data-jpa\2.7.15\spring-boot-starter-data-jpa-2.7.15.jar;C:\Users\riki\.m2\repository\org\springframework\boot\spring-boot-starter-aop\2.7.15\spring-boot-starter-aop-2.7.15.jar;C:\Users\riki\.m2\repository\org\aspectj\aspectjweaver\1.9.7\aspectjweaver-1.9.7.jar;C:\Users\riki\.m2\repository\org\springframework\boot\spring-boot-starter-jdbc\2.7.15\spring-boot-starter-jdbc-2.7.15.jar;C:\Users\riki\.m2\repository\jakarta\transaction\jakarta.transaction-api\1.3.3\jakarta.transaction-api-1.3.3.jar;C:\Users\riki\.m2\repository\jakarta\persistence\jakarta.persistence-api\2.2.3\jakarta.persistence-api-2.2.3.jar;C:\Users\riki\.m2\repository\org\springframework\data\spring-data-jpa\2.7.15\spring-data-jpa-2.7.15.jar;C:\Users\riki\.m2\repository\org\springframework\data\spring-data-commons\2.7.15\spring-data-commons-2.7.15.jar;C:\Users\riki\.m2\repository\org\springframework\spring-orm\5.3.29\spring-orm-5.3.29.jar;C:\Users\riki\.m2\repository\org\springframework\spring-aspects\5.3.29\spring-aspects-5.3.29.jar;C:\Users\riki\.m2\repository\org\hibernate\hibernate-core\5.4.29.Final\hibernate-core-5.4.29.Final.jar;C:\Users\riki\.m2\repository\org\jboss\logging\jboss-logging\3.4.3.Final\jboss-logging-3.4.3.Final.jar;C:\Users\riki\.m2\repository\javax\persistence\javax.persistence-api\2.2\javax.persistence-api-2.2.jar;C:\Users\riki\.m2\repository\org\javassist\javassist\3.27.0-GA\javassist-3.27.0-GA.jar;C:\Users\riki\.m2\repository\net\bytebuddy\byte-buddy\1.12.23\byte-buddy-1.12.23.jar;C:\Users\riki\.m2\repository\antlr\antlr\2.7.7\antlr-2.7.7.jar;C:\Users\riki\.m2\repository\org\jboss\spec\javax\transaction\jboss-transaction-api_1.2_spec\1.1.1.Final\jboss-transaction-api_1.2_spec-1.1.1.Final.jar;C:\Users\riki\.m2\repository\org\jboss\jandex\2.2.3.Final\jandex-2.2.3.Final.jar;C:\Users\riki\.m2\repository\com\fasterxml\classmate\1.5.1\classmate-1.5.1.jar;C:\Users\riki\.m2\repository\javax\activation\javax.activation-api\1.2.0\javax.activation-api-1.2.0.jar;C:\Users\riki\.m2\repository\org\dom4j\dom4j\2.1.3\dom4j-2.1.3.jar;C:\Users\riki\.m2\repository\org\hibernate\common\hibernate-commons-annotations\5.1.2.Final\hibernate-commons-annotations-5.1.2.Final.jar;C:\Users\riki\.m2\repository\javax\xml\bind\jaxb-api\2.3.1\jaxb-api-2.3.1.jar;C:\Users\riki\.m2\repository\org\glassfish\jaxb\jaxb-runtime\2.3.8\jaxb-runtime-2.3.8.jar;C:\Users\riki\.m2\repository\org\glassfish\jaxb\txw2\2.3.8\txw2-2.3.8.jar;C:\Users\riki\.m2\repository\com\sun\istack\istack-commons-runtime\3.0.12\istack-commons-runtime-3.0.12.jar;C:\Users\riki\.m2\repository\com\sun\activation\jakarta.activation\1.2.2\jakarta.activation-1.2.2.jar;C:\Users\riki\.m2\repository\org\springframework\boot\spring-boot-starter-validation\2.7.15\spring-boot-starter-validation-2.7.15.jar;C:\Users\riki\.m2\repository\org\hibernate\validator\hibernate-validator\6.2.5.Final\hibernate-validator-6.2.5.Final.jar;C:\Users\riki\.m2\repository\jakarta\validation\jakarta.validation-api\2.0.2\jakarta.validation-api-2.0.2.jar;C:\Users\riki\.m2\repository\org\mariadb\jdbc\mariadb-java-client\3.1.4\mariadb-java-client-3.1.4.jar;C:\Users\riki\.m2\repository\com\github\waffle\waffle-jna\3.2.0\waffle-jna-3.2.0.jar;C:\Users\riki\.m2\repository\net\java\dev\jna\jna\5.12.1\jna-5.12.1.jar;C:\Users\riki\.m2\repository\net\java\dev\jna\jna-platform\5.12.1\jna-platform-5.12.1.jar;C:\Users\riki\.m2\repository\org\slf4j\jcl-over-slf4j\1.7.36\jcl-over-slf4j-1.7.36.jar;C:\Users\riki\.m2\repository\com\github\ben-manes\caffeine\caffeine\2.9.3\caffeine-2.9.3.jar;C:\Users\riki\.m2\repository\com\google\errorprone\error_prone_annotations\2.10.0\error_prone_annotations-2.10.0.jar;C:\Users\riki\.m2\repository\org\checkerframework\checker-qual\3.23.0\checker-qual-3.23.0.jar;C:\Users\riki\.m2\repository\com\zaxxer\HikariCP\4.0.3\HikariCP-4.0.3.jar;C:\Users\riki\.m2\repository\org\springframework\boot\spring-boot-starter-test\2.7.15\spring-boot-starter-test-2.7.15.jar;C:\Users\riki\.m2\repository\org\springframework\boot\spring-boot-test\2.7.15\spring-boot-test-2.7.15.jar;C:\Users\riki\.m2\repository\org\springframework\boot\spring-boot-test-autoconfigure\2.7.15\spring-boot-test-autoconfigure-2.7.15.jar;C:\Users\riki\.m2\repository\com\jayway\jsonpath\json-path\2.7.0\json-path-2.7.0.jar;C:\Users\riki\.m2\repository\net\minidev\json-smart\2.4.11\json-smart-2.4.11.jar;C:\Users\riki\.m2\repository\net\minidev\accessors-smart\2.4.11\accessors-smart-2.4.11.jar;C:\Users\riki\.m2\repository\org\ow2\asm\asm\9.3\asm-9.3.jar;C:\Users\riki\.m2\repository\jakarta\xml\bind\jakarta.xml.bind-api\2.3.3\jakarta.xml.bind-api-2.3.3.jar;C:\Users\riki\.m2\repository\jakarta\activation\jakarta.activation-api\1.2.2\jakarta.activation-api-1.2.2.jar;C:\Users\riki\.m2\repository\org\assertj\assertj-core\3.22.0\assertj-core-3.22.0.jar;C:\Users\riki\.m2\repository\org\hamcrest\hamcrest\2.2\hamcrest-2.2.jar;C:\Users\riki\.m2\repository\org\junit\jupiter\junit-jupiter\5.8.2\junit-jupiter-5.8.2.jar;C:\Users\riki\.m2\repository\org\mockito\mockito-core\4.5.1\mockito-core-4.5.1.jar;C:\Users\riki\.m2\repository\net\bytebuddy\byte-buddy-agent\1.12.23\byte-buddy-agent-1.12.23.jar;C:\Users\riki\.m2\repository\org\objenesis\objenesis\3.2\objenesis-3.2.jar;C:\Users\riki\.m2\repository\org\mockito\mockito-junit-jupiter\4.5.1\mockito-junit-jupiter-4.5.1.jar;C:\Users\riki\.m2\repository\org\skyscreamer\jsonassert\1.5.1\jsonassert-1.5.1.jar;C:\Users\riki\.m2\repository\com\vaadin\external\google\android-json\0.0.20131108.vaadin1\android-json-0.0.20131108.vaadin1.jar;C:\Users\riki\.m2\repository\org\springframework\spring-test\5.3.29\spring-test-5.3.29.jar;C:\Users\riki\.m2\repository\org\xmlunit\xmlunit-core\2.9.1\xmlunit-core-2.9.1.jar;C:\Users\riki\.m2\repository\org\junit\jupiter\junit-jupiter-engine\5.8.2\junit-jupiter-engine-5.8.2.jar;C:\Users\riki\.m2\repository\org\junit\platform\junit-platform-engine\1.8.2\junit-platform-engine-1.8.2.jar;C:\Users\riki\.m2\repository\org\apiguardian\apiguardian-api\1.1.2\apiguardian-api-1.1.2.jar;C:\Users\riki\.m2\repository\org\junit\jupiter\junit-jupiter-api\5.8.2\junit-jupiter-api-5.8.2.jar;C:\Users\riki\.m2\repository\org\opentest4j\opentest4j\1.2.0\opentest4j-1.2.0.jar;C:\Users\riki\.m2\repository\org\junit\platform\junit-platform-commons\1.8.2\junit-platform-commons-1.8.2.jar;C:\Users\riki\.m2\repository\org\junit\jupiter\junit-jupiter-params\5.8.2\junit-jupiter-params-5.8.2.jar;C:\Users\riki\.m2\repository\org\junit\platform\junit-platform-launcher\1.8.2\junit-platform-launcher-1.8.2.jar;C:\Users\riki\.m2\repository\org\seleniumhq\selenium\selenium-java\4.1.4\selenium-java-4.1.4.jar;C:\Users\riki\.m2\repository\org\seleniumhq\selenium\selenium-api\4.1.4\selenium-api-4.1.4.jar;C:\Users\riki\.m2\repository\org\seleniumhq\selenium\selenium-chrome-driver\4.1.4\selenium-chrome-driver-4.1.4.jar;C:\Users\riki\.m2\repository\com\google\auto\service\auto-service-annotations\1.0.1\auto-service-annotations-1.0.1.jar;C:\Users\riki\.m2\repository\com\google\auto\service\auto-service\1.0.1\auto-service-1.0.1.jar;C:\Users\riki\.m2\repository\com\google\auto\auto-common\1.2\auto-common-1.2.jar;C:\Users\riki\.m2\repository\com\google\guava\guava\31.1-jre\guava-31.1-jre.jar;C:\Users\riki\.m2\repository\com\google\guava\failureaccess\1.0.1\failureaccess-1.0.1.jar;C:\Users\riki\.m2\repository\com\google\guava\listenablefuture\9999.0-empty-to-avoid-conflict-with-guava\listenablefuture-9999.0-empty-to-avoid-conflict-with-guava.jar;C:\Users\riki\.m2\repository\com\google\code\findbugs\jsr305\3.0.2\jsr305-3.0.2.jar;C:\Users\riki\.m2\repository\com\google\j2objc\j2objc-annotations\1.3\j2objc-annotations-1.3.jar;C:\Users\riki\.m2\repository\org\seleniumhq\selenium\selenium-chromium-driver\4.1.4\selenium-chromium-driver-4.1.4.jar;C:\Users\riki\.m2\repository\org\seleniumhq\selenium\selenium-json\4.1.4\selenium-json-4.1.4.jar;C:\Users\riki\.m2\repository\org\seleniumhq\selenium\selenium-devtools-v100\4.1.4\selenium-devtools-v100-4.1.4.jar;C:\Users\riki\.m2\repository\org\seleniumhq\selenium\selenium-devtools-v101\4.1.4\selenium-devtools-v101-4.1.4.jar;C:\Users\riki\.m2\repository\org\seleniumhq\selenium\selenium-devtools-v85\4.1.4\selenium-devtools-v85-4.1.4.jar;C:\Users\riki\.m2\repository\org\seleniumhq\selenium\selenium-devtools-v99\4.1.4\selenium-devtools-v99-4.1.4.jar;C:\Users\riki\.m2\repository\org\seleniumhq\selenium\selenium-edge-driver\4.1.4\selenium-edge-driver-4.1.4.jar;C:\Users\riki\.m2\repository\org\seleniumhq\selenium\selenium-firefox-driver\4.1.4\selenium-firefox-driver-4.1.4.jar;C:\Users\riki\.m2\repository\org\seleniumhq\selenium\selenium-ie-driver\4.1.4\selenium-ie-driver-4.1.4.jar;C:\Users\riki\.m2\repository\org\seleniumhq\selenium\selenium-opera-driver\4.1.4\selenium-opera-driver-4.1.4.jar;C:\Users\riki\.m2\repository\org\seleniumhq\selenium\selenium-remote-driver\4.1.4\selenium-remote-driver-4.1.4.jar;C:\Users\riki\.m2\repository\com\beust\jcommander\1.82\jcommander-1.82.jar;C:\Users\riki\.m2\repository\io\netty\netty-buffer\4.1.97.Final\netty-buffer-4.1.97.Final.jar;C:\Users\riki\.m2\repository\io\netty\netty-codec-http\4.1.97.Final\netty-codec-http-4.1.97.Final.jar;C:\Users\riki\.m2\repository\io\netty\netty-codec\4.1.97.Final\netty-codec-4.1.97.Final.jar;C:\Users\riki\.m2\repository\io\netty\netty-handler\4.1.97.Final\netty-handler-4.1.97.Final.jar;C:\Users\riki\.m2\repository\io\netty\netty-common\4.1.97.Final\netty-common-4.1.97.Final.jar;C:\Users\riki\.m2\repository\io\netty\netty-transport-classes-epoll\4.1.97.Final\netty-transport-classes-epoll-4.1.97.Final.jar;C:\Users\riki\.m2\repository\io\netty\netty-transport-classes-kqueue\4.1.97.Final\netty-transport-classes-kqueue-4.1.97.Final.jar;C:\Users\riki\.m2\repository\io\netty\netty-transport-native-epoll\4.1.97.Final\netty-transport-native-epoll-4.1.97.Final.jar;C:\Users\riki\.m2\repository\io\netty\netty-transport-native-kqueue\4.1.97.Final\netty-transport-native-kqueue-4.1.97.Final.jar;C:\Users\riki\.m2\repository\io\netty\netty-transport-native-unix-common\4.1.97.Final\netty-transport-native-unix-common-4.1.97.Final.jar;C:\Users\riki\.m2\repository\io\netty\netty-transport\4.1.97.Final\netty-transport-4.1.97.Final.jar;C:\Users\riki\.m2\repository\io\netty\netty-resolver\4.1.97.Final\netty-resolver-4.1.97.Final.jar;C:\Users\riki\.m2\repository\io\opentelemetry\opentelemetry-api\1.13.0\opentelemetry-api-1.13.0.jar;C:\Users\riki\.m2\repository\io\opentelemetry\opentelemetry-context\1.13.0\opentelemetry-context-1.13.0.jar;C:\Users\riki\.m2\repository\io\opentelemetry\opentelemetry-exporter-logging\1.13.0\opentelemetry-exporter-logging-1.13.0.jar;C:\Users\riki\.m2\repository\io\opentelemetry\opentelemetry-sdk-metrics\1.13.0-alpha\opentelemetry-sdk-metrics-1.13.0-alpha.jar;C:\Users\riki\.m2\repository\io\opentelemetry\opentelemetry-sdk-logs\1.13.0-alpha\opentelemetry-sdk-logs-1.13.0-alpha.jar;C:\Users\riki\.m2\repository\io\opentelemetry\opentelemetry-sdk-common\1.13.0\opentelemetry-sdk-common-1.13.0.jar;C:\Users\riki\.m2\repository\io\opentelemetry\opentelemetry-sdk-extension-autoconfigure-spi\1.13.0\opentelemetry-sdk-extension-autoconfigure-spi-1.13.0.jar;C:\Users\riki\.m2\repository\io\opentelemetry\opentelemetry-sdk-extension-autoconfigure\1.13.0-alpha\opentelemetry-sdk-extension-autoconfigure-1.13.0-alpha.jar;C:\Users\riki\.m2\repository\io\opentelemetry\opentelemetry-sdk-trace\1.13.0\opentelemetry-sdk-trace-1.13.0.jar;C:\Users\riki\.m2\repository\io\opentelemetry\opentelemetry-sdk\1.13.0\opentelemetry-sdk-1.13.0.jar;C:\Users\riki\.m2\repository\io\opentelemetry\opentelemetry-semconv\1.13.0-alpha\opentelemetry-semconv-1.13.0-alpha.jar;C:\Users\riki\.m2\repository\io\ous\jtoml\2.0.0\jtoml-2.0.0.jar;C:\Users\riki\.m2\repository\org\apache\commons\commons-exec\1.3\commons-exec-1.3.jar;C:\Users\riki\.m2\repository\org\asynchttpclient\async-http-client\2.12.3\async-http-client-2.12.3.jar;C:\Users\riki\.m2\repository\org\asynchttpclient\async-http-client-netty-utils\2.12.3\async-http-client-netty-utils-2.12.3.jar;C:\Users\riki\.m2\repository\io\netty\netty-codec-socks\4.1.97.Final\netty-codec-socks-4.1.97.Final.jar;C:\Users\riki\.m2\repository\io\netty\netty-handler-proxy\4.1.97.Final\netty-handler-proxy-4.1.97.Final.jar;C:\Users\riki\.m2\repository\io\netty\netty-transport-native-epoll\4.1.97.Final\netty-transport-native-epoll-4.1.97.Final-linux-x86_64.jar;C:\Users\riki\.m2\repository\io\netty\netty-transport-native-kqueue\4.1.97.Final\netty-transport-native-kqueue-4.1.97.Final-osx-x86_64.jar;C:\Users\riki\.m2\repository\org\reactivestreams\reactive-streams\1.0.4\reactive-streams-1.0.4.jar;C:\Users\riki\.m2\repository\com\typesafe\netty\netty-reactive-streams\2.0.4\netty-reactive-streams-2.0.4.jar;C:\Users\riki\.m2\repository\org\seleniumhq\selenium\selenium-http\4.1.4\selenium-http-4.1.4.jar;C:\Users\riki\.m2\repository\dev\failsafe\failsafe\3.2.3\failsafe-3.2.3.jar;C:\Users\riki\.m2\repository\org\seleniumhq\selenium\selenium-safari-driver\4.1.4\selenium-safari-driver-4.1.4.jar;C:\Users\riki\.m2\repository\org\seleniumhq\selenium\selenium-support\4.1.4\selenium-support-4.1.4.jar;C:\Users\riki\.m2\repository\org\projectlombok\lombok\1.18.28\lombok-1.18.28.jar;C:\Users\riki\.m2\repository\org\jsoup\jsoup\1.16.1\jsoup-1.16.1.jar;C:\Users\riki\.m2\repository\ch\qos\logback\logback-access\1.2.12\logback-access-1.2.12.jar;C:\Users\riki\.m2\repository\ch\qos\logback\logback-core\1.2.12\logback-core-1.2.12.jar;C:\Users\riki\.m2\repository\org\apache\commons\commons-lang3\3.12.0\commons-lang3-3.12.0.jar;C:\Users\riki\.m2\repository\org\apache\commons\commons-text\1.10.0\commons-text-1.10.0.jar;C:\Users\riki\.m2\repository\commons-io\commons-io\2.13.0\commons-io-2.13.0.jar;C:\Users\riki\.m2\repository\commons-cli\commons-cli\1.5.0\commons-cli-1.5.0.jar;C:\Users\riki\.m2\repository\com\fasterxml\jackson\dataformat\jackson-dataformat-csv\2.13.5\jackson-dataformat-csv-2.13.5.jar;C:\Users\riki\.m2\repository\com\fasterxml\jackson\core\jackson-databind\2.13.5\jackson-databind-2.13.5.jar;C:\Users\riki\.m2\repository\com\fasterxml\jackson\core\jackson-annotations\2.13.5\jackson-annotations-2.13.5.jar;C:\Users\riki\.m2\repository\com\fasterxml\jackson\core\jackson-core\2.13.5\jackson-core-2.13.5.jar;C:\Users\riki\.m2\repository\com\opencsv\opencsv\5.8\opencsv-5.8.jar;C:\Users\riki\.m2\repository\commons-beanutils\commons-beanutils\1.9.4\commons-beanutils-1.9.4.jar;C:\Users\riki\.m2\repository\commons-logging\commons-logging\1.2\commons-logging-1.2.jar;C:\Users\riki\.m2\repository\commons-collections\commons-collections\3.2.2\commons-collections-3.2.2.jar;C:\Users\riki\.m2\repository\org\apache\commons\commons-collections4\4.4\commons-collections4-4.4.jar;C:\Users\riki\.m2\repository\de\vandermeer\asciitable\0.3.2\asciitable-0.3.2.jar;C:\Users\riki\.m2\repository\de\vandermeer\ascii-utf-themes\0.0.1\ascii-utf-themes-0.0.1.jar;C:\Users\riki\.m2\repository\de\vandermeer\skb-interfaces\0.0.1\skb-interfaces-0.0.1.jar;C:\Users\riki\.m2\repository\org\antlr\ST4\4.0.8\ST4-4.0.8.jar;C:\Users\riki\.m2\repository\org\antlr\antlr-runtime\3.5.2\antlr-runtime-3.5.2.jar;C:\Users\riki\.m2\repository\org\antlr\antlr4\4.5.1\antlr4-4.5.1.jar;C:\Users\riki\.m2\repository\de\vandermeer\char-translation\0.0.2\char-translation-0.0.2.jar
Launcher Type: SUN_STANDARD

[Global flags]
     intx CICompilerCount                          = 4                                         {product} {ergonomic}
     uint ConcGCThreads                            = 2                                         {product} {ergonomic}
     uint G1ConcRefinementThreads                  = 8                                         {product} {ergonomic}
   size_t G1HeapRegionSize                         = 2097152                                   {product} {ergonomic}
    uintx GCDrainStackTargetSize                   = 64                                        {product} {ergonomic}
   size_t InitialHeapSize                          = 268435456                                 {product} {ergonomic}
   size_t MarkStackSize                            = 4194304                                   {product} {ergonomic}
   size_t MaxHeapSize                              = 4294967296                                {product} {ergonomic}
   size_t MaxNewSize                               = 2575302656                                {product} {ergonomic}
   size_t MinHeapDeltaBytes                        = 2097152                                   {product} {ergonomic}
   size_t MinHeapSize                              = 8388608                                   {product} {ergonomic}
    uintx NonNMethodCodeHeapSize                   = 5839372                                {pd product} {ergonomic}
    uintx NonProfiledCodeHeapSize                  = 122909434                              {pd product} {ergonomic}
    uintx ProfiledCodeHeapSize                     = 122909434                              {pd product} {ergonomic}
    uintx ReservedCodeCacheSize                    = 251658240                              {pd product} {ergonomic}
     bool SegmentedCodeCache                       = true                                      {product} {ergonomic}
     bool ShowCodeDetailsInExceptionMessages       = true                                   {manageable} {command line}
   size_t SoftMaxHeapSize                          = 4294967296                             {manageable} {ergonomic}
     bool UseCompressedClassPointers               = true                           {product lp64_product} {ergonomic}
     bool UseCompressedOops                        = true                           {product lp64_product} {ergonomic}
     bool UseG1GC                                  = true                                      {product} {ergonomic}
     bool UseLargePagesIndividualAllocation        = false                                  {pd product} {ergonomic}

Logging:
Log output configuration:
 #0: stdout all=warning uptime,level,tags foldmultilines=false
 #1: stderr all=off uptime,level,tags foldmultilines=false

Environment Variables:
PATH=C:/Users/riki/Documents/Workspace-24/Tools/IDEs/eclipse-jee-2023-12R//plugins/org.eclipse.justj.openjdk.hotspot.jre.full.win32.x86_64_17.0.10.v20240120-1143/jre/bin/server;C:/Users/riki/Documents/Workspace-24/Tools/IDEs/eclipse-jee-2023-12R//plugins/org.eclipse.justj.openjdk.hotspot.jre.full.win32.x86_64_17.0.10.v20240120-1143/jre/bin;C:\Users\riki\Documents\Workspace-24\Tools\Infrastructure\jdk-20.0.2\bin;C:\Program Files\Firefox Developer Edition;C:\Users\riki\Documents\Workspace-24\Tools\Infrastructure\geckodriver-0.33.0;C:\Program Files (x86)\Common Files\Oracle\Java\javapath;C:\Program Files\Parallels\Parallels Tools\Applications;C:\Windows\system32;C:\Windows;C:\Windows\System32\Wbem;C:\Windows\System32\WindowsPowerShell\v1.0\;C:\Windows\System32\OpenSSH\;C:\Program Files\Git\cmd;C:\Users\riki\AppData\Local\Microsoft\WindowsApps;C:\Users\riki\AppData\Local\GitHubDesktop\bin;C:\Users\riki\Documents\Workspace-24\Tools\IDEs\eclipse-jee-2023-12R;
USERNAME=riki
OS=Windows_NT
PROCESSOR_IDENTIFIER=ARMv8 (64-bit) Family 8 Model 0 Revision   0,  
TMP=C:\Users\riki\AppData\Local\Temp
TEMP=C:\Users\riki\AppData\Local\Temp




---------------  S Y S T E M  ---------------

OS:
 Windows 11 , 64 bit Build 22621 (10.0.22621.2506)
OS uptime: 0 days 0:19 hours

CPU: total 8 (initial active 8) (8 cores per cpu, 1 threads per core) family 15 model 4 stepping 10 microcode 0x0, cx8, cmov, fxsr, mmx, 3dnowpref, sse, sse2, sse3, ssse3, sse4.1, sse4.2, popcnt, tsc, tscinvbit, aes, clmul, clflush, rdtscp

Memory: 4k page, system-wide physical 16378M (10835M free)
TotalPageFile size 17402M (AvailPageFile size 11936M)
current process WorkingSet (physical memory assigned to process): 531M, peak: 531M
current process commit charge ("private bytes"): 531M, peak: 531M

vm_info: Java HotSpot(TM) 64-Bit Server VM (20.0.2+9-78) for windows-amd64 JRE (20.0.2+9-78), built on 2023-06-14T10:08:48Z by "mach5one" with MS VC++ 17.1 (VS2022)

END.
