#
# A fatal error has been detected by the Java Runtime Environment:
#
#  EXCEPTION_ACCESS_VIOLATION (0xc0000005) at pc=0x00007ffec677e419, pid=3660, tid=1652
#
# JRE version: Java(TM) SE Runtime Environment (20.0.2+9) (build 20.0.2+9-78)
# Java VM: Java HotSpot(TM) 64-Bit Server VM (20.0.2+9-78, mixed mode, sharing, tiered, compressed oops, compressed class ptrs, g1 gc, windows-amd64)
# Problematic frame:
# V  [jvm.dll+0x35e419]
#
# No core dump will be written. Minidumps are not enabled by default on client versions of Windows
#
# If you would like to submit a bug report, please visit:
#   https://bugreport.java.com/bugreport/crash.jsp
#

---------------  S U M M A R Y ------------

Command Line: -ea -ea -Dfile.encoding=utf-8 -Dstdout.encoding=utf-8 -Dstderr.encoding=utf-8 -XX:+ShowCodeDetailsInExceptionMessages acme.Launcher --platform testing --launcher tester#recorder

Host: Apple Silicon, 8 cores, 15G,  Windows 11 , 64 bit Build 22621 (10.0.22621.2506)
Time: Mon May 27 20:30:42 2024 Hora de verano romance elapsed time: 2.842830 seconds (0d 0h 0m 2s)

---------------  T H R E A D  ---------------

Current thread (0x00000227f79ffe90):  WorkerThread "GC Thread#2" [stack: 0x0000007a7d700000,0x0000007a7d800000] [id=1652]

Stack: [0x0000007a7d700000,0x0000007a7d800000],  sp=0x0000007a7d7ff8f0,  free space=1022k
Native frames: (J=compiled Java code, j=interpreted, Vv=VM code, C=native code)
V  [jvm.dll+0x35e419]
V  [jvm.dll+0x35aace]
V  [jvm.dll+0x368531]
V  [jvm.dll+0x36a10b]
V  [jvm.dll+0x3688ca]
V  [jvm.dll+0x369cbb]
V  [jvm.dll+0x374263]
V  [jvm.dll+0x3743ab]
V  [jvm.dll+0x876b17]
V  [jvm.dll+0x7f5c76]
V  [jvm.dll+0x6baecb]
C  [ucrtbase.dll+0x170ccc]


siginfo: EXCEPTION_ACCESS_VIOLATION (0xc0000005), reading address 0x000000006f725028


Registers:
RAX=0x0000000000000000, RBX=0x00000227f7ea3580, RCX=0x0000000000000015, RDX=0x0000000000000000
RSP=0x0000007a7d7ff8f0, RBP=0x0000000000000637, RSI=0x0000022791678920, RDI=0x000000070c9fcf0c
R8 =0x000000070c9fcf00, R9 =0x00007ffec6420000, R10=0x000000006f725028, R11=0x00007fff0c121841
R12=0x0000000000000009, R13=0x0000022791676a20, R14=0x0000000000000040, R15=0x0000000000000000
RIP=0x00007ffec677e419, EFLAGS=0x0000000000000242


Register to memory mapping:

RIP=0x00007ffec677e419 jvm.dll
RAX=0x0 is NULL
RBX=0x00000227f7ea3580 points into unknown readable memory: 0x00007ffec6da6aa0 | a0 6a da c6 fe 7f 00 00
RCX=0x0000000000000015 is an unknown value
RDX=0x0 is NULL
RSP=0x0000007a7d7ff8f0 points into unknown readable memory: 0x00000227f7ea0000 | 00 00 ea f7 27 02 00 00
RBP=0x0000000000000637 is an unknown value
RSI=0x0000022791678920 points into unknown readable memory: 0x0000000000000000 | 00 00 00 00 00 00 00 00
RDI=
[error occurred during error reporting (printing register info), id 0xc0000005, EXCEPTION_ACCESS_VIOLATION (0xc0000005) at pc=0x00007ffec65608f1]
Top of Stack: (sp=0x0000007a7d7ff8f0)
0x0000007a7d7ff8f0:   00000227f7ea0000 0000000000000001
0x0000007a7d7ff900:   0000022700000000 0000000000000010
0x0000007a7d7ff910:   0000000700919200 00000227a9214900
0x0000007a7d7ff920:   000000070091a418 0000007a7d7ffb40
0x0000007a7d7ff930:   00000000000048c9 00007ffec677aace
0x0000007a7d7ff940:   000000070091a400 00000227f7ea3580
0x0000007a7d7ff950:   0000007a7d7ffbd9 00007ffec6ad579f
0x0000007a7d7ff960:   00000000040bdc7e 000000010a527e96
0x0000007a7d7ff970:   0000000000000009 0000000000000240
0x0000007a7d7ff980:   00000227ae2e4520 00007ffec6788531
0x0000007a7d7ff990:   00000227a9214900 00000227ae2e4520
0x0000007a7d7ff9a0:   00000000000048c9 0000000000000000
0x0000007a7d7ff9b0:   0000000700919200 0000000000000240
0x0000007a7d7ff9c0:   00007ffec6da7e90 0000000000000000
0x0000007a7d7ff9d0:   000002279166f5e0 00000227f7ea3580
0x0000007a7d7ff9e0:   0000007a7d7ffb98 0000000000000000
0x0000007a7d7ff9f0:   0000007a7d7ffb40 0000000000000009
0x0000007a7d7ffa00:   0000000000000012 00007ffec678a10b
0x0000007a7d7ffa10:   0000000000000000 0000007a7d7ffa80
0x0000007a7d7ffa20:   00000227a92148c0 00000227a92148d3
0x0000007a7d7ffa30:   00000227f6292fe0 00000000000003d8
0x0000007a7d7ffa40:   00000227f6292ff0 00000227f62933c8
0x0000007a7d7ffa50:   0000007a7d7ffba0 0000000000000000
0x0000007a7d7ffa60:   0000000000000000 000002279166e6e0
0x0000007a7d7ffa70:   000000000000000f 00000227ae2e4520
0x0000007a7d7ffa80:   0000022791676a20 0000007a7d7ffbd9
0x0000007a7d7ffa90:   0000007a7d7ffb40 00007ffec67888ca
0x0000007a7d7ffaa0:   0000007a00000004 00000227f7a1e5b0
0x0000007a7d7ffab0:   00000000000048c0 0000000000000004
0x0000007a7d7ffac0:   00000227f7ea3580 00000000040bdc10
0x0000007a7d7ffad0:   000000010a52623a 0000007a7d7ffba0
0x0000007a7d7ffae0:   0000007a7d7ffbb0 00000227f79e5c00 

Instructions: (pc=0x00007ffec677e419)
0x00007ffec677e319:   fd ff ff 48 8d 57 fe 48 8b cb e8 88 f3 ff ff e9
0x00007ffec677e329:   d3 fd ff ff 0f 1f 00 48 8b 73 10 8b ae 80 00 00
0x00007ffec677e339:   00 8b cd 8b 86 00 01 00 00 2b c8 81 e1 ff ff 01
0x00007ffec677e349:   00 41 3b ce 0f 86 4b 02 00 00 ff cd 81 e5 ff ff
0x00007ffec677e359:   01 00 89 ae 80 00 00 00 e8 1a f4 34 00 90 8b d5
0x00007ffec677e369:   48 8b 86 80 01 00 00 8b cd 48 8b 3c e8 8b 86 00
0x00007ffec677e379:   01 00 00 2b c8 81 e1 ff ff 01 00 81 f9 ff ff 01
0x00007ffec677e389:   00 41 0f 44 cf 85 c9 75 3d 90 89 6c 24 50 48 8b
0x00007ffec677e399:   86 00 01 00 00 48 8b c8 48 c1 e9 20 ff c1 89 4c
0x00007ffec677e3a9:   24 54 3b e8 0f 85 d9 01 00 00 48 c1 e1 20 48 0b
0x00007ffec677e3b9:   ca f0 48 0f b1 8e 00 01 00 00 0f 85 c3 01 00 00
0x00007ffec677e3c9:   8b 86 00 01 00 00 40 f6 c7 01 0f 84 a7 00 00 00
0x00007ffec677e3d9:   8b 0d f9 5b 7e 00 48 ff cf 48 8b 43 08 44 8b 17
0x00007ffec677e3e9:   49 d3 e2 8b 88 d0 05 00 00 48 8b 80 c0 05 00 00
0x00007ffec677e3f9:   4c 03 15 d0 5b 7e 00 49 8b d2 48 d3 ea 0f b7 14
0x00007ffec677e409:   50 0f b7 c2 66 c1 e8 08 84 c0 0f 88 17 ff ff ff
0x00007ffec677e419:   4d 8b 02 41 0f b6 c0 24 03 3c 03 75 06 49 83 e0
0x00007ffec677e429:   fc eb 11 4d 8b c8 48 8b cb 4d 8b c2 e8 46 ed ff
0x00007ffec677e439:   ff 4c 8b c0 8b 0d 95 5b 7e 00 49 8b d0 48 2b 15
0x00007ffec677e449:   83 5b 7e 00 48 d3 ea 89 17 49 8b d0 8b 0d b5 3d
0x00007ffec677e459:   85 00 48 33 d7 48 d3 ea 48 85 d2 0f 84 c6 fe ff
0x00007ffec677e469:   ff 48 8b 43 08 8b 88 d0 05 00 00 4c 8b 88 c0 05
0x00007ffec677e479:   00 00 e9 87 00 00 00 40 f6 c7 03 0f 85 f1 00 00
0x00007ffec677e489:   00 48 8b 43 08 4c 8b 17 49 8b d2 8b 88 d0 05 00
0x00007ffec677e499:   00 48 8b 80 c0 05 00 00 48 d3 ea 0f b7 14 50 0f
0x00007ffec677e4a9:   b7 c2 66 c1 e8 08 84 c0 0f 88 79 fe ff ff 4d 8b
0x00007ffec677e4b9:   02 41 0f b6 c0 24 03 3c 03 75 06 49 83 e0 fc eb
0x00007ffec677e4c9:   11 4d 8b c8 48 8b cb 4d 8b c2 e8 a8 ec ff ff 4c
0x00007ffec677e4d9:   8b c0 49 8b d0 4c 89 07 8b 0d 29 3d 85 00 48 33
0x00007ffec677e4e9:   d7 48 d3 ea 48 85 d2 0f 84 3a fe ff ff 48 8b 53
0x00007ffec677e4f9:   08 8b 8a d0 05 00 00 4c 8b 8a c0 05 00 00 48 8b
0x00007ffec677e509:   c7 48 d3 e8 41 0f b7 14 41 66 c1 ea 08 80 fa fe 


Stack slot to memory mapping:
stack at sp + 0 slots: 0x00000227f7ea0000 points into unknown readable memory: 0x00640069006c0061 | 61 00 6c 00 69 00 64 00
stack at sp + 1 slots: 0x0000000000000001 is an unknown value
stack at sp + 2 slots: 0x0000022700000000 is an unknown value
stack at sp + 3 slots: 0x0000000000000010 is an unknown value
stack at sp + 4 slots: 0x0000000700919200 is pointing into object: [B 
{0x00000007009191e8} - klass: {type array byte}
 - length: 58
stack at sp + 5 slots: 0x00000227a9214900 points into unknown readable memory: 0xffffffffffffffff | ff ff ff ff ff ff ff ff
stack at sp + 6 slots: 0x000000070091a418 is an oop: java.util.concurrent.ConcurrentHashMap$Node 
{0x000000070091a418} - klass: 'java/util/concurrent/ConcurrentHashMap$Node'
 - ---- fields (total size 4 words):
 - final 'hash' 'I' @12  575427504 (0x224c53b0)
 - final 'key' 'Ljava/lang/Object;' @16  "ch.qos.logback.core.status"{0x000000070091a438} (0xe0123487)
 - volatile 'val' 'Ljava/lang/Object;' @20  a 'java/security/cert/Certificate'[0] {0x000000070067d8c0} (0xe00cfb18)
 - volatile 'next' 'Ljava/util/concurrent/ConcurrentHashMap$Node;' @24  a 'java/util/concurrent/ConcurrentHashMap$Node'{0x000000070091a480} (0xe0123490)
stack at sp + 7 slots: 0x0000007a7d7ffb40 points into unknown readable memory: 0x00007ffec6da8028 | 28 80 da c6 fe 7f 00 00


---------------  P R O C E S S  ---------------

Threads class SMR info:
_java_thread_list=0x00000227f7b882d0, length=14, elements={
0x000002279165a110, 0x00000227f60211f0, 0x00000227f6021ff0, 0x00000227f6027290,
0x00000227f6029e40, 0x00000227f602a780, 0x00000227f602b420, 0x00000227f6030b10,
0x00000227f6039420, 0x00000227f6284640, 0x00000227f629e470, 0x00000227f62aea60,
0x00000227f7cb5bf0, 0x00000227f7b899f0
}

Java Threads: ( => current thread )
  0x000002279165a110 JavaThread "main" [_thread_blocked, id=3972, stack(0x0000007a7c300000,0x0000007a7c400000)]
  0x00000227f60211f0 JavaThread "Reference Handler" daemon [_thread_blocked, id=3824, stack(0x0000007a7ca00000,0x0000007a7cb00000)]
  0x00000227f6021ff0 JavaThread "Finalizer" daemon [_thread_blocked, id=5404, stack(0x0000007a7cb00000,0x0000007a7cc00000)]
  0x00000227f6027290 JavaThread "Signal Dispatcher" daemon [_thread_blocked, id=7596, stack(0x0000007a7cc00000,0x0000007a7cd00000)]
  0x00000227f6029e40 JavaThread "Attach Listener" daemon [_thread_blocked, id=8208, stack(0x0000007a7cd00000,0x0000007a7ce00000)]
  0x00000227f602a780 JavaThread "Service Thread" daemon [_thread_blocked, id=7456, stack(0x0000007a7ce00000,0x0000007a7cf00000)]
  0x00000227f602b420 JavaThread "Monitor Deflation Thread" daemon [_thread_blocked, id=8052, stack(0x0000007a7cf00000,0x0000007a7d000000)]
  0x00000227f6030b10 JavaThread "C2 CompilerThread0" daemon [_thread_blocked, id=6980, stack(0x0000007a7d000000,0x0000007a7d100000)]
  0x00000227f6039420 JavaThread "C1 CompilerThread0" daemon [_thread_blocked, id=6744, stack(0x0000007a7d100000,0x0000007a7d200000)]
  0x00000227f6284640 JavaThread "Notification Thread" daemon [_thread_blocked, id=664, stack(0x0000007a7d200000,0x0000007a7d300000)]
  0x00000227f629e470 JavaThread "Common-Cleaner" daemon [_thread_blocked, id=7512, stack(0x0000007a7d400000,0x0000007a7d500000)]
  0x00000227f62aea60 JavaThread "C2 CompilerThread1" daemon [_thread_blocked, id=7448, stack(0x0000007a7d500000,0x0000007a7d600000)]
  0x00000227f7cb5bf0 JavaThread "logback-1" daemon [_thread_blocked, id=7860, stack(0x0000007a7dd00000,0x0000007a7de00000)]
  0x00000227f7b899f0 JavaThread "background-preinit" [_thread_blocked, id=3552, stack(0x0000007a7de00000,0x0000007a7df00000)]

Other Threads:
  0x00000227ae49c990 VMThread "VM Thread" [stack: 0x0000007a7c900000,0x0000007a7ca00000] [id=2676]
  0x00000227f628dbc0 WatcherThread "VM Periodic Task Thread" [stack: 0x0000007a7d300000,0x0000007a7d400000] [id=7560]
  0x00000227ae2c1120 WorkerThread "GC Thread#0" [stack: 0x0000007a7c400000,0x0000007a7c500000] [id=7812]
  0x00000227f79fedb0 WorkerThread "GC Thread#1" [stack: 0x0000007a7d600000,0x0000007a7d700000] [id=1240]
=>0x00000227f79ffe90 WorkerThread "GC Thread#2" [stack: 0x0000007a7d700000,0x0000007a7d800000] [id=1652]
  0x00000227f7a00160 WorkerThread "GC Thread#3" [stack: 0x0000007a7d800000,0x0000007a7d900000] [id=4364]
  0x00000227f79ff080 WorkerThread "GC Thread#4" [stack: 0x0000007a7d900000,0x0000007a7da00000] [id=2824]
  0x00000227f79ff620 WorkerThread "GC Thread#5" [stack: 0x0000007a7da00000,0x0000007a7db00000] [id=8628]
  0x00000227f79feae0 WorkerThread "GC Thread#6" [stack: 0x0000007a7db00000,0x0000007a7dc00000] [id=6224]
  0x00000227f7a00430 WorkerThread "GC Thread#7" [stack: 0x0000007a7dc00000,0x0000007a7dd00000] [id=5560]
  0x00000227916bb130 ConcurrentGCThread "G1 Main Marker" [stack: 0x0000007a7c500000,0x0000007a7c600000] [id=7688]
  0x00000227916bb970 WorkerThread "G1 Conc#0" [stack: 0x0000007a7c600000,0x0000007a7c700000] [id=2440]
  0x00000227ae34eb80 ConcurrentGCThread "G1 Refine#0" [stack: 0x0000007a7c700000,0x0000007a7c800000] [id=8740]
  0x00000227ae34ff60 ConcurrentGCThread "G1 Service" [stack: 0x0000007a7c800000,0x0000007a7c900000] [id=1748]

Threads with active compile tasks:
C2 CompilerThread0     2868 2629       4       org.springframework.asm.ClassReader::readUtf (161 bytes)
C2 CompilerThread1     2868 2597   !   4       java.util.zip.InflaterInputStream::read (129 bytes)

VM state: at safepoint (normal execution)

VM Mutex/Monitor currently owned by a thread:  ([mutex/lock_event])
[0x0000022791654160] Threads_lock - owner thread: 0x00000227ae49c990
[0x0000022791654a60] Heap_lock - owner thread: 0x000002279165a110

Heap address: 0x0000000700000000, size: 4096 MB, Compressed Oops mode: Zero based, Oop shift amount: 3

CDS archive(s) mapped at: [0x00000227b1000000-0x00000227b1c60000-0x00000227b1c60000), size 12976128, SharedBaseAddress: 0x00000227b1000000, ArchiveRelocationMode: 1.
Compressed class space mapped at: 0x00000227b2000000-0x00000227f2000000, reserved size: 1073741824
Narrow klass base: 0x00000227b1000000, Narrow klass shift: 0, Narrow klass range: 0x100000000

GC Precious Log:
 CardTable entry size: 512
 Card Set container configuration: InlinePtr #cards 4 size 8 Array Of Cards #cards 16 size 48 Howl #buckets 8 coarsen threshold 3686 Howl Bitmap #cards 512 size 80 coarsen threshold 460 Card regions per heap region 1 cards per card region 4096
 CPUs: 8 total, 8 available
 Memory: 16378M
 Large Page Support: Disabled
 NUMA Support: Disabled
 Compressed Oops: Enabled (Zero based)
 Heap Region Size: 2M
 Heap Min Capacity: 8M
 Heap Initial Capacity: 256M
 Heap Max Capacity: 4G
 Pre-touch: Disabled
 Parallel Workers: 8
 Concurrent Workers: 2
 Concurrent Refinement Workers: 8
 Periodic GC: Disabled

Heap:
 garbage-first heap   total 262144K, used 65268K [0x0000000700000000, 0x0000000800000000)
  region size 2048K, 29 young (59392K), 3 survivors (6144K)
 Metaspace       used 19166K, committed 19456K, reserved 1114112K
  class space    used 2307K, committed 2432K, reserved 1048576K

Heap Regions: E=young(eden), S=young(survivor), O=old, HS=humongous(starts), HC=humongous(continues), CS=collection set, F=free, OA=open archive, CA=closed archive, TAMS=top-at-mark-start, PB=parsable bottom
|   0|0x0000000700000000, 0x0000000700200000, 0x0000000700200000|100%| O|  |TAMS 0x0000000700000000| PB 0x0000000700000000| Untracked 
|   1|0x0000000700200000, 0x0000000700400000, 0x0000000700400000|100%| O|  |TAMS 0x0000000700200000| PB 0x0000000700200000| Untracked 
|   2|0x0000000700400000, 0x0000000700600000, 0x0000000700600000|100%| O|  |TAMS 0x0000000700400000| PB 0x0000000700400000| Untracked 
|   3|0x0000000700600000, 0x0000000700800000, 0x0000000700800000|100%| O|  |TAMS 0x0000000700600000| PB 0x0000000700600000| Untracked 
|   4|0x0000000700800000, 0x00000007009c4400, 0x0000000700a00000| 88%| O|  |TAMS 0x0000000700800000| PB 0x0000000700800000| Untracked 
|   5|0x0000000700a00000, 0x0000000700a00000, 0x0000000700c00000|  0%| F|  |TAMS 0x0000000700a00000| PB 0x0000000700a00000| Untracked 
|   6|0x0000000700c00000, 0x0000000700c00000, 0x0000000700e00000|  0%| F|  |TAMS 0x0000000700c00000| PB 0x0000000700c00000| Untracked 
|   7|0x0000000700e00000, 0x0000000700e00000, 0x0000000701000000|  0%| F|  |TAMS 0x0000000700e00000| PB 0x0000000700e00000| Untracked 
|   8|0x0000000701000000, 0x0000000701000000, 0x0000000701200000|  0%| F|  |TAMS 0x0000000701000000| PB 0x0000000701000000| Untracked 
|   9|0x0000000701200000, 0x0000000701200000, 0x0000000701400000|  0%| F|  |TAMS 0x0000000701200000| PB 0x0000000701200000| Untracked 
|  10|0x0000000701400000, 0x0000000701400000, 0x0000000701600000|  0%| F|  |TAMS 0x0000000701400000| PB 0x0000000701400000| Untracked 
|  11|0x0000000701600000, 0x0000000701600000, 0x0000000701800000|  0%| F|  |TAMS 0x0000000701600000| PB 0x0000000701600000| Untracked 
|  12|0x0000000701800000, 0x0000000701800000, 0x0000000701a00000|  0%| F|  |TAMS 0x0000000701800000| PB 0x0000000701800000| Untracked 
|  13|0x0000000701a00000, 0x0000000701a00000, 0x0000000701c00000|  0%| F|  |TAMS 0x0000000701a00000| PB 0x0000000701a00000| Untracked 
|  14|0x0000000701c00000, 0x0000000701c00000, 0x0000000701e00000|  0%| F|  |TAMS 0x0000000701c00000| PB 0x0000000701c00000| Untracked 
|  15|0x0000000701e00000, 0x0000000701e00000, 0x0000000702000000|  0%| F|  |TAMS 0x0000000701e00000| PB 0x0000000701e00000| Untracked 
|  16|0x0000000702000000, 0x0000000702000000, 0x0000000702200000|  0%| F|  |TAMS 0x0000000702000000| PB 0x0000000702000000| Untracked 
|  17|0x0000000702200000, 0x0000000702200000, 0x0000000702400000|  0%| F|  |TAMS 0x0000000702200000| PB 0x0000000702200000| Untracked 
|  18|0x0000000702400000, 0x0000000702400000, 0x0000000702600000|  0%| F|  |TAMS 0x0000000702400000| PB 0x0000000702400000| Untracked 
|  19|0x0000000702600000, 0x0000000702600000, 0x0000000702800000|  0%| F|  |TAMS 0x0000000702600000| PB 0x0000000702600000| Untracked 
|  20|0x0000000702800000, 0x0000000702800000, 0x0000000702a00000|  0%| F|  |TAMS 0x0000000702800000| PB 0x0000000702800000| Untracked 
|  21|0x0000000702a00000, 0x0000000702a00000, 0x0000000702c00000|  0%| F|  |TAMS 0x0000000702a00000| PB 0x0000000702a00000| Untracked 
|  22|0x0000000702c00000, 0x0000000702c00000, 0x0000000702e00000|  0%| F|  |TAMS 0x0000000702c00000| PB 0x0000000702c00000| Untracked 
|  23|0x0000000702e00000, 0x0000000702e00000, 0x0000000703000000|  0%| F|  |TAMS 0x0000000702e00000| PB 0x0000000702e00000| Untracked 
|  24|0x0000000703000000, 0x0000000703000000, 0x0000000703200000|  0%| F|  |TAMS 0x0000000703000000| PB 0x0000000703000000| Untracked 
|  25|0x0000000703200000, 0x0000000703200000, 0x0000000703400000|  0%| F|  |TAMS 0x0000000703200000| PB 0x0000000703200000| Untracked 
|  26|0x0000000703400000, 0x0000000703400000, 0x0000000703600000|  0%| F|  |TAMS 0x0000000703400000| PB 0x0000000703400000| Untracked 
|  27|0x0000000703600000, 0x0000000703600000, 0x0000000703800000|  0%| F|  |TAMS 0x0000000703600000| PB 0x0000000703600000| Untracked 
|  28|0x0000000703800000, 0x0000000703800000, 0x0000000703a00000|  0%| F|  |TAMS 0x0000000703800000| PB 0x0000000703800000| Untracked 
|  29|0x0000000703a00000, 0x0000000703a00000, 0x0000000703c00000|  0%| F|  |TAMS 0x0000000703a00000| PB 0x0000000703a00000| Untracked 
|  30|0x0000000703c00000, 0x0000000703c00000, 0x0000000703e00000|  0%| F|  |TAMS 0x0000000703c00000| PB 0x0000000703c00000| Untracked 
|  31|0x0000000703e00000, 0x0000000703e00000, 0x0000000704000000|  0%| F|  |TAMS 0x0000000703e00000| PB 0x0000000703e00000| Untracked 
|  32|0x0000000704000000, 0x0000000704000000, 0x0000000704200000|  0%| F|  |TAMS 0x0000000704000000| PB 0x0000000704000000| Untracked 
|  33|0x0000000704200000, 0x0000000704200000, 0x0000000704400000|  0%| F|  |TAMS 0x0000000704200000| PB 0x0000000704200000| Untracked 
|  34|0x0000000704400000, 0x0000000704400000, 0x0000000704600000|  0%| F|  |TAMS 0x0000000704400000| PB 0x0000000704400000| Untracked 
|  35|0x0000000704600000, 0x0000000704600000, 0x0000000704800000|  0%| F|  |TAMS 0x0000000704600000| PB 0x0000000704600000| Untracked 
|  36|0x0000000704800000, 0x0000000704800000, 0x0000000704a00000|  0%| F|  |TAMS 0x0000000704800000| PB 0x0000000704800000| Untracked 
|  37|0x0000000704a00000, 0x0000000704a00000, 0x0000000704c00000|  0%| F|  |TAMS 0x0000000704a00000| PB 0x0000000704a00000| Untracked 
|  38|0x0000000704c00000, 0x0000000704c00000, 0x0000000704e00000|  0%| F|  |TAMS 0x0000000704c00000| PB 0x0000000704c00000| Untracked 
|  39|0x0000000704e00000, 0x0000000704e00000, 0x0000000705000000|  0%| F|  |TAMS 0x0000000704e00000| PB 0x0000000704e00000| Untracked 
|  40|0x0000000705000000, 0x0000000705000000, 0x0000000705200000|  0%| F|  |TAMS 0x0000000705000000| PB 0x0000000705000000| Untracked 
|  41|0x0000000705200000, 0x0000000705200000, 0x0000000705400000|  0%| F|  |TAMS 0x0000000705200000| PB 0x0000000705200000| Untracked 
|  42|0x0000000705400000, 0x0000000705400000, 0x0000000705600000|  0%| F|  |TAMS 0x0000000705400000| PB 0x0000000705400000| Untracked 
|  43|0x0000000705600000, 0x0000000705600000, 0x0000000705800000|  0%| F|  |TAMS 0x0000000705600000| PB 0x0000000705600000| Untracked 
|  44|0x0000000705800000, 0x0000000705800000, 0x0000000705a00000|  0%| F|  |TAMS 0x0000000705800000| PB 0x0000000705800000| Untracked 
|  45|0x0000000705a00000, 0x0000000705a00000, 0x0000000705c00000|  0%| F|  |TAMS 0x0000000705a00000| PB 0x0000000705a00000| Untracked 
|  46|0x0000000705c00000, 0x0000000705c00000, 0x0000000705e00000|  0%| F|  |TAMS 0x0000000705c00000| PB 0x0000000705c00000| Untracked 
|  47|0x0000000705e00000, 0x0000000705e00000, 0x0000000706000000|  0%| F|  |TAMS 0x0000000705e00000| PB 0x0000000705e00000| Untracked 
|  48|0x0000000706000000, 0x0000000706000000, 0x0000000706200000|  0%| F|  |TAMS 0x0000000706000000| PB 0x0000000706000000| Untracked 
|  49|0x0000000706200000, 0x0000000706200000, 0x0000000706400000|  0%| F|  |TAMS 0x0000000706200000| PB 0x0000000706200000| Untracked 
|  50|0x0000000706400000, 0x0000000706400000, 0x0000000706600000|  0%| F|  |TAMS 0x0000000706400000| PB 0x0000000706400000| Untracked 
|  51|0x0000000706600000, 0x0000000706600000, 0x0000000706800000|  0%| F|  |TAMS 0x0000000706600000| PB 0x0000000706600000| Untracked 
|  52|0x0000000706800000, 0x0000000706800000, 0x0000000706a00000|  0%| F|  |TAMS 0x0000000706800000| PB 0x0000000706800000| Untracked 
|  53|0x0000000706a00000, 0x0000000706a00000, 0x0000000706c00000|  0%| F|  |TAMS 0x0000000706a00000| PB 0x0000000706a00000| Untracked 
|  54|0x0000000706c00000, 0x0000000706c00000, 0x0000000706e00000|  0%| F|  |TAMS 0x0000000706c00000| PB 0x0000000706c00000| Untracked 
|  55|0x0000000706e00000, 0x0000000706e00000, 0x0000000707000000|  0%| F|  |TAMS 0x0000000706e00000| PB 0x0000000706e00000| Untracked 
|  56|0x0000000707000000, 0x0000000707000000, 0x0000000707200000|  0%| F|  |TAMS 0x0000000707000000| PB 0x0000000707000000| Untracked 
|  57|0x0000000707200000, 0x0000000707200000, 0x0000000707400000|  0%| F|  |TAMS 0x0000000707200000| PB 0x0000000707200000| Untracked 
|  58|0x0000000707400000, 0x0000000707400000, 0x0000000707600000|  0%| F|  |TAMS 0x0000000707400000| PB 0x0000000707400000| Untracked 
|  59|0x0000000707600000, 0x0000000707600000, 0x0000000707800000|  0%| F|  |TAMS 0x0000000707600000| PB 0x0000000707600000| Untracked 
|  60|0x0000000707800000, 0x0000000707800000, 0x0000000707a00000|  0%| F|  |TAMS 0x0000000707800000| PB 0x0000000707800000| Untracked 
|  61|0x0000000707a00000, 0x0000000707a00000, 0x0000000707c00000|  0%| F|  |TAMS 0x0000000707a00000| PB 0x0000000707a00000| Untracked 
|  62|0x0000000707c00000, 0x0000000707c00000, 0x0000000707e00000|  0%| F|  |TAMS 0x0000000707c00000| PB 0x0000000707c00000| Untracked 
|  63|0x0000000707e00000, 0x0000000707e00000, 0x0000000708000000|  0%| F|  |TAMS 0x0000000707e00000| PB 0x0000000707e00000| Untracked 
|  64|0x0000000708000000, 0x0000000708000000, 0x0000000708200000|  0%| F|  |TAMS 0x0000000708000000| PB 0x0000000708000000| Untracked 
|  65|0x0000000708200000, 0x0000000708200000, 0x0000000708400000|  0%| F|  |TAMS 0x0000000708200000| PB 0x0000000708200000| Untracked 
|  66|0x0000000708400000, 0x0000000708400000, 0x0000000708600000|  0%| F|  |TAMS 0x0000000708400000| PB 0x0000000708400000| Untracked 
|  67|0x0000000708600000, 0x0000000708600000, 0x0000000708800000|  0%| F|  |TAMS 0x0000000708600000| PB 0x0000000708600000| Untracked 
|  68|0x0000000708800000, 0x0000000708800000, 0x0000000708a00000|  0%| F|  |TAMS 0x0000000708800000| PB 0x0000000708800000| Untracked 
|  69|0x0000000708a00000, 0x0000000708a00000, 0x0000000708c00000|  0%| F|  |TAMS 0x0000000708a00000| PB 0x0000000708a00000| Untracked 
|  70|0x0000000708c00000, 0x0000000708c00000, 0x0000000708e00000|  0%| F|  |TAMS 0x0000000708c00000| PB 0x0000000708c00000| Untracked 
|  71|0x0000000708e00000, 0x0000000708e00000, 0x0000000709000000|  0%| F|  |TAMS 0x0000000708e00000| PB 0x0000000708e00000| Untracked 
|  72|0x0000000709000000, 0x0000000709000000, 0x0000000709200000|  0%| F|  |TAMS 0x0000000709000000| PB 0x0000000709000000| Untracked 
|  73|0x0000000709200000, 0x0000000709200000, 0x0000000709400000|  0%| F|  |TAMS 0x0000000709200000| PB 0x0000000709200000| Untracked 
|  74|0x0000000709400000, 0x0000000709400000, 0x0000000709600000|  0%| F|  |TAMS 0x0000000709400000| PB 0x0000000709400000| Untracked 
|  75|0x0000000709600000, 0x0000000709600000, 0x0000000709800000|  0%| F|  |TAMS 0x0000000709600000| PB 0x0000000709600000| Untracked 
|  76|0x0000000709800000, 0x0000000709800000, 0x0000000709a00000|  0%| F|  |TAMS 0x0000000709800000| PB 0x0000000709800000| Untracked 
|  77|0x0000000709a00000, 0x0000000709a00000, 0x0000000709c00000|  0%| F|  |TAMS 0x0000000709a00000| PB 0x0000000709a00000| Untracked 
|  78|0x0000000709c00000, 0x0000000709c00000, 0x0000000709e00000|  0%| F|  |TAMS 0x0000000709c00000| PB 0x0000000709c00000| Untracked 
|  79|0x0000000709e00000, 0x0000000709e00000, 0x000000070a000000|  0%| F|  |TAMS 0x0000000709e00000| PB 0x0000000709e00000| Untracked 
|  80|0x000000070a000000, 0x000000070a000000, 0x000000070a200000|  0%| F|  |TAMS 0x000000070a000000| PB 0x000000070a000000| Untracked 
|  81|0x000000070a200000, 0x000000070a200000, 0x000000070a400000|  0%| F|  |TAMS 0x000000070a200000| PB 0x000000070a200000| Untracked 
|  82|0x000000070a400000, 0x000000070a400000, 0x000000070a600000|  0%| F|  |TAMS 0x000000070a400000| PB 0x000000070a400000| Untracked 
|  83|0x000000070a600000, 0x000000070a600000, 0x000000070a800000|  0%| F|  |TAMS 0x000000070a600000| PB 0x000000070a600000| Untracked 
|  84|0x000000070a800000, 0x000000070a800000, 0x000000070aa00000|  0%| F|  |TAMS 0x000000070a800000| PB 0x000000070a800000| Untracked 
|  85|0x000000070aa00000, 0x000000070aa00000, 0x000000070ac00000|  0%| F|  |TAMS 0x000000070aa00000| PB 0x000000070aa00000| Untracked 
|  86|0x000000070ac00000, 0x000000070ac00000, 0x000000070ae00000|  0%| F|  |TAMS 0x000000070ac00000| PB 0x000000070ac00000| Untracked 
|  87|0x000000070ae00000, 0x000000070ae00000, 0x000000070b000000|  0%| F|  |TAMS 0x000000070ae00000| PB 0x000000070ae00000| Untracked 
|  88|0x000000070b000000, 0x000000070b000000, 0x000000070b200000|  0%| F|  |TAMS 0x000000070b000000| PB 0x000000070b000000| Untracked 
|  89|0x000000070b200000, 0x000000070b200000, 0x000000070b400000|  0%| F|  |TAMS 0x000000070b200000| PB 0x000000070b200000| Untracked 
|  90|0x000000070b400000, 0x000000070b400000, 0x000000070b600000|  0%| F|  |TAMS 0x000000070b400000| PB 0x000000070b400000| Untracked 
|  91|0x000000070b600000, 0x000000070b600000, 0x000000070b800000|  0%| F|  |TAMS 0x000000070b600000| PB 0x000000070b600000| Untracked 
|  92|0x000000070b800000, 0x000000070b800000, 0x000000070ba00000|  0%| F|  |TAMS 0x000000070b800000| PB 0x000000070b800000| Untracked 
|  93|0x000000070ba00000, 0x000000070ba00000, 0x000000070bc00000|  0%| F|  |TAMS 0x000000070ba00000| PB 0x000000070ba00000| Untracked 
|  94|0x000000070bc00000, 0x000000070bc00000, 0x000000070be00000|  0%| F|  |TAMS 0x000000070bc00000| PB 0x000000070bc00000| Untracked 
|  95|0x000000070be00000, 0x000000070be00000, 0x000000070c000000|  0%| F|  |TAMS 0x000000070be00000| PB 0x000000070be00000| Untracked 
|  96|0x000000070c000000, 0x000000070c000000, 0x000000070c200000|  0%| F|  |TAMS 0x000000070c000000| PB 0x000000070c000000| Untracked 
|  97|0x000000070c200000, 0x000000070c200000, 0x000000070c400000|  0%| F|  |TAMS 0x000000070c200000| PB 0x000000070c200000| Untracked 
|  98|0x000000070c400000, 0x000000070c494ac0, 0x000000070c600000| 29%| S|  |TAMS 0x000000070c400000| PB 0x000000070c400000| Complete 
|  99|0x000000070c600000, 0x000000070c800000, 0x000000070c800000|100%| S|  |TAMS 0x000000070c600000| PB 0x000000070c600000| Complete 
| 100|0x000000070c800000, 0x000000070ca00000, 0x000000070ca00000|100%| S|  |TAMS 0x000000070c800000| PB 0x000000070c800000| Complete 
| 101|0x000000070ca00000, 0x000000070cc00000, 0x000000070cc00000|100%| E|CS|TAMS 0x000000070ca00000| PB 0x000000070ca00000| Complete 
| 102|0x000000070cc00000, 0x000000070ce00000, 0x000000070ce00000|100%| E|CS|TAMS 0x000000070cc00000| PB 0x000000070cc00000| Complete 
| 103|0x000000070ce00000, 0x000000070d000000, 0x000000070d000000|100%| E|CS|TAMS 0x000000070ce00000| PB 0x000000070ce00000| Complete 
| 104|0x000000070d000000, 0x000000070d200000, 0x000000070d200000|100%| E|CS|TAMS 0x000000070d000000| PB 0x000000070d000000| Complete 
| 105|0x000000070d200000, 0x000000070d400000, 0x000000070d400000|100%| E|CS|TAMS 0x000000070d200000| PB 0x000000070d200000| Complete 
| 106|0x000000070d400000, 0x000000070d600000, 0x000000070d600000|100%| E|CS|TAMS 0x000000070d400000| PB 0x000000070d400000| Complete 
| 107|0x000000070d600000, 0x000000070d800000, 0x000000070d800000|100%| E|CS|TAMS 0x000000070d600000| PB 0x000000070d600000| Complete 
| 108|0x000000070d800000, 0x000000070da00000, 0x000000070da00000|100%| E|CS|TAMS 0x000000070d800000| PB 0x000000070d800000| Complete 
| 109|0x000000070da00000, 0x000000070dc00000, 0x000000070dc00000|100%| E|CS|TAMS 0x000000070da00000| PB 0x000000070da00000| Complete 
| 110|0x000000070dc00000, 0x000000070de00000, 0x000000070de00000|100%| E|CS|TAMS 0x000000070dc00000| PB 0x000000070dc00000| Complete 
| 111|0x000000070de00000, 0x000000070e000000, 0x000000070e000000|100%| E|CS|TAMS 0x000000070de00000| PB 0x000000070de00000| Complete 
| 112|0x000000070e000000, 0x000000070e200000, 0x000000070e200000|100%| E|CS|TAMS 0x000000070e000000| PB 0x000000070e000000| Complete 
| 113|0x000000070e200000, 0x000000070e400000, 0x000000070e400000|100%| E|CS|TAMS 0x000000070e200000| PB 0x000000070e200000| Complete 
| 114|0x000000070e400000, 0x000000070e600000, 0x000000070e600000|100%| E|CS|TAMS 0x000000070e400000| PB 0x000000070e400000| Complete 
| 115|0x000000070e600000, 0x000000070e800000, 0x000000070e800000|100%| E|CS|TAMS 0x000000070e600000| PB 0x000000070e600000| Complete 
| 116|0x000000070e800000, 0x000000070ea00000, 0x000000070ea00000|100%| E|CS|TAMS 0x000000070e800000| PB 0x000000070e800000| Complete 
| 117|0x000000070ea00000, 0x000000070ec00000, 0x000000070ec00000|100%| E|CS|TAMS 0x000000070ea00000| PB 0x000000070ea00000| Complete 
| 118|0x000000070ec00000, 0x000000070edf8de8, 0x000000070ee00000| 98%| E|CS|TAMS 0x000000070ec00000| PB 0x000000070ec00000| Complete 
| 119|0x000000070ee00000, 0x000000070f000000, 0x000000070f000000|100%| E|CS|TAMS 0x000000070ee00000| PB 0x000000070ee00000| Complete 
| 120|0x000000070f000000, 0x000000070f200000, 0x000000070f200000|100%| E|CS|TAMS 0x000000070f000000| PB 0x000000070f000000| Complete 
| 121|0x000000070f200000, 0x000000070f400000, 0x000000070f400000|100%| E|CS|TAMS 0x000000070f200000| PB 0x000000070f200000| Complete 
| 122|0x000000070f400000, 0x000000070f600000, 0x000000070f600000|100%| E|CS|TAMS 0x000000070f400000| PB 0x000000070f400000| Complete 
| 123|0x000000070f600000, 0x000000070f800000, 0x000000070f800000|100%| E|CS|TAMS 0x000000070f600000| PB 0x000000070f600000| Complete 
| 124|0x000000070f800000, 0x000000070fa00000, 0x000000070fa00000|100%| E|CS|TAMS 0x000000070f800000| PB 0x000000070f800000| Complete 
| 125|0x000000070fa00000, 0x000000070fc00000, 0x000000070fc00000|100%| E|CS|TAMS 0x000000070fa00000| PB 0x000000070fa00000| Complete 
| 126|0x000000070fc00000, 0x000000070fe00000, 0x000000070fe00000|100%| E|CS|TAMS 0x000000070fc00000| PB 0x000000070fc00000| Complete 
| 127|0x000000070fe00000, 0x0000000710000000, 0x0000000710000000|100%| E|CS|TAMS 0x000000070fe00000| PB 0x000000070fe00000| Complete 

Card table byte_map: [0x00000227a9210000,0x00000227a9a10000] _byte_map_base: 0x00000227a5a10000

Marking Bits: (CMBitMap*) 0x00000227ae2c1750
 Bits: [0x00000227aa210000, 0x00000227ae210000)

Polling page: 0x0000022790dc0000

Metaspace:

Usage:
  Non-class:     16.46 MB used.
      Class:      2.25 MB used.
       Both:     18.72 MB used.

Virtual space:
  Non-class space:       64.00 MB reserved,      16.62 MB ( 26%) committed,  1 nodes.
      Class space:        1.00 GB reserved,       2.38 MB ( <1%) committed,  1 nodes.
             Both:        1.06 GB reserved,      19.00 MB (  2%) committed. 

Chunk freelists:
   Non-Class:  3.23 MB
       Class:  1.64 MB
        Both:  4.88 MB

MaxMetaspaceSize: unlimited
CompressedClassSpaceSize: 1.00 GB
Initial GC threshold: 21.00 MB
Current GC threshold: 21.00 MB
CDS: on
MetaspaceReclaimPolicy: balanced
 - commit_granule_bytes: 65536.
 - commit_granule_words: 8192.
 - virtual_space_node_default_size: 8388608.
 - enlarge_chunks_in_place: 1.
 - new_chunks_are_fully_committed: 0.
 - uncommit_free_chunks: 1.
 - use_allocation_guard: 0.


Internal statistics:

num_allocs_failed_limit: 0.
num_arena_births: 262.
num_arena_deaths: 0.
num_vsnodes_births: 2.
num_vsnodes_deaths: 0.
num_space_committed: 304.
num_space_uncommitted: 0.
num_chunks_returned_to_freelist: 0.
num_chunks_taken_from_freelist: 814.
num_chunk_merges: 0.
num_chunk_splits: 572.
num_chunks_enlarged: 455.
num_inconsistent_stats: 0.

CodeHeap 'non-profiled nmethods': size=120000Kb used=1152Kb max_used=1152Kb free=118847Kb
 bounds [0x00000227a11a0000, 0x00000227a1410000, 0x00000227a86d0000]
CodeHeap 'profiled nmethods': size=120000Kb used=5092Kb max_used=5092Kb free=114907Kb
 bounds [0x00000227996d0000, 0x0000022799bd0000, 0x00000227a0c00000]
CodeHeap 'non-nmethods': size=5760Kb used=1497Kb max_used=1515Kb free=4262Kb
 bounds [0x00000227a0c00000, 0x00000227a0e70000, 0x00000227a11a0000]
 total_blobs=3153 nmethods=2635 adapters=429
 compilation: enabled
              stopped_count=0, restarted_count=0
 full_count=0

Compilation events (20 events):
Event: 2.819 Thread 0x00000227f6030b10 2629       4       org.springframework.asm.ClassReader::readUtf (161 bytes)
Event: 2.819 Thread 0x00000227f6039420 nmethod 2627 0x0000022799bc6e90 code [0x0000022799bc7020, 0x0000022799bc7178]
Event: 2.819 Thread 0x00000227f6039420 2628       3       org.springframework.core.annotation.RepeatableContainers$StandardRepeatableContainers::access$000 (4 bytes)
Event: 2.819 Thread 0x00000227f6039420 nmethod 2628 0x0000022799bc7210 code [0x0000022799bc73a0, 0x0000022799bc74a0]
Event: 2.819 Thread 0x00000227f6039420 2630       3       java.io.FileCleanable::register (49 bytes)
Event: 2.820 Thread 0x00000227f6039420 nmethod 2630 0x0000022799bc7510 code [0x0000022799bc7700, 0x0000022799bc7f60]
Event: 2.820 Thread 0x00000227f6039420 2631       3       java.io.FileDescriptor$1::getHandle (5 bytes)
Event: 2.820 Thread 0x00000227f6039420 nmethod 2631 0x0000022799bc8290 code [0x0000022799bc8420, 0x0000022799bc8538]
Event: 2.820 Thread 0x00000227f6039420 2632       3       java.nio.ByteBuffer::limit (6 bytes)
Event: 2.820 Thread 0x00000227f6039420 nmethod 2632 0x0000022799bc8610 code [0x0000022799bc87a0, 0x0000022799bc8968]
Event: 2.820 Thread 0x00000227f6039420 2634       3       java.nio.channels.spi.AbstractInterruptibleChannel::isOpen (13 bytes)
Event: 2.820 Thread 0x00000227f6039420 nmethod 2634 0x0000022799bc8a10 code [0x0000022799bc8ba0, 0x0000022799bc8d10]
Event: 2.820 Thread 0x00000227f6039420 2633       1       sun.nio.ch.NativeThread::currentNativeThread (2 bytes)
Event: 2.820 Thread 0x00000227f6039420 nmethod 2633 0x00000227a12bf990 code [0x00000227a12bfb00, 0x00000227a12bfbb0]
Event: 2.820 Thread 0x00000227f6039420 2635       1       org.springframework.core.annotation.AnnotationTypeMapping::getRoot (5 bytes)
Event: 2.821 Thread 0x00000227f6039420 nmethod 2635 0x00000227a12bfc90 code [0x00000227a12bfe00, 0x00000227a12bfed0]
Event: 2.822 Thread 0x00000227f6039420 2636       1       org.springframework.core.type.classreading.SimpleAnnotationMetadata::getAnnotations (5 bytes)
Event: 2.822 Thread 0x00000227f6039420 nmethod 2636 0x00000227a12bff90 code [0x00000227a12c0100, 0x00000227a12c01d0]
Event: 2.822 Thread 0x00000227f6039420 2637       3       sun.nio.fs.WindowsPath::isAbsolute (26 bytes)
Event: 2.822 Thread 0x00000227f6039420 nmethod 2637 0x0000022799bc8d90 code [0x0000022799bc8f20, 0x0000022799bc90e0]

GC Heap History (5 events):
Event: 0.847 GC heap before
{Heap before GC invocations=0 (full 0):
 garbage-first heap   total 262144K, used 20480K [0x0000000700000000, 0x0000000800000000)
  region size 2048K, 11 young (22528K), 0 survivors (0K)
 Metaspace       used 4120K, committed 4224K, reserved 1114112K
  class space    used 397K, committed 448K, reserved 1048576K
}
Event: 0.861 GC heap after
{Heap after GC invocations=1 (full 0):
 garbage-first heap   total 262144K, used 9728K [0x0000000700000000, 0x0000000800000000)
  region size 2048K, 2 young (4096K), 2 survivors (4096K)
 Metaspace       used 4120K, committed 4224K, reserved 1114112K
  class space    used 397K, committed 448K, reserved 1048576K
}
Event: 1.622 GC heap before
{Heap before GC invocations=1 (full 0):
 garbage-first heap   total 262144K, used 28160K [0x0000000700000000, 0x0000000800000000)
  region size 2048K, 11 young (22528K), 2 survivors (4096K)
 Metaspace       used 9520K, committed 9728K, reserved 1114112K
  class space    used 1106K, committed 1216K, reserved 1048576K
}
Event: 1.636 GC heap after
{Heap after GC invocations=2 (full 0):
 garbage-first heap   total 262144K, used 12020K [0x0000000700000000, 0x0000000800000000)
  region size 2048K, 1 young (2048K), 1 survivors (2048K)
 Metaspace       used 9520K, committed 9728K, reserved 1114112K
  class space    used 1106K, committed 1216K, reserved 1048576K
}
Event: 2.825 GC heap before
{Heap before GC invocations=2 (full 0):
 garbage-first heap   total 262144K, used 63220K [0x0000000700000000, 0x0000000800000000)
  region size 2048K, 27 young (55296K), 1 survivors (2048K)
 Metaspace       used 19166K, committed 19456K, reserved 1114112K
  class space    used 2307K, committed 2432K, reserved 1048576K
}

Dll operation events (10 events):
Event: 0.007 Loaded shared library C:\Users\riki\Documents\Workspace-24\Tools\Infrastructure\jdk-20.0.2\bin\java.dll
Event: 0.021 Loaded shared library C:\Users\riki\Documents\Workspace-24\Tools\Infrastructure\jdk-20.0.2\bin\jsvml.dll
Event: 0.145 Loaded shared library C:\Users\riki\Documents\Workspace-24\Tools\Infrastructure\jdk-20.0.2\bin\net.dll
Event: 0.147 Loaded shared library C:\Users\riki\Documents\Workspace-24\Tools\Infrastructure\jdk-20.0.2\bin\nio.dll
Event: 0.151 Loaded shared library C:\Users\riki\Documents\Workspace-24\Tools\Infrastructure\jdk-20.0.2\bin\zip.dll
Event: 0.195 Loaded shared library C:\Users\riki\Documents\Workspace-24\Tools\Infrastructure\jdk-20.0.2\bin\jimage.dll
Event: 0.317 Loaded shared library C:\Users\riki\Documents\Workspace-24\Tools\Infrastructure\jdk-20.0.2\bin\verify.dll
Event: 1.446 Loaded shared library C:\Users\riki\Documents\Workspace-24\Tools\Infrastructure\jdk-20.0.2\bin\management.dll
Event: 1.448 Loaded shared library C:\Users\riki\Documents\Workspace-24\Tools\Infrastructure\jdk-20.0.2\bin\management_ext.dll
Event: 1.800 Loaded shared library C:\Users\riki\Documents\Workspace-24\Tools\Infrastructure\jdk-20.0.2\bin\extnet.dll

Deoptimization events (20 events):
Event: 2.582 Thread 0x000002279165a110 DEOPT PACKING pc=0x00000227a11f411c sp=0x0000007a7c3fe390
Event: 2.582 Thread 0x000002279165a110 DEOPT UNPACKING pc=0x00000227a0c69d1c sp=0x0000007a7c3fe358 mode 2
Event: 2.584 Thread 0x000002279165a110 Uncommon trap: trap_request=0xffffff45 fr.pc=0x00000227a11e5bf0 relative=0x0000000000000770
Event: 2.584 Thread 0x000002279165a110 Uncommon trap: reason=unstable_if action=reinterpret pc=0x00000227a11e5bf0 method=java.util.zip.ZipCoder.hash(Ljava/lang/String;)I @ 23 c2
Event: 2.584 Thread 0x000002279165a110 DEOPT PACKING pc=0x00000227a11e5bf0 sp=0x0000007a7c3fe430
Event: 2.584 Thread 0x000002279165a110 DEOPT UNPACKING pc=0x00000227a0c69d1c sp=0x0000007a7c3fe2c8 mode 2
Event: 2.584 Thread 0x000002279165a110 Uncommon trap: trap_request=0xffffff45 fr.pc=0x00000227a11e3e90 relative=0x0000000000000510
Event: 2.584 Thread 0x000002279165a110 Uncommon trap: reason=unstable_if action=reinterpret pc=0x00000227a11e3e90 method=java.util.zip.ZipCoder.hash(Ljava/lang/String;)I @ 23 c2
Event: 2.584 Thread 0x000002279165a110 DEOPT PACKING pc=0x00000227a11e3e90 sp=0x0000007a7c3fe3b0
Event: 2.584 Thread 0x000002279165a110 DEOPT UNPACKING pc=0x00000227a0c69d1c sp=0x0000007a7c3fe2c8 mode 2
Event: 2.584 Thread 0x000002279165a110 Uncommon trap: trap_request=0xffffff45 fr.pc=0x00000227a11c2788 relative=0x0000000000000268
Event: 2.585 Thread 0x000002279165a110 Uncommon trap: reason=unstable_if action=reinterpret pc=0x00000227a11c2788 method=java.util.zip.ZipCoder.hash(Ljava/lang/String;)I @ 23 c2
Event: 2.585 Thread 0x000002279165a110 DEOPT PACKING pc=0x00000227a11c2788 sp=0x0000007a7c3fe330
Event: 2.585 Thread 0x000002279165a110 DEOPT UNPACKING pc=0x00000227a0c69d1c sp=0x0000007a7c3fe2c8 mode 2
Event: 2.697 Thread 0x000002279165a110 Uncommon trap: trap_request=0xffffff45 fr.pc=0x00000227a12b24c4 relative=0x0000000000000224
Event: 2.697 Thread 0x000002279165a110 Uncommon trap: reason=unstable_if action=reinterpret pc=0x00000227a12b24c4 method=java.util.StringTokenizer.skipDelimiters(I)I @ 64 c2
Event: 2.697 Thread 0x000002279165a110 DEOPT PACKING pc=0x00000227a12b24c4 sp=0x0000007a7c3fe390
Event: 2.697 Thread 0x000002279165a110 DEOPT UNPACKING pc=0x00000227a0c69d1c sp=0x0000007a7c3fe320 mode 2
Event: 2.813 Thread 0x00000227f7b899f0 DEOPT PACKING pc=0x0000022799b82ee7 sp=0x0000007a7defe760
Event: 2.813 Thread 0x00000227f7b899f0 DEOPT UNPACKING pc=0x00000227a0c6a4a3 sp=0x0000007a7defdc38 mode 0

Classes loaded (20 events):
Event: 2.577 Loading class jdk/xml/internal/XMLSecurityManager$Processor
Event: 2.577 Loading class jdk/xml/internal/XMLSecurityManager$Processor done
Event: 2.577 Loading class jdk/xml/internal/XMLSecurityManager$NameMap
Event: 2.578 Loading class jdk/xml/internal/XMLSecurityManager$NameMap done
Event: 2.578 Loading class jdk/xml/internal/JdkProperty
Event: 2.578 Loading class jdk/xml/internal/JdkProperty done
Event: 2.595 Loading class java/util/regex/Pattern$LazyLoop
Event: 2.595 Loading class java/util/regex/Pattern$Loop
Event: 2.595 Loading class java/util/regex/Pattern$Loop done
Event: 2.595 Loading class java/util/regex/Pattern$LazyLoop done
Event: 2.595 Loading class java/util/regex/Pattern$Prolog
Event: 2.595 Loading class java/util/regex/Pattern$Prolog done
Event: 2.717 Loading class java/beans/ConstructorProperties
Event: 2.718 Loading class java/beans/ConstructorProperties done
Event: 2.752 Loading class sun/text/resources/cldr/FormatData_en_US
Event: 2.752 Loading class sun/text/resources/cldr/FormatData_en_US done
Event: 2.775 Loading class java/io/CharArrayReader
Event: 2.775 Loading class java/io/CharArrayReader done
Event: 2.785 Loading class java/util/concurrent/atomic/AtomicReference
Event: 2.785 Loading class java/util/concurrent/atomic/AtomicReference done

Classes unloaded (0 events):
No events

Classes redefined (0 events):
No events

Internal exceptions (20 events):
Event: 2.820 Thread 0x00000227f7cb5bf0 Exception <a 'java/net/ConnectException'{0x000000070cb845d0}: Connection refused: connect> (0x000000070cb845d0) 
thrown [s\open\src\hotspot\share\prims\jni.cpp, line 538]
Event: 2.820 Thread 0x00000227f7cb5bf0 Exception <a 'java/net/ConnectException'{0x000000070cb84f58}: Connection refused: connect> (0x000000070cb84f58) 
thrown [s\open\src\hotspot\share\prims\jni.cpp, line 538]
Event: 2.821 Thread 0x00000227f7cb5bf0 Exception <a 'java/net/ConnectException'{0x000000070cb858e0}: Connection refused: connect> (0x000000070cb858e0) 
thrown [s\open\src\hotspot\share\prims\jni.cpp, line 538]
Event: 2.821 Thread 0x00000227f7cb5bf0 Exception <a 'java/net/ConnectException'{0x000000070cb86268}: Connection refused: connect> (0x000000070cb86268) 
thrown [s\open\src\hotspot\share\prims\jni.cpp, line 538]
Event: 2.821 Thread 0x00000227f7cb5bf0 Exception <a 'java/net/ConnectException'{0x000000070cb86bf0}: Connection refused: connect> (0x000000070cb86bf0) 
thrown [s\open\src\hotspot\share\prims\jni.cpp, line 538]
Event: 2.821 Thread 0x00000227f7cb5bf0 Exception <a 'java/net/ConnectException'{0x000000070cb87578}: Connection refused: connect> (0x000000070cb87578) 
thrown [s\open\src\hotspot\share\prims\jni.cpp, line 538]
Event: 2.821 Thread 0x00000227f7cb5bf0 Exception <a 'java/net/ConnectException'{0x000000070cb87f00}: Connection refused: connect> (0x000000070cb87f00) 
thrown [s\open\src\hotspot\share\prims\jni.cpp, line 538]
Event: 2.822 Thread 0x00000227f7cb5bf0 Exception <a 'java/net/ConnectException'{0x000000070cb88888}: Connection refused: connect> (0x000000070cb88888) 
thrown [s\open\src\hotspot\share\prims\jni.cpp, line 538]
Event: 2.822 Thread 0x00000227f7cb5bf0 Exception <a 'java/net/ConnectException'{0x000000070cb89210}: Connection refused: connect> (0x000000070cb89210) 
thrown [s\open\src\hotspot\share\prims\jni.cpp, line 538]
Event: 2.822 Thread 0x00000227f7cb5bf0 Exception <a 'java/net/ConnectException'{0x000000070cb89b98}: Connection refused: connect> (0x000000070cb89b98) 
thrown [s\open\src\hotspot\share\prims\jni.cpp, line 538]
Event: 2.822 Thread 0x00000227f7cb5bf0 Exception <a 'java/net/ConnectException'{0x000000070cb8a520}: Connection refused: connect> (0x000000070cb8a520) 
thrown [s\open\src\hotspot\share\prims\jni.cpp, line 538]
Event: 2.822 Thread 0x00000227f7cb5bf0 Exception <a 'java/net/ConnectException'{0x000000070cb8aea8}: Connection refused: connect> (0x000000070cb8aea8) 
thrown [s\open\src\hotspot\share\prims\jni.cpp, line 538]
Event: 2.822 Thread 0x00000227f7cb5bf0 Exception <a 'java/net/ConnectException'{0x000000070cb8b830}: Connection refused: connect> (0x000000070cb8b830) 
thrown [s\open\src\hotspot\share\prims\jni.cpp, line 538]
Event: 2.823 Thread 0x00000227f7cb5bf0 Exception <a 'java/net/ConnectException'{0x000000070cb8c1b8}: Connection refused: connect> (0x000000070cb8c1b8) 
thrown [s\open\src\hotspot\share\prims\jni.cpp, line 538]
Event: 2.823 Thread 0x00000227f7cb5bf0 Exception <a 'java/net/ConnectException'{0x000000070cb8cb40}: Connection refused: connect> (0x000000070cb8cb40) 
thrown [s\open\src\hotspot\share\prims\jni.cpp, line 538]
Event: 2.823 Thread 0x00000227f7cb5bf0 Exception <a 'java/net/ConnectException'{0x000000070cb8d4c8}: Connection refused: connect> (0x000000070cb8d4c8) 
thrown [s\open\src\hotspot\share\prims\jni.cpp, line 538]
Event: 2.823 Thread 0x00000227f7cb5bf0 Exception <a 'java/net/ConnectException'{0x000000070cb8de50}: Connection refused: connect> (0x000000070cb8de50) 
thrown [s\open\src\hotspot\share\prims\jni.cpp, line 538]
Event: 2.823 Thread 0x00000227f7cb5bf0 Exception <a 'java/net/ConnectException'{0x000000070cb8e7d8}: Connection refused: connect> (0x000000070cb8e7d8) 
thrown [s\open\src\hotspot\share\prims\jni.cpp, line 538]
Event: 2.823 Thread 0x00000227f7cb5bf0 Exception <a 'java/net/ConnectException'{0x000000070cb8f160}: Connection refused: connect> (0x000000070cb8f160) 
thrown [s\open\src\hotspot\share\prims\jni.cpp, line 538]
Event: 2.823 Thread 0x00000227f7cb5bf0 Exception <a 'java/net/ConnectException'{0x000000070cb8fae8}: Connection refused: connect> (0x000000070cb8fae8) 
thrown [s\open\src\hotspot\share\prims\jni.cpp, line 538]

VM Operations (20 events):
Event: 1.681 Executing VM operation: HandshakeAllThreads done
Event: 1.860 Executing VM operation: HandshakeAllThreads
Event: 1.860 Executing VM operation: HandshakeAllThreads done
Event: 2.044 Executing VM operation: HandshakeAllThreads
Event: 2.044 Executing VM operation: HandshakeAllThreads done
Event: 2.190 Executing VM operation: HandshakeAllThreads
Event: 2.190 Executing VM operation: HandshakeAllThreads done
Event: 2.376 Executing VM operation: HandshakeAllThreads
Event: 2.376 Executing VM operation: HandshakeAllThreads done
Event: 2.383 Executing VM operation: ICBufferFull
Event: 2.386 Executing VM operation: ICBufferFull done
Event: 2.412 Executing VM operation: HandshakeAllThreads
Event: 2.412 Executing VM operation: HandshakeAllThreads done
Event: 2.456 Executing VM operation: HandshakeAllThreads
Event: 2.456 Executing VM operation: HandshakeAllThreads done
Event: 2.520 Executing VM operation: HandshakeAllThreads
Event: 2.520 Executing VM operation: HandshakeAllThreads done
Event: 2.564 Executing VM operation: HandshakeAllThreads
Event: 2.564 Executing VM operation: HandshakeAllThreads done
Event: 2.823 Executing VM operation: G1CollectForAllocation

Events (14 events):
Event: 0.021 Thread 0x000002279165a110 Thread added: 0x000002279165a110
Event: 0.045 Thread 0x00000227f60211f0 Thread added: 0x00000227f60211f0
Event: 0.045 Thread 0x00000227f6021ff0 Thread added: 0x00000227f6021ff0
Event: 0.045 Thread 0x00000227f6027290 Thread added: 0x00000227f6027290
Event: 0.045 Thread 0x00000227f6029e40 Thread added: 0x00000227f6029e40
Event: 0.046 Thread 0x00000227f602a780 Thread added: 0x00000227f602a780
Event: 0.046 Thread 0x00000227f602b420 Thread added: 0x00000227f602b420
Event: 0.046 Thread 0x00000227f6030b10 Thread added: 0x00000227f6030b10
Event: 0.046 Thread 0x00000227f6039420 Thread added: 0x00000227f6039420
Event: 0.131 Thread 0x00000227f6284640 Thread added: 0x00000227f6284640
Event: 0.137 Thread 0x00000227f629e470 Thread added: 0x00000227f629e470
Event: 0.189 Thread 0x00000227f62aea60 Thread added: 0x00000227f62aea60
Event: 1.791 Thread 0x00000227f7cb5bf0 Thread added: 0x00000227f7cb5bf0
Event: 1.835 Thread 0x00000227f7b899f0 Thread added: 0x00000227f7b899f0


Dynamic libraries:
0x00007ff710dd0000 - 0x00007ff710de0000 	C:\Users\riki\Documents\Workspace-24\Tools\Infrastructure\jdk-20.0.2\bin\javaw.exe
0x00007fff1b680000 - 0x00007fff1ba84000 	C:\Windows\SYSTEM32\ntdll.dll
0x00007fff1ade0000 - 0x00007fff1aede000 	C:\Windows\System32\xtajit64.dll
0x00007fff17af0000 - 0x00007fff17c53000 	C:\Windows\System32\KERNEL32.DLL
0x00007fff173a0000 - 0x00007fff179e1000 	C:\Windows\System32\KERNELBASE.dll
0x00007fff16630000 - 0x00007fff16726000 	C:\Windows\SYSTEM32\apphelp.dll
0x00007fff16c50000 - 0x00007fff16e41000 	C:\Windows\System32\ucrtbase.dll
0x00007fff0c470000 - 0x00007fff0c489000 	C:\Users\riki\Documents\Workspace-24\Tools\Infrastructure\jdk-20.0.2\bin\jli.dll
0x00007fff1aca0000 - 0x00007fff1adda000 	C:\Windows\System32\ADVAPI32.dll
0x00007fff1ab40000 - 0x00007fff1ac84000 	C:\Windows\System32\msvcrt.dll
0x00007fff192e0000 - 0x00007fff19407000 	C:\Windows\System32\sechost.dll
0x00007fff17f30000 - 0x00007fff18150000 	C:\Windows\System32\RPCRT4.dll
0x00007fff1a6f0000 - 0x00007fff1a952000 	C:\Windows\System32\USER32.dll
0x00007fff179f0000 - 0x00007fff17a4c000 	C:\Windows\System32\win32u.dll
0x00007fff19540000 - 0x00007fff1959c000 	C:\Windows\System32\GDI32.dll
0x00007fff170e0000 - 0x00007fff172cd000 	C:\Windows\System32\gdi32full.dll
0x00007fff16f90000 - 0x00007fff170d3000 	C:\Windows\System32\msvcp_win.dll
0x00007fff0c120000 - 0x00007fff0c13b000 	C:\Users\riki\Documents\Workspace-24\Tools\Infrastructure\jdk-20.0.2\bin\VCRUNTIME140.dll
0x00007fff15090000 - 0x00007fff1550a000 	C:\Windows\WinSxS\arm64_microsoft.windows.common-controls_6595b64144ccf1df_6.0.22621.2506_none_270c5a477388e244\COMCTL32.dll
0x00007fff01cb0000 - 0x00007fff01cc5000 	C:\Windows\SYSTEM32\VERSION.dll
0x00007fff17a90000 - 0x00007fff17ae2000 	C:\Windows\System32\IMM32.DLL
0x00007fff0e620000 - 0x00007fff0e62c000 	C:\Users\riki\Documents\Workspace-24\Tools\Infrastructure\jdk-20.0.2\bin\vcruntime140_1.dll
0x00007ffef89a0000 - 0x00007ffef8a2e000 	C:\Users\riki\Documents\Workspace-24\Tools\Infrastructure\jdk-20.0.2\bin\msvcp140.dll
0x00007ffec6420000 - 0x00007ffec70b8000 	C:\Users\riki\Documents\Workspace-24\Tools\Infrastructure\jdk-20.0.2\bin\server\jvm.dll
0x00007fff0c370000 - 0x00007fff0c382000 	C:\Windows\SYSTEM32\WSOCK32.dll
0x00007fff18150000 - 0x00007fff18214000 	C:\Windows\System32\WS2_32.dll
0x00007fff098e0000 - 0x00007fff0993e000 	C:\Windows\SYSTEM32\WINMM.dll
0x00007fff141e0000 - 0x00007fff1420d000 	C:\Windows\SYSTEM32\kernel.appcore.dll
0x00007fff0d060000 - 0x00007fff0d06a000 	C:\Users\riki\Documents\Workspace-24\Tools\Infrastructure\jdk-20.0.2\bin\jimage.dll
0x00007fff15bf0000 - 0x00007fff1600e000 	C:\Windows\SYSTEM32\DBGHELP.DLL
0x00007fff19cf0000 - 0x00007fff1a38f000 	C:\Windows\System32\combase.dll
0x00007fff1a490000 - 0x00007fff1a631000 	C:\Windows\System32\OLEAUT32.dll
0x00007fff159e0000 - 0x00007fff15a3c000 	C:\Windows\SYSTEM32\dbgcore.DLL
0x00007fff172d0000 - 0x00007fff1739a000 	C:\Windows\System32\bcryptPrimitives.dll
0x00007fff0c0f0000 - 0x00007fff0c116000 	C:\Users\riki\Documents\Workspace-24\Tools\Infrastructure\jdk-20.0.2\bin\java.dll
0x00007ffef88c0000 - 0x00007ffef8997000 	C:\Users\riki\Documents\Workspace-24\Tools\Infrastructure\jdk-20.0.2\bin\jsvml.dll
0x00007fff18220000 - 0x00007fff192da000 	C:\Windows\System32\SHELL32.dll
0x00007fff11db0000 - 0x00007fff13121000 	C:\Windows\SYSTEM32\windows.storage.dll
0x00007fff11b30000 - 0x00007fff11da3000 	C:\Windows\SYSTEM32\wintypes.dll
0x00007fff1b440000 - 0x00007fff1b633000 	C:\Windows\System32\SHCORE.dll
0x00007fff1a640000 - 0x00007fff1a6e7000 	C:\Windows\System32\shlwapi.dll
0x00007fff16b50000 - 0x00007fff16b94000 	C:\Windows\SYSTEM32\profapi.dll
0x00007fff0b5e0000 - 0x00007fff0b5f3000 	C:\Users\riki\Documents\Workspace-24\Tools\Infrastructure\jdk-20.0.2\bin\net.dll
0x00007fff0c4c0000 - 0x00007fff0c6cf000 	C:\Windows\SYSTEM32\WINHTTP.dll
0x00007fff14870000 - 0x00007fff14933000 	C:\Windows\system32\mswsock.dll
0x00007ffefe4b0000 - 0x00007ffefe4c6000 	C:\Users\riki\Documents\Workspace-24\Tools\Infrastructure\jdk-20.0.2\bin\nio.dll
0x00007ffefdbf0000 - 0x00007ffefdc08000 	C:\Users\riki\Documents\Workspace-24\Tools\Infrastructure\jdk-20.0.2\bin\zip.dll
0x00007fff0c0e0000 - 0x00007fff0c0f0000 	C:\Users\riki\Documents\Workspace-24\Tools\Infrastructure\jdk-20.0.2\bin\verify.dll
0x00007fff0b5d0000 - 0x00007fff0b5da000 	C:\Users\riki\Documents\Workspace-24\Tools\Infrastructure\jdk-20.0.2\bin\management.dll
0x00007fff06200000 - 0x00007fff0620b000 	C:\Users\riki\Documents\Workspace-24\Tools\Infrastructure\jdk-20.0.2\bin\management_ext.dll
0x00007fff1a420000 - 0x00007fff1a42e000 	C:\Windows\System32\PSAPI.DLL
0x00007ffee5af0000 - 0x00007ffee5b1c000 	C:\Windows\system32\napinsp.dll
0x00007ffee5b20000 - 0x00007ffee5b53000 	C:\Windows\system32\pnrpnsp.dll
0x00007ffee5b60000 - 0x00007ffee5b9e000 	C:\Windows\system32\nlansp_c.dll
0x00007fff136c0000 - 0x00007fff13870000 	C:\Windows\SYSTEM32\DNSAPI.dll
0x00007fff13660000 - 0x00007fff136b3000 	C:\Windows\SYSTEM32\IPHLPAPI.DLL
0x00007fff1ac90000 - 0x00007fff1aca0000 	C:\Windows\System32\NSI.dll
0x00007ffee5ba0000 - 0x00007ffee5bc0000 	C:\Windows\System32\winrnr.dll
0x00007ffeeb620000 - 0x00007ffeeb64b000 	C:\Windows\system32\wshbth.dll
0x00007fff07630000 - 0x00007fff07642000 	C:\Windows\System32\rasadhlp.dll
0x00007fff08cc0000 - 0x00007fff08dab000 	C:\Windows\System32\fwpuclnt.dll
0x00007ffefe510000 - 0x00007ffefe517000 	C:\Users\riki\Documents\Workspace-24\Tools\Infrastructure\jdk-20.0.2\bin\extnet.dll

dbghelp: loaded successfully - version: 4.0.5 - missing functions: none
symbol engine: initialized successfully - sym options: 0x614 - pdb path: .;C:\Users\riki\Documents\Workspace-24\Tools\Infrastructure\jdk-20.0.2\bin;C:\Windows\SYSTEM32;C:\Windows\WinSxS\arm64_microsoft.windows.common-controls_6595b64144ccf1df_6.0.22621.2506_none_270c5a477388e244;C:\Users\riki\Documents\Workspace-24\Tools\Infrastructure\jdk-20.0.2\bin\server

VM Arguments:
jvm_args: -ea -ea -Dfile.encoding=utf-8 -Dstdout.encoding=utf-8 -Dstderr.encoding=utf-8 -XX:+ShowCodeDetailsInExceptionMessages 
java_command: acme.Launcher --platform testing --launcher tester#recorder
java_class_path (initial): C:\Users\riki\Documents\Workspace-24\Projects\Acme-SF-D04\target\test-classes;C:\Users\riki\Documents\Workspace-24\Projects\Acme-SF-D04\target\classes;C:\Users\riki\Documents\Workspace-24\Frameworks\Acme-Framework-24.4.0\target\classes;C:\Users\riki\Documents\Workspace-24\Frameworks\Acme-Framework-24.4.0\target\test-classes;C:\Users\riki\.m2\repository\org\springframework\boot\spring-boot-starter-tomcat\2.7.15\spring-boot-starter-tomcat-2.7.15.jar;C:\Users\riki\.m2\repository\jakarta\annotation\jakarta.annotation-api\1.3.5\jakarta.annotation-api-1.3.5.jar;C:\Users\riki\.m2\repository\org\apache\tomcat\embed\tomcat-embed-core\9.0.79\tomcat-embed-core-9.0.79.jar;C:\Users\riki\.m2\repository\org\apache\tomcat\embed\tomcat-embed-el\9.0.79\tomcat-embed-el-9.0.79.jar;C:\Users\riki\.m2\repository\org\apache\tomcat\embed\tomcat-embed-websocket\9.0.79\tomcat-embed-websocket-9.0.79.jar;C:\Users\riki\.m2\repository\org\apache\tomcat\embed\tomcat-embed-jasper\9.0.79\tomcat-embed-jasper-9.0.79.jar;C:\Users\riki\.m2\repository\org\eclipse\jdt\ecj\3.26.0\ecj-3.26.0.jar;C:\Users\riki\.m2\repository\javax\servlet\jstl\1.2\jstl-1.2.jar;C:\Users\riki\.m2\repository\org\springframework\security\spring-security-web\5.7.10\spring-security-web-5.7.10.jar;C:\Users\riki\.m2\repository\org\springframework\security\spring-security-core\5.7.10\spring-security-core-5.7.10.jar;C:\Users\riki\.m2\repository\org\springframework\security\spring-security-crypto\5.7.10\spring-security-crypto-5.7.10.jar;C:\Users\riki\.m2\repository\org\springframework\spring-core\5.3.29\spring-core-5.3.29.jar;C:\Users\riki\.m2\repository\org\springframework\spring-jcl\5.3.29\spring-jcl-5.3.29.jar;C:\Users\riki\.m2\repository\org\springframework\spring-aop\5.3.29\spring-aop-5.3.29.jar;C:\Users\riki\.m2\repository\org\springframework\spring-beans\5.3.29\spring-beans-5.3.29.jar;C:\Users\riki\.m2\repository\org\springframework\spring-context\5.3.29\spring-context-5.3.29.jar;C:\Users\riki\.m2\repository\org\springframework\spring-expression\5.3.29\spring-expression-5.3.29.jar;C:\Users\riki\.m2\repository\org\springframework\spring-web\5.3.29\spring-web-5.3.29.jar;C:\Users\riki\.m2\repository\org\springframework\security\spring-security-config\5.7.10\spring-security-config-5.7.10.jar;C:\Users\riki\.m2\repository\org\springframework\security\spring-security-taglibs\5.7.10\spring-security-taglibs-5.7.10.jar;C:\Users\riki\.m2\repository\org\springframework\security\spring-security-acl\5.7.10\spring-security-acl-5.7.10.jar;C:\Users\riki\.m2\repository\org\springframework\spring-jdbc\5.3.29\spring-jdbc-5.3.29.jar;C:\Users\riki\.m2\repository\org\springframework\spring-tx\5.3.29\spring-tx-5.3.29.jar;C:\Users\riki\.m2\repository\org\springframework\boot\spring-boot-starter-web\2.7.15\spring-boot-starter-web-2.7.15.jar;C:\Users\riki\.m2\repository\org\springframework\boot\spring-boot-starter\2.7.15\spring-boot-starter-2.7.15.jar;C:\Users\riki\.m2\repository\org\springframework\boot\spring-boot\2.7.15\spring-boot-2.7.15.jar;C:\Users\riki\.m2\repository\org\springframework\boot\spring-boot-autoconfigure\2.7.15\spring-boot-autoconfigure-2.7.15.jar;C:\Users\riki\.m2\repository\org\springframework\boot\spring-boot-starter-logging\2.7.15\spring-boot-starter-logging-2.7.15.jar;C:\Users\riki\.m2\repository\ch\qos\logback\logback-classic\1.2.12\logback-classic-1.2.12.jar;C:\Users\riki\.m2\repository\org\apache\logging\log4j\log4j-to-slf4j\2.17.2\log4j-to-slf4j-2.17.2.jar;C:\Users\riki\.m2\repository\org\apache\logging\log4j\log4j-api\2.17.2\log4j-api-2.17.2.jar;C:\Users\riki\.m2\repository\org\slf4j\jul-to-slf4j\1.7.36\jul-to-slf4j-1.7.36.jar;C:\Users\riki\.m2\repository\org\yaml\snakeyaml\1.30\snakeyaml-1.30.jar;C:\Users\riki\.m2\repository\org\springframework\boot\spring-boot-starter-json\2.7.15\spring-boot-starter-json-2.7.15.jar;C:\Users\riki\.m2\repository\com\fasterxml\jackson\datatype\jackson-datatype-jdk8\2.13.5\jackson-datatype-jdk8-2.13.5.jar;C:\Users\riki\.m2\repository\com\fasterxml\jackson\datatype\jackson-datatype-jsr310\2.13.5\jackson-datatype-jsr310-2.13.5.jar;C:\Users\riki\.m2\repository\com\fasterxml\jackson\module\jackson-module-parameter-names\2.13.5\jackson-module-parameter-names-2.13.5.jar;C:\Users\riki\.m2\repository\org\springframework\spring-webmvc\5.3.29\spring-webmvc-5.3.29.jar;C:\Users\riki\.m2\repository\org\apache\tiles\tiles-jsp\3.0.8\tiles-jsp-3.0.8.jar;C:\Users\riki\.m2\repository\org\apache\tiles\tiles-servlet\3.0.8\tiles-servlet-3.0.8.jar;C:\Users\riki\.m2\repository\org\apache\tiles\tiles-core\3.0.8\tiles-core-3.0.8.jar;C:\Users\riki\.m2\repository\commons-digester\commons-digester\2.0\commons-digester-2.0.jar;C:\Users\riki\.m2\repository\org\apache\tiles\tiles-request-servlet\1.0.7\tiles-request-servlet-1.0.7.jar;C:\Users\riki\.m2\repository\org\apache\tiles\tiles-template\3.0.8\tiles-template-3.0.8.jar;C:\Users\riki\.m2\repository\org\apache\tiles\tiles-api\3.0.8\tiles-api-3.0.8.jar;C:\Users\riki\.m2\repository\org\apache\tiles\tiles-autotag-core-runtime\1.2\tiles-autotag-core-runtime-1.2.jar;C:\Users\riki\.m2\repository\org\slf4j\slf4j-api\1.7.36\slf4j-api-1.7.36.jar;C:\Users\riki\.m2\repository\org\apache\tiles\tiles-request-jsp\1.0.7\tiles-request-jsp-1.0.7.jar;C:\Users\riki\.m2\repository\org\apache\tiles\tiles-request-api\1.0.7\tiles-request-api-1.0.7.jar;C:\Users\riki\.m2\repository\org\springframework\boot\spring-boot-starter-data-jpa\2.7.15\spring-boot-starter-data-jpa-2.7.15.jar;C:\Users\riki\.m2\repository\org\springframework\boot\spring-boot-starter-aop\2.7.15\spring-boot-starter-aop-2.7.15.jar;C:\Users\riki\.m2\repository\org\aspectj\aspectjweaver\1.9.7\aspectjweaver-1.9.7.jar;C:\Users\riki\.m2\repository\org\springframework\boot\spring-boot-starter-jdbc\2.7.15\spring-boot-starter-jdbc-2.7.15.jar;C:\Users\riki\.m2\repository\jakarta\transaction\jakarta.transaction-api\1.3.3\jakarta.transaction-api-1.3.3.jar;C:\Users\riki\.m2\repository\jakarta\persistence\jakarta.persistence-api\2.2.3\jakarta.persistence-api-2.2.3.jar;C:\Users\riki\.m2\repository\org\springframework\data\spring-data-jpa\2.7.15\spring-data-jpa-2.7.15.jar;C:\Users\riki\.m2\repository\org\springframework\data\spring-data-commons\2.7.15\spring-data-commons-2.7.15.jar;C:\Users\riki\.m2\repository\org\springframework\spring-orm\5.3.29\spring-orm-5.3.29.jar;C:\Users\riki\.m2\repository\org\springframework\spring-aspects\5.3.29\spring-aspects-5.3.29.jar;C:\Users\riki\.m2\repository\org\hibernate\hibernate-core\5.4.29.Final\hibernate-core-5.4.29.Final.jar;C:\Users\riki\.m2\repository\org\jboss\logging\jboss-logging\3.4.3.Final\jboss-logging-3.4.3.Final.jar;C:\Users\riki\.m2\repository\javax\persistence\javax.persistence-api\2.2\javax.persistence-api-2.2.jar;C:\Users\riki\.m2\repository\org\javassist\javassist\3.27.0-GA\javassist-3.27.0-GA.jar;C:\Users\riki\.m2\repository\net\bytebuddy\byte-buddy\1.12.23\byte-buddy-1.12.23.jar;C:\Users\riki\.m2\repository\antlr\antlr\2.7.7\antlr-2.7.7.jar;C:\Users\riki\.m2\repository\org\jboss\spec\javax\transaction\jboss-transaction-api_1.2_spec\1.1.1.Final\jboss-transaction-api_1.2_spec-1.1.1.Final.jar;C:\Users\riki\.m2\repository\org\jboss\jandex\2.2.3.Final\jandex-2.2.3.Final.jar;C:\Users\riki\.m2\repository\com\fasterxml\classmate\1.5.1\classmate-1.5.1.jar;C:\Users\riki\.m2\repository\javax\activation\javax.activation-api\1.2.0\javax.activation-api-1.2.0.jar;C:\Users\riki\.m2\repository\org\dom4j\dom4j\2.1.3\dom4j-2.1.3.jar;C:\Users\riki\.m2\repository\org\hibernate\common\hibernate-commons-annotations\5.1.2.Final\hibernate-commons-annotations-5.1.2.Final.jar;C:\Users\riki\.m2\repository\javax\xml\bind\jaxb-api\2.3.1\jaxb-api-2.3.1.jar;C:\Users\riki\.m2\repository\org\glassfish\jaxb\jaxb-runtime\2.3.8\jaxb-runtime-2.3.8.jar;C:\Users\riki\.m2\repository\org\glassfish\jaxb\txw2\2.3.8\txw2-2.3.8.jar;C:\Users\riki\.m2\repository\com\sun\istack\istack-commons-runtime\3.0.12\istack-commons-runtime-3.0.12.jar;C:\Users\riki\.m2\repository\com\sun\activation\jakarta.activation\1.2.2\jakarta.activation-1.2.2.jar;C:\Users\riki\.m2\repository\org\springframework\boot\spring-boot-starter-validation\2.7.15\spring-boot-starter-validation-2.7.15.jar;C:\Users\riki\.m2\repository\org\hibernate\validator\hibernate-validator\6.2.5.Final\hibernate-validator-6.2.5.Final.jar;C:\Users\riki\.m2\repository\jakarta\validation\jakarta.validation-api\2.0.2\jakarta.validation-api-2.0.2.jar;C:\Users\riki\.m2\repository\org\mariadb\jdbc\mariadb-java-client\3.1.4\mariadb-java-client-3.1.4.jar;C:\Users\riki\.m2\repository\com\github\waffle\waffle-jna\3.2.0\waffle-jna-3.2.0.jar;C:\Users\riki\.m2\repository\net\java\dev\jna\jna\5.12.1\jna-5.12.1.jar;C:\Users\riki\.m2\repository\net\java\dev\jna\jna-platform\5.12.1\jna-platform-5.12.1.jar;C:\Users\riki\.m2\repository\org\slf4j\jcl-over-slf4j\1.7.36\jcl-over-slf4j-1.7.36.jar;C:\Users\riki\.m2\repository\com\github\ben-manes\caffeine\caffeine\2.9.3\caffeine-2.9.3.jar;C:\Users\riki\.m2\repository\com\google\errorprone\error_prone_annotations\2.10.0\error_prone_annotations-2.10.0.jar;C:\Users\riki\.m2\repository\org\checkerframework\checker-qual\3.23.0\checker-qual-3.23.0.jar;C:\Users\riki\.m2\repository\com\zaxxer\HikariCP\4.0.3\HikariCP-4.0.3.jar;C:\Users\riki\.m2\repository\org\springframework\boot\spring-boot-starter-test\2.7.15\spring-boot-starter-test-2.7.15.jar;C:\Users\riki\.m2\repository\org\springframework\boot\spring-boot-test\2.7.15\spring-boot-test-2.7.15.jar;C:\Users\riki\.m2\repository\org\springframework\boot\spring-boot-test-autoconfigure\2.7.15\spring-boot-test-autoconfigure-2.7.15.jar;C:\Users\riki\.m2\repository\com\jayway\jsonpath\json-path\2.7.0\json-path-2.7.0.jar;C:\Users\riki\.m2\repository\net\minidev\json-smart\2.4.11\json-smart-2.4.11.jar;C:\Users\riki\.m2\repository\net\minidev\accessors-smart\2.4.11\accessors-smart-2.4.11.jar;C:\Users\riki\.m2\repository\org\ow2\asm\asm\9.3\asm-9.3.jar;C:\Users\riki\.m2\repository\jakarta\xml\bind\jakarta.xml.bind-api\2.3.3\jakarta.xml.bind-api-2.3.3.jar;C:\Users\riki\.m2\repository\jakarta\activation\jakarta.activation-api\1.2.2\jakarta.activation-api-1.2.2.jar;C:\Users\riki\.m2\repository\org\assertj\assertj-core\3.22.0\assertj-core-3.22.0.jar;C:\Users\riki\.m2\repository\org\hamcrest\hamcrest\2.2\hamcrest-2.2.jar;C:\Users\riki\.m2\repository\org\junit\jupiter\junit-jupiter\5.8.2\junit-jupiter-5.8.2.jar;C:\Users\riki\.m2\repository\org\mockito\mockito-core\4.5.1\mockito-core-4.5.1.jar;C:\Users\riki\.m2\repository\net\bytebuddy\byte-buddy-agent\1.12.23\byte-buddy-agent-1.12.23.jar;C:\Users\riki\.m2\repository\org\objenesis\objenesis\3.2\objenesis-3.2.jar;C:\Users\riki\.m2\repository\org\mockito\mockito-junit-jupiter\4.5.1\mockito-junit-jupiter-4.5.1.jar;C:\Users\riki\.m2\repository\org\skyscreamer\jsonassert\1.5.1\jsonassert-1.5.1.jar;C:\Users\riki\.m2\repository\com\vaadin\external\google\android-json\0.0.20131108.vaadin1\android-json-0.0.20131108.vaadin1.jar;C:\Users\riki\.m2\repository\org\springframework\spring-test\5.3.29\spring-test-5.3.29.jar;C:\Users\riki\.m2\repository\org\xmlunit\xmlunit-core\2.9.1\xmlunit-core-2.9.1.jar;C:\Users\riki\.m2\repository\org\junit\jupiter\junit-jupiter-engine\5.8.2\junit-jupiter-engine-5.8.2.jar;C:\Users\riki\.m2\repository\org\junit\platform\junit-platform-engine\1.8.2\junit-platform-engine-1.8.2.jar;C:\Users\riki\.m2\repository\org\apiguardian\apiguardian-api\1.1.2\apiguardian-api-1.1.2.jar;C:\Users\riki\.m2\repository\org\junit\jupiter\junit-jupiter-api\5.8.2\junit-jupiter-api-5.8.2.jar;C:\Users\riki\.m2\repository\org\opentest4j\opentest4j\1.2.0\opentest4j-1.2.0.jar;C:\Users\riki\.m2\repository\org\junit\platform\junit-platform-commons\1.8.2\junit-platform-commons-1.8.2.jar;C:\Users\riki\.m2\repository\org\junit\jupiter\junit-jupiter-params\5.8.2\junit-jupiter-params-5.8.2.jar;C:\Users\riki\.m2\repository\org\junit\platform\junit-platform-launcher\1.8.2\junit-platform-launcher-1.8.2.jar;C:\Users\riki\.m2\repository\org\seleniumhq\selenium\selenium-java\4.1.4\selenium-java-4.1.4.jar;C:\Users\riki\.m2\repository\org\seleniumhq\selenium\selenium-api\4.1.4\selenium-api-4.1.4.jar;C:\Users\riki\.m2\repository\org\seleniumhq\selenium\selenium-chrome-driver\4.1.4\selenium-chrome-driver-4.1.4.jar;C:\Users\riki\.m2\repository\com\google\auto\service\auto-service-annotations\1.0.1\auto-service-annotations-1.0.1.jar;C:\Users\riki\.m2\repository\com\google\auto\service\auto-service\1.0.1\auto-service-1.0.1.jar;C:\Users\riki\.m2\repository\com\google\auto\auto-common\1.2\auto-common-1.2.jar;C:\Users\riki\.m2\repository\com\google\guava\guava\31.1-jre\guava-31.1-jre.jar;C:\Users\riki\.m2\repository\com\google\guava\failureaccess\1.0.1\failureaccess-1.0.1.jar;C:\Users\riki\.m2\repository\com\google\guava\listenablefuture\9999.0-empty-to-avoid-conflict-with-guava\listenablefuture-9999.0-empty-to-avoid-conflict-with-guava.jar;C:\Users\riki\.m2\repository\com\google\code\findbugs\jsr305\3.0.2\jsr305-3.0.2.jar;C:\Users\riki\.m2\repository\com\google\j2objc\j2objc-annotations\1.3\j2objc-annotations-1.3.jar;C:\Users\riki\.m2\repository\org\seleniumhq\selenium\selenium-chromium-driver\4.1.4\selenium-chromium-driver-4.1.4.jar;C:\Users\riki\.m2\repository\org\seleniumhq\selenium\selenium-json\4.1.4\selenium-json-4.1.4.jar;C:\Users\riki\.m2\repository\org\seleniumhq\selenium\selenium-devtools-v100\4.1.4\selenium-devtools-v100-4.1.4.jar;C:\Users\riki\.m2\repository\org\seleniumhq\selenium\selenium-devtools-v101\4.1.4\selenium-devtools-v101-4.1.4.jar;C:\Users\riki\.m2\repository\org\seleniumhq\selenium\selenium-devtools-v85\4.1.4\selenium-devtools-v85-4.1.4.jar;C:\Users\riki\.m2\repository\org\seleniumhq\selenium\selenium-devtools-v99\4.1.4\selenium-devtools-v99-4.1.4.jar;C:\Users\riki\.m2\repository\org\seleniumhq\selenium\selenium-edge-driver\4.1.4\selenium-edge-driver-4.1.4.jar;C:\Users\riki\.m2\repository\org\seleniumhq\selenium\selenium-firefox-driver\4.1.4\selenium-firefox-driver-4.1.4.jar;C:\Users\riki\.m2\repository\org\seleniumhq\selenium\selenium-ie-driver\4.1.4\selenium-ie-driver-4.1.4.jar;C:\Users\riki\.m2\repository\org\seleniumhq\selenium\selenium-opera-driver\4.1.4\selenium-opera-driver-4.1.4.jar;C:\Users\riki\.m2\repository\org\seleniumhq\selenium\selenium-remote-driver\4.1.4\selenium-remote-driver-4.1.4.jar;C:\Users\riki\.m2\repository\com\beust\jcommander\1.82\jcommander-1.82.jar;C:\Users\riki\.m2\repository\io\netty\netty-buffer\4.1.97.Final\netty-buffer-4.1.97.Final.jar;C:\Users\riki\.m2\repository\io\netty\netty-codec-http\4.1.97.Final\netty-codec-http-4.1.97.Final.jar;C:\Users\riki\.m2\repository\io\netty\netty-codec\4.1.97.Final\netty-codec-4.1.97.Final.jar;C:\Users\riki\.m2\repository\io\netty\netty-handler\4.1.97.Final\netty-handler-4.1.97.Final.jar;C:\Users\riki\.m2\repository\io\netty\netty-common\4.1.97.Final\netty-common-4.1.97.Final.jar;C:\Users\riki\.m2\repository\io\netty\netty-transport-classes-epoll\4.1.97.Final\netty-transport-classes-epoll-4.1.97.Final.jar;C:\Users\riki\.m2\repository\io\netty\netty-transport-classes-kqueue\4.1.97.Final\netty-transport-classes-kqueue-4.1.97.Final.jar;C:\Users\riki\.m2\repository\io\netty\netty-transport-native-epoll\4.1.97.Final\netty-transport-native-epoll-4.1.97.Final.jar;C:\Users\riki\.m2\repository\io\netty\netty-transport-native-kqueue\4.1.97.Final\netty-transport-native-kqueue-4.1.97.Final.jar;C:\Users\riki\.m2\repository\io\netty\netty-transport-native-unix-common\4.1.97.Final\netty-transport-native-unix-common-4.1.97.Final.jar;C:\Users\riki\.m2\repository\io\netty\netty-transport\4.1.97.Final\netty-transport-4.1.97.Final.jar;C:\Users\riki\.m2\repository\io\netty\netty-resolver\4.1.97.Final\netty-resolver-4.1.97.Final.jar;C:\Users\riki\.m2\repository\io\opentelemetry\opentelemetry-api\1.13.0\opentelemetry-api-1.13.0.jar;C:\Users\riki\.m2\repository\io\opentelemetry\opentelemetry-context\1.13.0\opentelemetry-context-1.13.0.jar;C:\Users\riki\.m2\repository\io\opentelemetry\opentelemetry-exporter-logging\1.13.0\opentelemetry-exporter-logging-1.13.0.jar;C:\Users\riki\.m2\repository\io\opentelemetry\opentelemetry-sdk-metrics\1.13.0-alpha\opentelemetry-sdk-metrics-1.13.0-alpha.jar;C:\Users\riki\.m2\repository\io\opentelemetry\opentelemetry-sdk-logs\1.13.0-alpha\opentelemetry-sdk-logs-1.13.0-alpha.jar;C:\Users\riki\.m2\repository\io\opentelemetry\opentelemetry-sdk-common\1.13.0\opentelemetry-sdk-common-1.13.0.jar;C:\Users\riki\.m2\repository\io\opentelemetry\opentelemetry-sdk-extension-autoconfigure-spi\1.13.0\opentelemetry-sdk-extension-autoconfigure-spi-1.13.0.jar;C:\Users\riki\.m2\repository\io\opentelemetry\opentelemetry-sdk-extension-autoconfigure\1.13.0-alpha\opentelemetry-sdk-extension-autoconfigure-1.13.0-alpha.jar;C:\Users\riki\.m2\repository\io\opentelemetry\opentelemetry-sdk-trace\1.13.0\opentelemetry-sdk-trace-1.13.0.jar;C:\Users\riki\.m2\repository\io\opentelemetry\opentelemetry-sdk\1.13.0\opentelemetry-sdk-1.13.0.jar;C:\Users\riki\.m2\repository\io\opentelemetry\opentelemetry-semconv\1.13.0-alpha\opentelemetry-semconv-1.13.0-alpha.jar;C:\Users\riki\.m2\repository\io\ous\jtoml\2.0.0\jtoml-2.0.0.jar;C:\Users\riki\.m2\repository\org\apache\commons\commons-exec\1.3\commons-exec-1.3.jar;C:\Users\riki\.m2\repository\org\asynchttpclient\async-http-client\2.12.3\async-http-client-2.12.3.jar;C:\Users\riki\.m2\repository\org\asynchttpclient\async-http-client-netty-utils\2.12.3\async-http-client-netty-utils-2.12.3.jar;C:\Users\riki\.m2\repository\io\netty\netty-codec-socks\4.1.97.Final\netty-codec-socks-4.1.97.Final.jar;C:\Users\riki\.m2\repository\io\netty\netty-handler-proxy\4.1.97.Final\netty-handler-proxy-4.1.97.Final.jar;C:\Users\riki\.m2\repository\io\netty\netty-transport-native-epoll\4.1.97.Final\netty-transport-native-epoll-4.1.97.Final-linux-x86_64.jar;C:\Users\riki\.m2\repository\io\netty\netty-transport-native-kqueue\4.1.97.Final\netty-transport-native-kqueue-4.1.97.Final-osx-x86_64.jar;C:\Users\riki\.m2\repository\org\reactivestreams\reactive-streams\1.0.4\reactive-streams-1.0.4.jar;C:\Users\riki\.m2\repository\com\typesafe\netty\netty-reactive-streams\2.0.4\netty-reactive-streams-2.0.4.jar;C:\Users\riki\.m2\repository\org\seleniumhq\selenium\selenium-http\4.1.4\selenium-http-4.1.4.jar;C:\Users\riki\.m2\repository\dev\failsafe\failsafe\3.2.3\failsafe-3.2.3.jar;C:\Users\riki\.m2\repository\org\seleniumhq\selenium\selenium-safari-driver\4.1.4\selenium-safari-driver-4.1.4.jar;C:\Users\riki\.m2\repository\org\seleniumhq\selenium\selenium-support\4.1.4\selenium-support-4.1.4.jar;C:\Users\riki\.m2\repository\org\projectlombok\lombok\1.18.28\lombok-1.18.28.jar;C:\Users\riki\.m2\repository\org\jsoup\jsoup\1.16.1\jsoup-1.16.1.jar;C:\Users\riki\.m2\repository\ch\qos\logback\logback-access\1.2.12\logback-access-1.2.12.jar;C:\Users\riki\.m2\repository\ch\qos\logback\logback-core\1.2.12\logback-core-1.2.12.jar;C:\Users\riki\.m2\repository\org\apache\commons\commons-lang3\3.12.0\commons-lang3-3.12.0.jar;C:\Users\riki\.m2\repository\org\apache\commons\commons-text\1.10.0\commons-text-1.10.0.jar;C:\Users\riki\.m2\repository\commons-io\commons-io\2.13.0\commons-io-2.13.0.jar;C:\Users\riki\.m2\repository\commons-cli\commons-cli\1.5.0\commons-cli-1.5.0.jar;C:\Users\riki\.m2\repository\com\fasterxml\jackson\dataformat\jackson-dataformat-csv\2.13.5\jackson-dataformat-csv-2.13.5.jar;C:\Users\riki\.m2\repository\com\fasterxml\jackson\core\jackson-databind\2.13.5\jackson-databind-2.13.5.jar;C:\Users\riki\.m2\repository\com\fasterxml\jackson\core\jackson-annotations\2.13.5\jackson-annotations-2.13.5.jar;C:\Users\riki\.m2\repository\com\fasterxml\jackson\core\jackson-core\2.13.5\jackson-core-2.13.5.jar;C:\Users\riki\.m2\repository\com\opencsv\opencsv\5.8\opencsv-5.8.jar;C:\Users\riki\.m2\repository\commons-beanutils\commons-beanutils\1.9.4\commons-beanutils-1.9.4.jar;C:\Users\riki\.m2\repository\commons-logging\commons-logging\1.2\commons-logging-1.2.jar;C:\Users\riki\.m2\repository\commons-collections\commons-collections\3.2.2\commons-collections-3.2.2.jar;C:\Users\riki\.m2\repository\org\apache\commons\commons-collections4\4.4\commons-collections4-4.4.jar;C:\Users\riki\.m2\repository\de\vandermeer\asciitable\0.3.2\asciitable-0.3.2.jar;C:\Users\riki\.m2\repository\de\vandermeer\ascii-utf-themes\0.0.1\ascii-utf-themes-0.0.1.jar;C:\Users\riki\.m2\repository\de\vandermeer\skb-interfaces\0.0.1\skb-interfaces-0.0.1.jar;C:\Users\riki\.m2\repository\org\antlr\ST4\4.0.8\ST4-4.0.8.jar;C:\Users\riki\.m2\repository\org\antlr\antlr-runtime\3.5.2\antlr-runtime-3.5.2.jar;C:\Users\riki\.m2\repository\org\antlr\antlr4\4.5.1\antlr4-4.5.1.jar;C:\Users\riki\.m2\repository\de\vandermeer\char-translation\0.0.2\char-translation-0.0.2.jar
Launcher Type: SUN_STANDARD

[Global flags]
     intx CICompilerCount                          = 4                                         {product} {ergonomic}
     uint ConcGCThreads                            = 2                                         {product} {ergonomic}
     uint G1ConcRefinementThreads                  = 8                                         {product} {ergonomic}
   size_t G1HeapRegionSize                         = 2097152                                   {product} {ergonomic}
    uintx GCDrainStackTargetSize                   = 64                                        {product} {ergonomic}
   size_t InitialHeapSize                          = 268435456                                 {product} {ergonomic}
   size_t MarkStackSize                            = 4194304                                   {product} {ergonomic}
   size_t MaxHeapSize                              = 4294967296                                {product} {ergonomic}
   size_t MaxNewSize                               = 2575302656                                {product} {ergonomic}
   size_t MinHeapDeltaBytes                        = 2097152                                   {product} {ergonomic}
   size_t MinHeapSize                              = 8388608                                   {product} {ergonomic}
    uintx NonNMethodCodeHeapSize                   = 5839372                                {pd product} {ergonomic}
    uintx NonProfiledCodeHeapSize                  = 122909434                              {pd product} {ergonomic}
    uintx ProfiledCodeHeapSize                     = 122909434                              {pd product} {ergonomic}
    uintx ReservedCodeCacheSize                    = 251658240                              {pd product} {ergonomic}
     bool SegmentedCodeCache                       = true                                      {product} {ergonomic}
     bool ShowCodeDetailsInExceptionMessages       = true                                   {manageable} {command line}
   size_t SoftMaxHeapSize                          = 4294967296                             {manageable} {ergonomic}
     bool UseCompressedClassPointers               = true                           {product lp64_product} {ergonomic}
     bool UseCompressedOops                        = true                           {product lp64_product} {ergonomic}
     bool UseG1GC                                  = true                                      {product} {ergonomic}
     bool UseLargePagesIndividualAllocation        = false                                  {pd product} {ergonomic}

Logging:
Log output configuration:
 #0: stdout all=warning uptime,level,tags foldmultilines=false
 #1: stderr all=off uptime,level,tags foldmultilines=false

Environment Variables:
PATH=C:/Users/riki/Documents/Workspace-24/Tools/IDEs/eclipse-jee-2023-12R//plugins/org.eclipse.justj.openjdk.hotspot.jre.full.win32.x86_64_17.0.10.v20240120-1143/jre/bin/server;C:/Users/riki/Documents/Workspace-24/Tools/IDEs/eclipse-jee-2023-12R//plugins/org.eclipse.justj.openjdk.hotspot.jre.full.win32.x86_64_17.0.10.v20240120-1143/jre/bin;C:\Users\riki\Documents\Workspace-24\Tools\Infrastructure\jdk-20.0.2\bin;C:\Program Files\Firefox Developer Edition;C:\Users\riki\Documents\Workspace-24\Tools\Infrastructure\geckodriver-0.33.0;C:\Program Files (x86)\Common Files\Oracle\Java\javapath;C:\Program Files\Parallels\Parallels Tools\Applications;C:\Windows\system32;C:\Windows;C:\Windows\System32\Wbem;C:\Windows\System32\WindowsPowerShell\v1.0\;C:\Windows\System32\OpenSSH\;C:\Program Files\Git\cmd;C:\Users\riki\AppData\Local\Microsoft\WindowsApps;C:\Users\riki\AppData\Local\GitHubDesktop\bin;C:\Users\riki\Documents\Workspace-24\Tools\IDEs\eclipse-jee-2023-12R;
USERNAME=riki
OS=Windows_NT
PROCESSOR_IDENTIFIER=ARMv8 (64-bit) Family 8 Model 0 Revision   0,  
TMP=C:\Users\riki\AppData\Local\Temp
TEMP=C:\Users\riki\AppData\Local\Temp




---------------  S Y S T E M  ---------------

OS:
 Windows 11 , 64 bit Build 22621 (10.0.22621.2506)
OS uptime: 0 days 0:20 hours

CPU: total 8 (initial active 8) (8 cores per cpu, 1 threads per core) family 15 model 4 stepping 10 microcode 0x0, cx8, cmov, fxsr, mmx, 3dnowpref, sse, sse2, sse3, ssse3, sse4.1, sse4.2, popcnt, tsc, tscinvbit, aes, clmul, clflush, rdtscp

Memory: 4k page, system-wide physical 16378M (11114M free)
TotalPageFile size 17402M (AvailPageFile size 11988M)
current process WorkingSet (physical memory assigned to process): 226M, peak: 226M
current process commit charge ("private bytes"): 426M, peak: 426M

vm_info: Java HotSpot(TM) 64-Bit Server VM (20.0.2+9-78) for windows-amd64 JRE (20.0.2+9-78), built on 2023-06-14T10:08:48Z by "mach5one" with MS VC++ 17.1 (VS2022)

END.
